;  LST file generated by mikroListExporter - v.2.0 
; Date/Time: 18/11/2016 20:38:32
;----------------------------------------------

;Address Opcode 	ASM
0x0000	0x2B31      	GOTO       817
_Delay_1us:
;__Lib_Delays.c,7 :: 		void Delay_1us() {
;__Lib_Delays.c,8 :: 		Delay_us(1);
0x0003	0x0000      	NOP
0x0004	0x0000      	NOP
;__Lib_Delays.c,9 :: 		}
L_end_Delay_1us:
0x0005	0x0008      	RETURN
; end of _Delay_1us
_Delay_5500us:
;__Lib_Delays.c,31 :: 		void Delay_5500us() {
;__Lib_Delays.c,32 :: 		Delay_us(5500);
0x0006	0x300F      	MOVLW      15
0x0007	0x1283      	BCF        STATUS, 5
0x0008	0x1303      	BCF        STATUS, 6
0x0009	0x00FC      	MOVWF      R12
0x000A	0x3047      	MOVLW      71
0x000B	0x00FD      	MOVWF      R13
L_Delay_5500us5:
0x000C	0x0BFD      	DECFSZ     R13, 1
0x000D	0x280C      	GOTO       L_Delay_5500us5
0x000E	0x0BFC      	DECFSZ     R12, 1
0x000F	0x280C      	GOTO       L_Delay_5500us5
0x0010	0x0000      	NOP
0x0011	0x0000      	NOP
;__Lib_Delays.c,33 :: 		}
L_end_Delay_5500us:
0x0012	0x0008      	RETURN
; end of _Delay_5500us
_Delay_50us:
;__Lib_Delays.c,19 :: 		void Delay_50us() {
;__Lib_Delays.c,20 :: 		Delay_us(50);
0x0013	0x3021      	MOVLW      33
0x0014	0x1283      	BCF        STATUS, 5
0x0015	0x1303      	BCF        STATUS, 6
0x0016	0x00FD      	MOVWF      R13
L_Delay_50us2:
0x0017	0x0BFD      	DECFSZ     R13, 1
0x0018	0x2817      	GOTO       L_Delay_50us2
;__Lib_Delays.c,21 :: 		}
L_end_Delay_50us:
0x0019	0x0008      	RETURN
; end of _Delay_50us
_Lcd_Cmd:
;__Lib_Lcd.c,18 :: 		
;__Lib_Lcd.c,20 :: 		
0x001A	0x1283      	BCF        STATUS, 5
0x001B	0x1303      	BCF        STATUS, 6
0x001C	0x1BBD      	BTFSC      FARG_Lcd_Cmd_out_char, 7
0x001D	0x2820      	GOTO       L__Lcd_Cmd21
0x001E	0x1186      	BCF        LCD_D7, BitPos(LCD_D7+0)
0x001F	0x2821      	GOTO       L__Lcd_Cmd22
L__Lcd_Cmd21:
0x0020	0x1586      	BSF        LCD_D7, BitPos(LCD_D7+0)
L__Lcd_Cmd22:
;__Lib_Lcd.c,21 :: 		
0x0021	0x1B3D      	BTFSC      FARG_Lcd_Cmd_out_char, 6
0x0022	0x2825      	GOTO       L__Lcd_Cmd23
0x0023	0x1106      	BCF        LCD_D6, BitPos(LCD_D6+0)
0x0024	0x2826      	GOTO       L__Lcd_Cmd24
L__Lcd_Cmd23:
0x0025	0x1506      	BSF        LCD_D6, BitPos(LCD_D6+0)
L__Lcd_Cmd24:
;__Lib_Lcd.c,22 :: 		
0x0026	0x1ABD      	BTFSC      FARG_Lcd_Cmd_out_char, 5
0x0027	0x282A      	GOTO       L__Lcd_Cmd25
0x0028	0x1086      	BCF        LCD_D5, BitPos(LCD_D5+0)
0x0029	0x282B      	GOTO       L__Lcd_Cmd26
L__Lcd_Cmd25:
0x002A	0x1486      	BSF        LCD_D5, BitPos(LCD_D5+0)
L__Lcd_Cmd26:
;__Lib_Lcd.c,23 :: 		
0x002B	0x1A3D      	BTFSC      FARG_Lcd_Cmd_out_char, 4
0x002C	0x282F      	GOTO       L__Lcd_Cmd27
0x002D	0x1006      	BCF        LCD_D4, BitPos(LCD_D4+0)
0x002E	0x2830      	GOTO       L__Lcd_Cmd28
L__Lcd_Cmd27:
0x002F	0x1406      	BSF        LCD_D4, BitPos(LCD_D4+0)
L__Lcd_Cmd28:
;__Lib_Lcd.c,25 :: 		
0x0030	0x1831      	BTFSC      __Lib_Lcd_cmd_status, BitPos(__Lib_Lcd_cmd_status+0)
0x0031	0x2834      	GOTO       L__Lcd_Cmd29
0x0032	0x1606      	BSF        LCD_RS, BitPos(LCD_RS+0)
0x0033	0x2835      	GOTO       L__Lcd_Cmd30
L__Lcd_Cmd29:
0x0034	0x1206      	BCF        LCD_RS, BitPos(LCD_RS+0)
L__Lcd_Cmd30:
;__Lib_Lcd.c,28 :: 		
0x0035	0x1686      	BSF        LCD_EN, BitPos(LCD_EN+0)
;__Lib_Lcd.c,29 :: 		
0x0036	0x2003      	CALL       _Delay_1us
;__Lib_Lcd.c,30 :: 		
0x0037	0x1286      	BCF        LCD_EN, BitPos(LCD_EN+0)
;__Lib_Lcd.c,33 :: 		
0x0038	0x19BD      	BTFSC      FARG_Lcd_Cmd_out_char, 3
0x0039	0x283C      	GOTO       L__Lcd_Cmd31
0x003A	0x1186      	BCF        LCD_D7, BitPos(LCD_D7+0)
0x003B	0x283D      	GOTO       L__Lcd_Cmd32
L__Lcd_Cmd31:
0x003C	0x1586      	BSF        LCD_D7, BitPos(LCD_D7+0)
L__Lcd_Cmd32:
;__Lib_Lcd.c,34 :: 		
0x003D	0x193D      	BTFSC      FARG_Lcd_Cmd_out_char, 2
0x003E	0x2841      	GOTO       L__Lcd_Cmd33
0x003F	0x1106      	BCF        LCD_D6, BitPos(LCD_D6+0)
0x0040	0x2842      	GOTO       L__Lcd_Cmd34
L__Lcd_Cmd33:
0x0041	0x1506      	BSF        LCD_D6, BitPos(LCD_D6+0)
L__Lcd_Cmd34:
;__Lib_Lcd.c,35 :: 		
0x0042	0x18BD      	BTFSC      FARG_Lcd_Cmd_out_char, 1
0x0043	0x2846      	GOTO       L__Lcd_Cmd35
0x0044	0x1086      	BCF        LCD_D5, BitPos(LCD_D5+0)
0x0045	0x2847      	GOTO       L__Lcd_Cmd36
L__Lcd_Cmd35:
0x0046	0x1486      	BSF        LCD_D5, BitPos(LCD_D5+0)
L__Lcd_Cmd36:
;__Lib_Lcd.c,36 :: 		
0x0047	0x183D      	BTFSC      FARG_Lcd_Cmd_out_char, 0
0x0048	0x284B      	GOTO       L__Lcd_Cmd37
0x0049	0x1006      	BCF        LCD_D4, BitPos(LCD_D4+0)
0x004A	0x284C      	GOTO       L__Lcd_Cmd38
L__Lcd_Cmd37:
0x004B	0x1406      	BSF        LCD_D4, BitPos(LCD_D4+0)
L__Lcd_Cmd38:
;__Lib_Lcd.c,38 :: 		
0x004C	0x1831      	BTFSC      __Lib_Lcd_cmd_status, BitPos(__Lib_Lcd_cmd_status+0)
0x004D	0x2850      	GOTO       L__Lcd_Cmd39
0x004E	0x1606      	BSF        LCD_RS, BitPos(LCD_RS+0)
0x004F	0x2851      	GOTO       L__Lcd_Cmd40
L__Lcd_Cmd39:
0x0050	0x1206      	BCF        LCD_RS, BitPos(LCD_RS+0)
L__Lcd_Cmd40:
;__Lib_Lcd.c,40 :: 		
0x0051	0x1686      	BSF        LCD_EN, BitPos(LCD_EN+0)
;__Lib_Lcd.c,41 :: 		
0x0052	0x2003      	CALL       _Delay_1us
;__Lib_Lcd.c,42 :: 		
0x0053	0x1286      	BCF        LCD_EN, BitPos(LCD_EN+0)
;__Lib_Lcd.c,44 :: 		
0x0054	0x1C31      	BTFSS      __Lib_Lcd_cmd_status, BitPos(__Lib_Lcd_cmd_status+0)
0x0055	0x2858      	GOTO       L_Lcd_Cmd0
;__Lib_Lcd.c,45 :: 		
0x0056	0x2006      	CALL       _Delay_5500us
0x0057	0x2859      	GOTO       L_Lcd_Cmd1
L_Lcd_Cmd0:
;__Lib_Lcd.c,47 :: 		
0x0058	0x2013      	CALL       _Delay_50us
L_Lcd_Cmd1:
;__Lib_Lcd.c,48 :: 		
L_end_Lcd_Cmd:
0x0059	0x0008      	RETURN
; end of _Lcd_Cmd
_____DoICP:
;__Lib_System.c,6 :: 		
;__Lib_System.c,9 :: 		
0x005A	0x1283      	BCF        STATUS, 5
0x005B	0x1303      	BCF        STATUS, 6
0x005C	0x082E      	MOVF       ___DoICPAddr+1, 0
0x005D	0x008A      	MOVWF      PCLATH
;__Lib_System.c,10 :: 		
0x005E	0x082D      	MOVF       ___DoICPAddr, 0
0x005F	0x0082      	MOVWF      PCL
;__Lib_System.c,12 :: 		
L_end_____DoICP:
0x0060	0x0008      	RETURN
; end of _____DoICP
_Mul_16X16_U:
;__Lib_Math.c,136 :: 		
;__Lib_Math.c,143 :: 		
0x0061	0x1283      	BCF        STATUS, 5
;__Lib_Math.c,144 :: 		
0x0062	0x1303      	BCF        STATUS, 6
;__Lib_Math.c,145 :: 		
0x0063	0x01FB      	CLRF       R11
;__Lib_Math.c,146 :: 		
0x0064	0x01FA      	CLRF       R10
;__Lib_Math.c,147 :: 		
0x0065	0x01F9      	CLRF       R9
;__Lib_Math.c,148 :: 		
0x0066	0x3080      	MOVLW      128
;__Lib_Math.c,149 :: 		
0x0067	0x00F8      	MOVWF      R8
;__Lib_Math.c,150 :: 		
0x0068	0x0CF1      	RRF        R1, 1
;__Lib_Math.c,151 :: 		
0x0069	0x0CF0      	RRF        R0, 1
;__Lib_Math.c,152 :: 		
0x006A	0x1C03      	BTFSS      STATUS, 0
;__Lib_Math.c,153 :: 		
0x006B	0x2875      	GOTO       $+10
;__Lib_Math.c,154 :: 		
0x006C	0x0874      	MOVF       R4, 0
;__Lib_Math.c,155 :: 		
0x006D	0x07F9      	ADDWF      R9, 1
;__Lib_Math.c,156 :: 		
0x006E	0x0875      	MOVF       R5, 0
;__Lib_Math.c,157 :: 		
0x006F	0x1803      	BTFSC      STATUS, 0
;__Lib_Math.c,158 :: 		
0x0070	0x0F75      	INCFSZ     R5, 0
;__Lib_Math.c,159 :: 		
0x0071	0x07FA      	ADDWF      R10, 1
;__Lib_Math.c,160 :: 		
0x0072	0x1803      	BTFSC      STATUS, 0
;__Lib_Math.c,161 :: 		
0x0073	0x0AFB      	INCF       R11, 1
;__Lib_Math.c,162 :: 		
0x0074	0x1003      	BCF        STATUS, 0
;__Lib_Math.c,163 :: 		
0x0075	0x1FF0      	BTFSS      R0, 7
;__Lib_Math.c,164 :: 		
0x0076	0x287D      	GOTO       $+7
;__Lib_Math.c,165 :: 		
0x0077	0x0874      	MOVF       R4, 0
;__Lib_Math.c,166 :: 		
0x0078	0x07FA      	ADDWF      R10, 1
;__Lib_Math.c,167 :: 		
0x0079	0x0875      	MOVF       R5, 0
;__Lib_Math.c,168 :: 		
0x007A	0x1803      	BTFSC      STATUS, 0
;__Lib_Math.c,169 :: 		
0x007B	0x0F75      	INCFSZ     R5, 0
;__Lib_Math.c,170 :: 		
0x007C	0x07FB      	ADDWF      R11, 1
;__Lib_Math.c,171 :: 		
0x007D	0x0CFB      	RRF        R11, 1
;__Lib_Math.c,172 :: 		
0x007E	0x0CFA      	RRF        R10, 1
;__Lib_Math.c,173 :: 		
0x007F	0x0CF9      	RRF        R9, 1
;__Lib_Math.c,174 :: 		
0x0080	0x0CF8      	RRF        R8, 1
;__Lib_Math.c,175 :: 		
0x0081	0x1C03      	BTFSS      STATUS, 0
;__Lib_Math.c,176 :: 		
0x0082	0x2868      	GOTO       $-26
;__Lib_Math.c,177 :: 		
0x0083	0x087B      	MOVF       R11, 0
;__Lib_Math.c,178 :: 		
0x0084	0x00F3      	MOVWF      R3
;__Lib_Math.c,179 :: 		
0x0085	0x087A      	MOVF       R10, 0
;__Lib_Math.c,180 :: 		
0x0086	0x00F2      	MOVWF      R2
;__Lib_Math.c,181 :: 		
0x0087	0x0879      	MOVF       R9, 0
;__Lib_Math.c,182 :: 		
0x0088	0x00F1      	MOVWF      R1
;__Lib_Math.c,183 :: 		
0x0089	0x0878      	MOVF       R8, 0
;__Lib_Math.c,184 :: 		
0x008A	0x00F0      	MOVWF      R0
;__Lib_Math.c,187 :: 		
L_end_Mul_16X16_U:
0x008B	0x0008      	RETURN
; end of _Mul_16X16_U
_teclado:
;Proyecto FInal.c,194 :: 		void teclado()
;Proyecto FInal.c,196 :: 		buffer = 0;
0x008C	0x1283      	BCF        STATUS, 5
0x008D	0x1303      	BCF        STATUS, 6
0x008E	0x01A7      	CLRF       _buffer
;Proyecto FInal.c,197 :: 		PORTD = 0xF0;
0x008F	0x30F0      	MOVLW      240
0x0090	0x0088      	MOVWF      PORTD
;Proyecto FInal.c,198 :: 		if (PORTD != 0xF0)
0x0091	0x0808      	MOVF       PORTD, 0
0x0092	0x3AF0      	XORLW      240
0x0093	0x1903      	BTFSC      STATUS, 2
0x0094	0x2911      	GOTO       L_teclado41
;Proyecto FInal.c,200 :: 		PORTD = 0xFE;
0x0095	0x30FE      	MOVLW      254
0x0096	0x0088      	MOVWF      PORTD
;Proyecto FInal.c,201 :: 		switch (PORTD)
0x0097	0x28A4      	GOTO       L_teclado42
;Proyecto FInal.c,203 :: 		case 0xEE: buffer = '1'; break;
L_teclado44:
0x0098	0x3031      	MOVLW      49
0x0099	0x00A7      	MOVWF      _buffer
0x009A	0x28B4      	GOTO       L_teclado43
;Proyecto FInal.c,204 :: 		case 0xDE: buffer = '2'; break;
L_teclado45:
0x009B	0x3032      	MOVLW      50
0x009C	0x00A7      	MOVWF      _buffer
0x009D	0x28B4      	GOTO       L_teclado43
;Proyecto FInal.c,205 :: 		case 0xBE: buffer = '3'; break;
L_teclado46:
0x009E	0x3033      	MOVLW      51
0x009F	0x00A7      	MOVWF      _buffer
0x00A0	0x28B4      	GOTO       L_teclado43
;Proyecto FInal.c,206 :: 		case 0x7E: buffer = 'A'; break;
L_teclado47:
0x00A1	0x3041      	MOVLW      65
0x00A2	0x00A7      	MOVWF      _buffer
0x00A3	0x28B4      	GOTO       L_teclado43
;Proyecto FInal.c,207 :: 		}
L_teclado42:
0x00A4	0x0808      	MOVF       PORTD, 0
0x00A5	0x3AEE      	XORLW      238
0x00A6	0x1903      	BTFSC      STATUS, 2
0x00A7	0x2898      	GOTO       L_teclado44
0x00A8	0x0808      	MOVF       PORTD, 0
0x00A9	0x3ADE      	XORLW      222
0x00AA	0x1903      	BTFSC      STATUS, 2
0x00AB	0x289B      	GOTO       L_teclado45
0x00AC	0x0808      	MOVF       PORTD, 0
0x00AD	0x3ABE      	XORLW      190
0x00AE	0x1903      	BTFSC      STATUS, 2
0x00AF	0x289E      	GOTO       L_teclado46
0x00B0	0x0808      	MOVF       PORTD, 0
0x00B1	0x3A7E      	XORLW      126
0x00B2	0x1903      	BTFSC      STATUS, 2
0x00B3	0x28A1      	GOTO       L_teclado47
L_teclado43:
;Proyecto FInal.c,208 :: 		PORTD = 0xFD;
0x00B4	0x30FD      	MOVLW      253
0x00B5	0x0088      	MOVWF      PORTD
;Proyecto FInal.c,209 :: 		switch (PORTD)
0x00B6	0x28C3      	GOTO       L_teclado48
;Proyecto FInal.c,211 :: 		case 0xED: buffer = '4'; break;
L_teclado50:
0x00B7	0x3034      	MOVLW      52
0x00B8	0x00A7      	MOVWF      _buffer
0x00B9	0x28D3      	GOTO       L_teclado49
;Proyecto FInal.c,212 :: 		case 0xDD: buffer = '5'; break;
L_teclado51:
0x00BA	0x3035      	MOVLW      53
0x00BB	0x00A7      	MOVWF      _buffer
0x00BC	0x28D3      	GOTO       L_teclado49
;Proyecto FInal.c,213 :: 		case 0xBD: buffer = '6'; break;
L_teclado52:
0x00BD	0x3036      	MOVLW      54
0x00BE	0x00A7      	MOVWF      _buffer
0x00BF	0x28D3      	GOTO       L_teclado49
;Proyecto FInal.c,214 :: 		case 0x7D: buffer = 'B'; break;
L_teclado53:
0x00C0	0x3042      	MOVLW      66
0x00C1	0x00A7      	MOVWF      _buffer
0x00C2	0x28D3      	GOTO       L_teclado49
;Proyecto FInal.c,215 :: 		}
L_teclado48:
0x00C3	0x0808      	MOVF       PORTD, 0
0x00C4	0x3AED      	XORLW      237
0x00C5	0x1903      	BTFSC      STATUS, 2
0x00C6	0x28B7      	GOTO       L_teclado50
0x00C7	0x0808      	MOVF       PORTD, 0
0x00C8	0x3ADD      	XORLW      221
0x00C9	0x1903      	BTFSC      STATUS, 2
0x00CA	0x28BA      	GOTO       L_teclado51
0x00CB	0x0808      	MOVF       PORTD, 0
0x00CC	0x3ABD      	XORLW      189
0x00CD	0x1903      	BTFSC      STATUS, 2
0x00CE	0x28BD      	GOTO       L_teclado52
0x00CF	0x0808      	MOVF       PORTD, 0
0x00D0	0x3A7D      	XORLW      125
0x00D1	0x1903      	BTFSC      STATUS, 2
0x00D2	0x28C0      	GOTO       L_teclado53
L_teclado49:
;Proyecto FInal.c,216 :: 		PORTD = 0xFB;
0x00D3	0x30FB      	MOVLW      251
0x00D4	0x0088      	MOVWF      PORTD
;Proyecto FInal.c,217 :: 		switch (PORTD)
0x00D5	0x28E2      	GOTO       L_teclado54
;Proyecto FInal.c,219 :: 		case 0xEB: buffer = '7'; break;
L_teclado56:
0x00D6	0x3037      	MOVLW      55
0x00D7	0x00A7      	MOVWF      _buffer
0x00D8	0x28F2      	GOTO       L_teclado55
;Proyecto FInal.c,220 :: 		case 0xDB: buffer = '8'; break;
L_teclado57:
0x00D9	0x3038      	MOVLW      56
0x00DA	0x00A7      	MOVWF      _buffer
0x00DB	0x28F2      	GOTO       L_teclado55
;Proyecto FInal.c,221 :: 		case 0xBB: buffer = '9'; break;
L_teclado58:
0x00DC	0x3039      	MOVLW      57
0x00DD	0x00A7      	MOVWF      _buffer
0x00DE	0x28F2      	GOTO       L_teclado55
;Proyecto FInal.c,222 :: 		case 0x7B: buffer = 'C'; break;
L_teclado59:
0x00DF	0x3043      	MOVLW      67
0x00E0	0x00A7      	MOVWF      _buffer
0x00E1	0x28F2      	GOTO       L_teclado55
;Proyecto FInal.c,223 :: 		}
L_teclado54:
0x00E2	0x0808      	MOVF       PORTD, 0
0x00E3	0x3AEB      	XORLW      235
0x00E4	0x1903      	BTFSC      STATUS, 2
0x00E5	0x28D6      	GOTO       L_teclado56
0x00E6	0x0808      	MOVF       PORTD, 0
0x00E7	0x3ADB      	XORLW      219
0x00E8	0x1903      	BTFSC      STATUS, 2
0x00E9	0x28D9      	GOTO       L_teclado57
0x00EA	0x0808      	MOVF       PORTD, 0
0x00EB	0x3ABB      	XORLW      187
0x00EC	0x1903      	BTFSC      STATUS, 2
0x00ED	0x28DC      	GOTO       L_teclado58
0x00EE	0x0808      	MOVF       PORTD, 0
0x00EF	0x3A7B      	XORLW      123
0x00F0	0x1903      	BTFSC      STATUS, 2
0x00F1	0x28DF      	GOTO       L_teclado59
L_teclado55:
;Proyecto FInal.c,224 :: 		PORTD = 0xF7;
0x00F2	0x30F7      	MOVLW      247
0x00F3	0x0088      	MOVWF      PORTD
;Proyecto FInal.c,225 :: 		switch (PORTD)
0x00F4	0x2901      	GOTO       L_teclado60
;Proyecto FInal.c,227 :: 		case 0xE7: buffer = '*'; break;
L_teclado62:
0x00F5	0x302A      	MOVLW      42
0x00F6	0x00A7      	MOVWF      _buffer
0x00F7	0x2911      	GOTO       L_teclado61
;Proyecto FInal.c,228 :: 		case 0xD7: buffer = '0'; break;
L_teclado63:
0x00F8	0x3030      	MOVLW      48
0x00F9	0x00A7      	MOVWF      _buffer
0x00FA	0x2911      	GOTO       L_teclado61
;Proyecto FInal.c,229 :: 		case 0xB7: buffer = '#'; break;
L_teclado64:
0x00FB	0x3023      	MOVLW      35
0x00FC	0x00A7      	MOVWF      _buffer
0x00FD	0x2911      	GOTO       L_teclado61
;Proyecto FInal.c,230 :: 		case 0x77: buffer = 'D'; break;
L_teclado65:
0x00FE	0x3044      	MOVLW      68
0x00FF	0x00A7      	MOVWF      _buffer
0x0100	0x2911      	GOTO       L_teclado61
;Proyecto FInal.c,231 :: 		}
L_teclado60:
0x0101	0x0808      	MOVF       PORTD, 0
0x0102	0x3AE7      	XORLW      231
0x0103	0x1903      	BTFSC      STATUS, 2
0x0104	0x28F5      	GOTO       L_teclado62
0x0105	0x0808      	MOVF       PORTD, 0
0x0106	0x3AD7      	XORLW      215
0x0107	0x1903      	BTFSC      STATUS, 2
0x0108	0x28F8      	GOTO       L_teclado63
0x0109	0x0808      	MOVF       PORTD, 0
0x010A	0x3AB7      	XORLW      183
0x010B	0x1903      	BTFSC      STATUS, 2
0x010C	0x28FB      	GOTO       L_teclado64
0x010D	0x0808      	MOVF       PORTD, 0
0x010E	0x3A77      	XORLW      119
0x010F	0x1903      	BTFSC      STATUS, 2
0x0110	0x28FE      	GOTO       L_teclado65
L_teclado61:
;Proyecto FInal.c,232 :: 		}
L_teclado41:
;Proyecto FInal.c,233 :: 		PORTD = 0xF0;
0x0111	0x30F0      	MOVLW      240
0x0112	0x0088      	MOVWF      PORTD
;Proyecto FInal.c,234 :: 		while (PORTD != 0xF0);
L_teclado66:
0x0113	0x0808      	MOVF       PORTD, 0
0x0114	0x3AF0      	XORLW      240
0x0115	0x1903      	BTFSC      STATUS, 2
0x0116	0x2918      	GOTO       L_teclado67
0x0117	0x2913      	GOTO       L_teclado66
L_teclado67:
;Proyecto FInal.c,235 :: 		delay_ms(51);
0x0118	0x3085      	MOVLW      133
0x0119	0x00FC      	MOVWF      R12
0x011A	0x3076      	MOVLW      118
0x011B	0x00FD      	MOVWF      R13
L_teclado68:
0x011C	0x0BFD      	DECFSZ     R13, 1
0x011D	0x291C      	GOTO       L_teclado68
0x011E	0x0BFC      	DECFSZ     R12, 1
0x011F	0x291C      	GOTO       L_teclado68
0x0120	0x0000      	NOP
;Proyecto FInal.c,236 :: 		}
L_end_teclado:
0x0121	0x0008      	RETURN
; end of _teclado
_Lcd_Chr:
;__Lib_Lcd.c,65 :: 		
;__Lib_Lcd.c,66 :: 		
0x0122	0x2934      	GOTO       L_Lcd_Chr4
;__Lib_Lcd.c,67 :: 		
L_Lcd_Chr6:
0x0123	0x3080      	MOVLW      128
0x0124	0x1283      	BCF        STATUS, 5
0x0125	0x1303      	BCF        STATUS, 6
0x0126	0x00BA      	MOVWF      FARG_Lcd_Chr_row
0x0127	0x2947      	GOTO       L_Lcd_Chr5
;__Lib_Lcd.c,68 :: 		
L_Lcd_Chr7:
0x0128	0x30C0      	MOVLW      192
0x0129	0x00BA      	MOVWF      FARG_Lcd_Chr_row
0x012A	0x2947      	GOTO       L_Lcd_Chr5
;__Lib_Lcd.c,69 :: 		
L_Lcd_Chr8:
0x012B	0x3094      	MOVLW      148
0x012C	0x00BA      	MOVWF      FARG_Lcd_Chr_row
0x012D	0x2947      	GOTO       L_Lcd_Chr5
;__Lib_Lcd.c,70 :: 		
L_Lcd_Chr9:
0x012E	0x30D4      	MOVLW      212
0x012F	0x00BA      	MOVWF      FARG_Lcd_Chr_row
0x0130	0x2947      	GOTO       L_Lcd_Chr5
;__Lib_Lcd.c,71 :: 		
L_Lcd_Chr10:
0x0131	0x3080      	MOVLW      128
0x0132	0x00BA      	MOVWF      FARG_Lcd_Chr_row
;__Lib_Lcd.c,72 :: 		
0x0133	0x2947      	GOTO       L_Lcd_Chr5
L_Lcd_Chr4:
0x0134	0x1283      	BCF        STATUS, 5
0x0135	0x1303      	BCF        STATUS, 6
0x0136	0x083A      	MOVF       FARG_Lcd_Chr_row, 0
0x0137	0x3A01      	XORLW      1
0x0138	0x1903      	BTFSC      STATUS, 2
0x0139	0x2923      	GOTO       L_Lcd_Chr6
0x013A	0x083A      	MOVF       FARG_Lcd_Chr_row, 0
0x013B	0x3A02      	XORLW      2
0x013C	0x1903      	BTFSC      STATUS, 2
0x013D	0x2928      	GOTO       L_Lcd_Chr7
0x013E	0x083A      	MOVF       FARG_Lcd_Chr_row, 0
0x013F	0x3A03      	XORLW      3
0x0140	0x1903      	BTFSC      STATUS, 2
0x0141	0x292B      	GOTO       L_Lcd_Chr8
0x0142	0x083A      	MOVF       FARG_Lcd_Chr_row, 0
0x0143	0x3A04      	XORLW      4
0x0144	0x1903      	BTFSC      STATUS, 2
0x0145	0x292E      	GOTO       L_Lcd_Chr9
0x0146	0x2931      	GOTO       L_Lcd_Chr10
L_Lcd_Chr5:
;__Lib_Lcd.c,74 :: 		
0x0147	0x033B      	DECF       FARG_Lcd_Chr_column, 0
0x0148	0x00F0      	MOVWF      R0
0x0149	0x083A      	MOVF       FARG_Lcd_Chr_row, 0
0x014A	0x07F0      	ADDWF      R0, 1
0x014B	0x0870      	MOVF       R0, 0
0x014C	0x00BA      	MOVWF      FARG_Lcd_Chr_row
;__Lib_Lcd.c,76 :: 		
0x014D	0x1431      	BSF        __Lib_Lcd_cmd_status, BitPos(__Lib_Lcd_cmd_status+0)
;__Lib_Lcd.c,77 :: 		
0x014E	0x0870      	MOVF       R0, 0
0x014F	0x00BD      	MOVWF      FARG_Lcd_Cmd_out_char
0x0150	0x201A      	CALL       _Lcd_Cmd
;__Lib_Lcd.c,79 :: 		
0x0151	0x1031      	BCF        __Lib_Lcd_cmd_status, BitPos(__Lib_Lcd_cmd_status+0)
;__Lib_Lcd.c,80 :: 		
0x0152	0x083C      	MOVF       FARG_Lcd_Chr_out_char, 0
0x0153	0x00BD      	MOVWF      FARG_Lcd_Cmd_out_char
0x0154	0x201A      	CALL       _Lcd_Cmd
;__Lib_Lcd.c,81 :: 		
0x0155	0x1431      	BSF        __Lib_Lcd_cmd_status, BitPos(__Lib_Lcd_cmd_status+0)
;__Lib_Lcd.c,82 :: 		
L_end_Lcd_Chr:
0x0156	0x0008      	RETURN
; end of _Lcd_Chr
_Lcd_Chr_CP:
;__Lib_Lcd.c,50 :: 		
;__Lib_Lcd.c,52 :: 		
0x0157	0x1283      	BCF        STATUS, 5
0x0158	0x1303      	BCF        STATUS, 6
0x0159	0x1031      	BCF        __Lib_Lcd_cmd_status, BitPos(__Lib_Lcd_cmd_status+0)
;__Lib_Lcd.c,53 :: 		
0x015A	0x083A      	MOVF       FARG_Lcd_Chr_CP_out_char, 0
0x015B	0x00BD      	MOVWF      FARG_Lcd_Cmd_out_char
0x015C	0x201A      	CALL       _Lcd_Cmd
;__Lib_Lcd.c,54 :: 		
0x015D	0x1431      	BSF        __Lib_Lcd_cmd_status, BitPos(__Lib_Lcd_cmd_status+0)
;__Lib_Lcd.c,55 :: 		
L_end_Lcd_Chr_CP:
0x015E	0x0008      	RETURN
; end of _Lcd_Chr_CP
_registro5:
;Proyecto FInal.c,157 :: 		void registro5()
;Proyecto FInal.c,159 :: 		buffer = 0;
0x015F	0x1283      	BCF        STATUS, 5
0x0160	0x1303      	BCF        STATUS, 6
0x0161	0x01A7      	CLRF       _buffer
;Proyecto FInal.c,160 :: 		Digitos4 = 0;
0x0162	0x01B2      	CLRF       _Digitos4
0x0163	0x01B3      	CLRF       _Digitos4+1
;Proyecto FInal.c,161 :: 		while (1)
L_registro527:
;Proyecto FInal.c,164 :: 		teclado();
0x0164	0x208C      	CALL       _teclado
;Proyecto FInal.c,166 :: 		if ((buffer >= '0')&&(buffer <= '9'))
0x0165	0x3030      	MOVLW      48
0x0166	0x0227      	SUBWF      _buffer, 0
0x0167	0x1C03      	BTFSS      STATUS, 0
0x0168	0x2987      	GOTO       L_registro531
0x0169	0x0827      	MOVF       _buffer, 0
0x016A	0x3C39      	SUBLW      57
0x016B	0x1C03      	BTFSS      STATUS, 0
0x016C	0x2987      	GOTO       L_registro531
L__registro582:
;Proyecto FInal.c,168 :: 		Lcd_Chr_Cp(buffer);
0x016D	0x0827      	MOVF       _buffer, 0
0x016E	0x00BA      	MOVWF      FARG_Lcd_Chr_CP_out_char
0x016F	0x2157      	CALL       _Lcd_Chr_CP
;Proyecto FInal.c,169 :: 		Digitos4 =Digitos4*10 + (buffer - 48);
0x0170	0x0832      	MOVF       _Digitos4, 0
0x0171	0x00F0      	MOVWF      R0
0x0172	0x0833      	MOVF       _Digitos4+1, 0
0x0173	0x00F1      	MOVWF      R0+1
0x0174	0x300A      	MOVLW      10
0x0175	0x00F4      	MOVWF      R4
0x0176	0x3000      	MOVLW      0
0x0177	0x00F5      	MOVWF      R4+1
0x0178	0x2061      	CALL       _Mul_16X16_U
0x0179	0x3030      	MOVLW      48
0x017A	0x0227      	SUBWF      _buffer, 0
0x017B	0x00F2      	MOVWF      R2
0x017C	0x01F3      	CLRF       R2+1
0x017D	0x1C03      	BTFSS      STATUS, 0
0x017E	0x03F3      	DECF       R2+1, 1
0x017F	0x0872      	MOVF       R2, 0
0x0180	0x0770      	ADDWF      R0, 0
0x0181	0x00B2      	MOVWF      _Digitos4
0x0182	0x0871      	MOVF       R0+1, 0
0x0183	0x1803      	BTFSC      STATUS, 0
0x0184	0x3E01      	ADDLW      1
0x0185	0x0773      	ADDWF      R2+1, 0
0x0186	0x00B3      	MOVWF      _Digitos4+1
;Proyecto FInal.c,170 :: 		}
L_registro531:
;Proyecto FInal.c,171 :: 		if(buffer == '*'){
0x0187	0x0827      	MOVF       _buffer, 0
0x0188	0x3A2A      	XORLW      42
0x0189	0x1D03      	BTFSS      STATUS, 2
0x018A	0x298E      	GOTO       L_registro532
;Proyecto FInal.c,172 :: 		n=5;
0x018B	0x3005      	MOVLW      5
0x018C	0x00A8      	MOVWF      _n
;Proyecto FInal.c,173 :: 		break;
0x018D	0x298F      	GOTO       L_registro528
;Proyecto FInal.c,174 :: 		}
L_registro532:
;Proyecto FInal.c,175 :: 		}
0x018E	0x2964      	GOTO       L_registro527
L_registro528:
;Proyecto FInal.c,176 :: 		}
L_end_registro5:
0x018F	0x0008      	RETURN
; end of _registro5
___CC2DW:
;__Lib_System.c,134 :: 		
;__Lib_System.c,137 :: 		
_CC2D_Loop1:
;__Lib_System.c,139 :: 		
0x0190	0x205A      	CALL       _____DoICP
0x0191	0x118A      	BCF        PCLATH, 3
0x0192	0x120A      	BCF        PCLATH, 4
;__Lib_System.c,141 :: 		
0x0193	0x0080      	MOVWF      INDF
;__Lib_System.c,142 :: 		
0x0194	0x0A84      	INCF       FSR, 1
;__Lib_System.c,143 :: 		
0x0195	0x0AAD      	INCF       ___DoICPAddr, 1
;__Lib_System.c,145 :: 		
0x0196	0x1903      	BTFSC      STATUS, 2
;__Lib_System.c,146 :: 		
0x0197	0x0AAE      	INCF       ___DoICPAddr+1, 1
;__Lib_System.c,147 :: 		
0x0198	0x03F0      	DECF       R0, 1
;__Lib_System.c,149 :: 		
0x0199	0x1D03      	BTFSS      STATUS, 2
;__Lib_System.c,150 :: 		
0x019A	0x2990      	GOTO       _CC2D_Loop1
;__Lib_System.c,152 :: 		
L_end___CC2DW:
0x019B	0x0008      	RETURN
; end of ___CC2DW
_registro2:
;Proyecto FInal.c,94 :: 		void registro2()
;Proyecto FInal.c,96 :: 		buffer = 0;
0x019C	0x1283      	BCF        STATUS, 5
0x019D	0x1303      	BCF        STATUS, 6
0x019E	0x01A7      	CLRF       _buffer
;Proyecto FInal.c,97 :: 		Digitos1 = 0;
0x019F	0x01A5      	CLRF       _Digitos1
0x01A0	0x01A6      	CLRF       _Digitos1+1
;Proyecto FInal.c,98 :: 		while (1)
L_registro29:
;Proyecto FInal.c,101 :: 		teclado();
0x01A1	0x208C      	CALL       _teclado
;Proyecto FInal.c,103 :: 		if ((buffer >= '0')&&(buffer <= '9'))
0x01A2	0x3030      	MOVLW      48
0x01A3	0x0227      	SUBWF      _buffer, 0
0x01A4	0x1C03      	BTFSS      STATUS, 0
0x01A5	0x29C4      	GOTO       L_registro213
0x01A6	0x0827      	MOVF       _buffer, 0
0x01A7	0x3C39      	SUBLW      57
0x01A8	0x1C03      	BTFSS      STATUS, 0
0x01A9	0x29C4      	GOTO       L_registro213
L__registro279:
;Proyecto FInal.c,105 :: 		Lcd_Chr_Cp(buffer);
0x01AA	0x0827      	MOVF       _buffer, 0
0x01AB	0x00BA      	MOVWF      FARG_Lcd_Chr_CP_out_char
0x01AC	0x2157      	CALL       _Lcd_Chr_CP
;Proyecto FInal.c,106 :: 		Digitos1 =Digitos1*10 + (buffer - 48);
0x01AD	0x0825      	MOVF       _Digitos1, 0
0x01AE	0x00F0      	MOVWF      R0
0x01AF	0x0826      	MOVF       _Digitos1+1, 0
0x01B0	0x00F1      	MOVWF      R0+1
0x01B1	0x300A      	MOVLW      10
0x01B2	0x00F4      	MOVWF      R4
0x01B3	0x3000      	MOVLW      0
0x01B4	0x00F5      	MOVWF      R4+1
0x01B5	0x2061      	CALL       _Mul_16X16_U
0x01B6	0x3030      	MOVLW      48
0x01B7	0x0227      	SUBWF      _buffer, 0
0x01B8	0x00F2      	MOVWF      R2
0x01B9	0x01F3      	CLRF       R2+1
0x01BA	0x1C03      	BTFSS      STATUS, 0
0x01BB	0x03F3      	DECF       R2+1, 1
0x01BC	0x0872      	MOVF       R2, 0
0x01BD	0x0770      	ADDWF      R0, 0
0x01BE	0x00A5      	MOVWF      _Digitos1
0x01BF	0x0871      	MOVF       R0+1, 0
0x01C0	0x1803      	BTFSC      STATUS, 0
0x01C1	0x3E01      	ADDLW      1
0x01C2	0x0773      	ADDWF      R2+1, 0
0x01C3	0x00A6      	MOVWF      _Digitos1+1
;Proyecto FInal.c,107 :: 		}
L_registro213:
;Proyecto FInal.c,108 :: 		if(buffer == '*'){
0x01C4	0x0827      	MOVF       _buffer, 0
0x01C5	0x3A2A      	XORLW      42
0x01C6	0x1D03      	BTFSS      STATUS, 2
0x01C7	0x29CB      	GOTO       L_registro214
;Proyecto FInal.c,109 :: 		n=2;
0x01C8	0x3002      	MOVLW      2
0x01C9	0x00A8      	MOVWF      _n
;Proyecto FInal.c,110 :: 		break;
0x01CA	0x29CC      	GOTO       L_registro210
;Proyecto FInal.c,111 :: 		}
L_registro214:
;Proyecto FInal.c,112 :: 		}
0x01CB	0x29A1      	GOTO       L_registro29
L_registro210:
;Proyecto FInal.c,113 :: 		}
L_end_registro2:
0x01CC	0x0008      	RETURN
; end of _registro2
_Lcd_Out:
;__Lib_Lcd.c,184 :: 		
;__Lib_Lcd.c,187 :: 		
0x01CD	0x29DF      	GOTO       L_Lcd_Out11
;__Lib_Lcd.c,188 :: 		
L_Lcd_Out13:
0x01CE	0x3080      	MOVLW      128
0x01CF	0x1283      	BCF        STATUS, 5
0x01D0	0x1303      	BCF        STATUS, 6
0x01D1	0x00B6      	MOVWF      FARG_Lcd_Out_row
0x01D2	0x29F2      	GOTO       L_Lcd_Out12
;__Lib_Lcd.c,189 :: 		
L_Lcd_Out14:
0x01D3	0x30C0      	MOVLW      192
0x01D4	0x00B6      	MOVWF      FARG_Lcd_Out_row
0x01D5	0x29F2      	GOTO       L_Lcd_Out12
;__Lib_Lcd.c,190 :: 		
L_Lcd_Out15:
0x01D6	0x3094      	MOVLW      148
0x01D7	0x00B6      	MOVWF      FARG_Lcd_Out_row
0x01D8	0x29F2      	GOTO       L_Lcd_Out12
;__Lib_Lcd.c,191 :: 		
L_Lcd_Out16:
0x01D9	0x30D4      	MOVLW      212
0x01DA	0x00B6      	MOVWF      FARG_Lcd_Out_row
0x01DB	0x29F2      	GOTO       L_Lcd_Out12
;__Lib_Lcd.c,192 :: 		
L_Lcd_Out17:
0x01DC	0x3080      	MOVLW      128
0x01DD	0x00B6      	MOVWF      FARG_Lcd_Out_row
;__Lib_Lcd.c,193 :: 		
0x01DE	0x29F2      	GOTO       L_Lcd_Out12
L_Lcd_Out11:
0x01DF	0x1283      	BCF        STATUS, 5
0x01E0	0x1303      	BCF        STATUS, 6
0x01E1	0x0836      	MOVF       FARG_Lcd_Out_row, 0
0x01E2	0x3A01      	XORLW      1
0x01E3	0x1903      	BTFSC      STATUS, 2
0x01E4	0x29CE      	GOTO       L_Lcd_Out13
0x01E5	0x0836      	MOVF       FARG_Lcd_Out_row, 0
0x01E6	0x3A02      	XORLW      2
0x01E7	0x1903      	BTFSC      STATUS, 2
0x01E8	0x29D3      	GOTO       L_Lcd_Out14
0x01E9	0x0836      	MOVF       FARG_Lcd_Out_row, 0
0x01EA	0x3A03      	XORLW      3
0x01EB	0x1903      	BTFSC      STATUS, 2
0x01EC	0x29D6      	GOTO       L_Lcd_Out15
0x01ED	0x0836      	MOVF       FARG_Lcd_Out_row, 0
0x01EE	0x3A04      	XORLW      4
0x01EF	0x1903      	BTFSC      STATUS, 2
0x01F0	0x29D9      	GOTO       L_Lcd_Out16
0x01F1	0x29DC      	GOTO       L_Lcd_Out17
L_Lcd_Out12:
;__Lib_Lcd.c,194 :: 		
0x01F2	0x0337      	DECF       FARG_Lcd_Out_column, 0
0x01F3	0x00F0      	MOVWF      R0
0x01F4	0x0836      	MOVF       FARG_Lcd_Out_row, 0
0x01F5	0x07F0      	ADDWF      R0, 1
0x01F6	0x0870      	MOVF       R0, 0
0x01F7	0x00B6      	MOVWF      FARG_Lcd_Out_row
;__Lib_Lcd.c,196 :: 		
0x01F8	0x0870      	MOVF       R0, 0
0x01F9	0x00BD      	MOVWF      FARG_Lcd_Cmd_out_char
0x01FA	0x201A      	CALL       _Lcd_Cmd
;__Lib_Lcd.c,197 :: 		
0x01FB	0x1031      	BCF        __Lib_Lcd_cmd_status, BitPos(__Lib_Lcd_cmd_status+0)
;__Lib_Lcd.c,198 :: 		
0x01FC	0x01B9      	CLRF       Lcd_Out_i_L0
;__Lib_Lcd.c,199 :: 		
L_Lcd_Out18:
0x01FD	0x0839      	MOVF       Lcd_Out_i_L0, 0
0x01FE	0x0738      	ADDWF      FARG_Lcd_Out_text, 0
0x01FF	0x0084      	MOVWF      FSR
0x0200	0x0800      	MOVF       INDF, 0
0x0201	0x1903      	BTFSC      STATUS, 2
0x0202	0x2A0B      	GOTO       L_Lcd_Out19
;__Lib_Lcd.c,200 :: 		
0x0203	0x0839      	MOVF       Lcd_Out_i_L0, 0
0x0204	0x0738      	ADDWF      FARG_Lcd_Out_text, 0
0x0205	0x0084      	MOVWF      FSR
0x0206	0x0800      	MOVF       INDF, 0
0x0207	0x00BA      	MOVWF      FARG_Lcd_Chr_CP_out_char
0x0208	0x2157      	CALL       _Lcd_Chr_CP
0x0209	0x0AB9      	INCF       Lcd_Out_i_L0, 1
0x020A	0x29FD      	GOTO       L_Lcd_Out18
L_Lcd_Out19:
;__Lib_Lcd.c,201 :: 		
0x020B	0x1431      	BSF        __Lib_Lcd_cmd_status, BitPos(__Lib_Lcd_cmd_status+0)
;__Lib_Lcd.c,202 :: 		
L_end_Lcd_Out:
0x020C	0x0008      	RETURN
; end of _Lcd_Out
_registro4:
;Proyecto FInal.c,136 :: 		void registro4()
;Proyecto FInal.c,138 :: 		buffer = 0;
0x020D	0x1283      	BCF        STATUS, 5
0x020E	0x1303      	BCF        STATUS, 6
0x020F	0x01A7      	CLRF       _buffer
;Proyecto FInal.c,139 :: 		Digitos3 = 0;
0x0210	0x01AF      	CLRF       _Digitos3
0x0211	0x01B0      	CLRF       _Digitos3+1
;Proyecto FInal.c,140 :: 		while (1)
L_registro421:
;Proyecto FInal.c,143 :: 		teclado();
0x0212	0x208C      	CALL       _teclado
;Proyecto FInal.c,145 :: 		if ((buffer >= '0')&&(buffer <= '9'))
0x0213	0x3030      	MOVLW      48
0x0214	0x0227      	SUBWF      _buffer, 0
0x0215	0x1C03      	BTFSS      STATUS, 0
0x0216	0x2A35      	GOTO       L_registro425
0x0217	0x0827      	MOVF       _buffer, 0
0x0218	0x3C39      	SUBLW      57
0x0219	0x1C03      	BTFSS      STATUS, 0
0x021A	0x2A35      	GOTO       L_registro425
L__registro481:
;Proyecto FInal.c,147 :: 		Lcd_Chr_Cp(buffer);
0x021B	0x0827      	MOVF       _buffer, 0
0x021C	0x00BA      	MOVWF      FARG_Lcd_Chr_CP_out_char
0x021D	0x2157      	CALL       _Lcd_Chr_CP
;Proyecto FInal.c,148 :: 		Digitos3 =Digitos3*10 + (buffer - 48);
0x021E	0x082F      	MOVF       _Digitos3, 0
0x021F	0x00F0      	MOVWF      R0
0x0220	0x0830      	MOVF       _Digitos3+1, 0
0x0221	0x00F1      	MOVWF      R0+1
0x0222	0x300A      	MOVLW      10
0x0223	0x00F4      	MOVWF      R4
0x0224	0x3000      	MOVLW      0
0x0225	0x00F5      	MOVWF      R4+1
0x0226	0x2061      	CALL       _Mul_16X16_U
0x0227	0x3030      	MOVLW      48
0x0228	0x0227      	SUBWF      _buffer, 0
0x0229	0x00F2      	MOVWF      R2
0x022A	0x01F3      	CLRF       R2+1
0x022B	0x1C03      	BTFSS      STATUS, 0
0x022C	0x03F3      	DECF       R2+1, 1
0x022D	0x0872      	MOVF       R2, 0
0x022E	0x0770      	ADDWF      R0, 0
0x022F	0x00AF      	MOVWF      _Digitos3
0x0230	0x0871      	MOVF       R0+1, 0
0x0231	0x1803      	BTFSC      STATUS, 0
0x0232	0x3E01      	ADDLW      1
0x0233	0x0773      	ADDWF      R2+1, 0
0x0234	0x00B0      	MOVWF      _Digitos3+1
;Proyecto FInal.c,149 :: 		}
L_registro425:
;Proyecto FInal.c,150 :: 		if(buffer == '*'){
0x0235	0x0827      	MOVF       _buffer, 0
0x0236	0x3A2A      	XORLW      42
0x0237	0x1D03      	BTFSS      STATUS, 2
0x0238	0x2A3C      	GOTO       L_registro426
;Proyecto FInal.c,151 :: 		n=4;
0x0239	0x3004      	MOVLW      4
0x023A	0x00A8      	MOVWF      _n
;Proyecto FInal.c,152 :: 		break;
0x023B	0x2A3D      	GOTO       L_registro422
;Proyecto FInal.c,153 :: 		}
L_registro426:
;Proyecto FInal.c,154 :: 		}
0x023C	0x2A12      	GOTO       L_registro421
L_registro422:
;Proyecto FInal.c,155 :: 		}
L_end_registro4:
0x023D	0x0008      	RETURN
; end of _registro4
_Lcd_Init:
;__Lib_Lcd.c,84 :: 		
;__Lib_Lcd.c,86 :: 		
0x023E	0x1683      	BSF        STATUS, 5
0x023F	0x1303      	BCF        STATUS, 6
0x0240	0x1286      	BCF        LCD_EN_Direction, BitPos(LCD_EN_Direction+0)
;__Lib_Lcd.c,87 :: 		
0x0241	0x1206      	BCF        LCD_RS_Direction, BitPos(LCD_RS_Direction+0)
;__Lib_Lcd.c,88 :: 		
0x0242	0x1006      	BCF        LCD_D4_Direction, BitPos(LCD_D4_Direction+0)
;__Lib_Lcd.c,89 :: 		
0x0243	0x1086      	BCF        LCD_D5_Direction, BitPos(LCD_D5_Direction+0)
;__Lib_Lcd.c,90 :: 		
0x0244	0x1106      	BCF        LCD_D6_Direction, BitPos(LCD_D6_Direction+0)
;__Lib_Lcd.c,91 :: 		
0x0245	0x1186      	BCF        LCD_D7_Direction, BitPos(LCD_D7_Direction+0)
;__Lib_Lcd.c,93 :: 		
0x0246	0x1283      	BCF        STATUS, 5
0x0247	0x1286      	BCF        LCD_EN, BitPos(LCD_EN+0)
;__Lib_Lcd.c,94 :: 		
0x0248	0x1206      	BCF        LCD_RS, BitPos(LCD_RS+0)
;__Lib_Lcd.c,95 :: 		
0x0249	0x1186      	BCF        LCD_D7, BitPos(LCD_D7+0)
;__Lib_Lcd.c,96 :: 		
0x024A	0x1106      	BCF        LCD_D6, BitPos(LCD_D6+0)
;__Lib_Lcd.c,97 :: 		
0x024B	0x1086      	BCF        LCD_D5, BitPos(LCD_D5+0)
;__Lib_Lcd.c,98 :: 		
0x024C	0x1006      	BCF        LCD_D4, BitPos(LCD_D4+0)
;__Lib_Lcd.c,100 :: 		
0x024D	0x2006      	CALL       _Delay_5500us
;__Lib_Lcd.c,101 :: 		
0x024E	0x2006      	CALL       _Delay_5500us
;__Lib_Lcd.c,102 :: 		
0x024F	0x2006      	CALL       _Delay_5500us
;__Lib_Lcd.c,105 :: 		
0x0250	0x1486      	BSF        LCD_D5, BitPos(LCD_D5+0)
;__Lib_Lcd.c,106 :: 		
0x0251	0x1406      	BSF        LCD_D4, BitPos(LCD_D4+0)
;__Lib_Lcd.c,107 :: 		
0x0252	0x1686      	BSF        LCD_EN, BitPos(LCD_EN+0)
;__Lib_Lcd.c,108 :: 		
0x0253	0x2003      	CALL       _Delay_1us
;__Lib_Lcd.c,109 :: 		
0x0254	0x1286      	BCF        LCD_EN, BitPos(LCD_EN+0)
;__Lib_Lcd.c,110 :: 		
0x0255	0x2006      	CALL       _Delay_5500us
;__Lib_Lcd.c,112 :: 		
0x0256	0x1686      	BSF        LCD_EN, BitPos(LCD_EN+0)
;__Lib_Lcd.c,113 :: 		
0x0257	0x2003      	CALL       _Delay_1us
;__Lib_Lcd.c,114 :: 		
0x0258	0x1286      	BCF        LCD_EN, BitPos(LCD_EN+0)
;__Lib_Lcd.c,115 :: 		
0x0259	0x2006      	CALL       _Delay_5500us
;__Lib_Lcd.c,117 :: 		
0x025A	0x1686      	BSF        LCD_EN, BitPos(LCD_EN+0)
;__Lib_Lcd.c,118 :: 		
0x025B	0x2003      	CALL       _Delay_1us
;__Lib_Lcd.c,119 :: 		
0x025C	0x1286      	BCF        LCD_EN, BitPos(LCD_EN+0)
;__Lib_Lcd.c,120 :: 		
0x025D	0x2006      	CALL       _Delay_5500us
;__Lib_Lcd.c,123 :: 		
0x025E	0x1006      	BCF        LCD_D4, BitPos(LCD_D4+0)
;__Lib_Lcd.c,124 :: 		
0x025F	0x1686      	BSF        LCD_EN, BitPos(LCD_EN+0)
;__Lib_Lcd.c,125 :: 		
0x0260	0x2003      	CALL       _Delay_1us
;__Lib_Lcd.c,126 :: 		
0x0261	0x1286      	BCF        LCD_EN, BitPos(LCD_EN+0)
;__Lib_Lcd.c,127 :: 		
0x0262	0x2006      	CALL       _Delay_5500us
;__Lib_Lcd.c,130 :: 		
0x0263	0x1686      	BSF        LCD_EN, BitPos(LCD_EN+0)
;__Lib_Lcd.c,131 :: 		
0x0264	0x2003      	CALL       _Delay_1us
;__Lib_Lcd.c,132 :: 		
0x0265	0x1286      	BCF        LCD_EN, BitPos(LCD_EN+0)
;__Lib_Lcd.c,134 :: 		
0x0266	0x1086      	BCF        LCD_D5, BitPos(LCD_D5+0)
;__Lib_Lcd.c,135 :: 		
0x0267	0x1586      	BSF        LCD_D7, BitPos(LCD_D7+0)
;__Lib_Lcd.c,136 :: 		
0x0268	0x1686      	BSF        LCD_EN, BitPos(LCD_EN+0)
;__Lib_Lcd.c,137 :: 		
0x0269	0x2003      	CALL       _Delay_1us
;__Lib_Lcd.c,138 :: 		
0x026A	0x1286      	BCF        LCD_EN, BitPos(LCD_EN+0)
;__Lib_Lcd.c,139 :: 		
0x026B	0x2006      	CALL       _Delay_5500us
;__Lib_Lcd.c,142 :: 		
0x026C	0x1186      	BCF        LCD_D7, BitPos(LCD_D7+0)
;__Lib_Lcd.c,143 :: 		
0x026D	0x1406      	BSF        LCD_D4, BitPos(LCD_D4+0)
;__Lib_Lcd.c,144 :: 		
0x026E	0x1686      	BSF        LCD_EN, BitPos(LCD_EN+0)
;__Lib_Lcd.c,145 :: 		
0x026F	0x2003      	CALL       _Delay_1us
;__Lib_Lcd.c,146 :: 		
0x0270	0x1286      	BCF        LCD_EN, BitPos(LCD_EN+0)
;__Lib_Lcd.c,148 :: 		
0x0271	0x1006      	BCF        LCD_D4, BitPos(LCD_D4+0)
;__Lib_Lcd.c,149 :: 		
0x0272	0x1686      	BSF        LCD_EN, BitPos(LCD_EN+0)
;__Lib_Lcd.c,150 :: 		
0x0273	0x2003      	CALL       _Delay_1us
;__Lib_Lcd.c,151 :: 		
0x0274	0x1286      	BCF        LCD_EN, BitPos(LCD_EN+0)
;__Lib_Lcd.c,152 :: 		
0x0275	0x2006      	CALL       _Delay_5500us
;__Lib_Lcd.c,155 :: 		
0x0276	0x1686      	BSF        LCD_EN, BitPos(LCD_EN+0)
;__Lib_Lcd.c,156 :: 		
0x0277	0x2003      	CALL       _Delay_1us
;__Lib_Lcd.c,157 :: 		
0x0278	0x1286      	BCF        LCD_EN, BitPos(LCD_EN+0)
;__Lib_Lcd.c,159 :: 		
0x0279	0x1406      	BSF        LCD_D4, BitPos(LCD_D4+0)
;__Lib_Lcd.c,160 :: 		
0x027A	0x1686      	BSF        LCD_EN, BitPos(LCD_EN+0)
;__Lib_Lcd.c,161 :: 		
0x027B	0x2003      	CALL       _Delay_1us
;__Lib_Lcd.c,162 :: 		
0x027C	0x1286      	BCF        LCD_EN, BitPos(LCD_EN+0)
;__Lib_Lcd.c,163 :: 		
0x027D	0x2006      	CALL       _Delay_5500us
;__Lib_Lcd.c,166 :: 		
0x027E	0x1006      	BCF        LCD_D4, BitPos(LCD_D4+0)
;__Lib_Lcd.c,167 :: 		
0x027F	0x1686      	BSF        LCD_EN, BitPos(LCD_EN+0)
;__Lib_Lcd.c,168 :: 		
0x0280	0x2003      	CALL       _Delay_1us
;__Lib_Lcd.c,169 :: 		
0x0281	0x1286      	BCF        LCD_EN, BitPos(LCD_EN+0)
;__Lib_Lcd.c,171 :: 		
0x0282	0x1586      	BSF        LCD_D7, BitPos(LCD_D7+0)
;__Lib_Lcd.c,172 :: 		
0x0283	0x1506      	BSF        LCD_D6, BitPos(LCD_D6+0)
;__Lib_Lcd.c,173 :: 		
0x0284	0x1486      	BSF        LCD_D5, BitPos(LCD_D5+0)
;__Lib_Lcd.c,174 :: 		
0x0285	0x1406      	BSF        LCD_D4, BitPos(LCD_D4+0)
;__Lib_Lcd.c,175 :: 		
0x0286	0x1686      	BSF        LCD_EN, BitPos(LCD_EN+0)
;__Lib_Lcd.c,176 :: 		
0x0287	0x2003      	CALL       _Delay_1us
;__Lib_Lcd.c,177 :: 		
0x0288	0x1286      	BCF        LCD_EN, BitPos(LCD_EN+0)
;__Lib_Lcd.c,179 :: 		
0x0289	0x2006      	CALL       _Delay_5500us
;__Lib_Lcd.c,181 :: 		
0x028A	0x1431      	BSF        __Lib_Lcd_cmd_status, BitPos(__Lib_Lcd_cmd_status+0)
;__Lib_Lcd.c,182 :: 		
L_end_Lcd_Init:
0x028B	0x0008      	RETURN
; end of _Lcd_Init
_registro3:
;Proyecto FInal.c,115 :: 		void registro3()
;Proyecto FInal.c,117 :: 		buffer = 0;
0x028C	0x1283      	BCF        STATUS, 5
0x028D	0x1303      	BCF        STATUS, 6
0x028E	0x01A7      	CLRF       _buffer
;Proyecto FInal.c,118 :: 		Digitos2 = 0;
0x028F	0x01AB      	CLRF       _Digitos2
0x0290	0x01AC      	CLRF       _Digitos2+1
;Proyecto FInal.c,119 :: 		while (1)
L_registro315:
;Proyecto FInal.c,122 :: 		teclado();
0x0291	0x208C      	CALL       _teclado
;Proyecto FInal.c,124 :: 		if ((buffer >= '0')&&(buffer <= '9'))
0x0292	0x3030      	MOVLW      48
0x0293	0x0227      	SUBWF      _buffer, 0
0x0294	0x1C03      	BTFSS      STATUS, 0
0x0295	0x2AB4      	GOTO       L_registro319
0x0296	0x0827      	MOVF       _buffer, 0
0x0297	0x3C39      	SUBLW      57
0x0298	0x1C03      	BTFSS      STATUS, 0
0x0299	0x2AB4      	GOTO       L_registro319
L__registro380:
;Proyecto FInal.c,126 :: 		Lcd_Chr_Cp(buffer);
0x029A	0x0827      	MOVF       _buffer, 0
0x029B	0x00BA      	MOVWF      FARG_Lcd_Chr_CP_out_char
0x029C	0x2157      	CALL       _Lcd_Chr_CP
;Proyecto FInal.c,127 :: 		Digitos2 =Digitos2*10 + (buffer - 48);
0x029D	0x082B      	MOVF       _Digitos2, 0
0x029E	0x00F0      	MOVWF      R0
0x029F	0x082C      	MOVF       _Digitos2+1, 0
0x02A0	0x00F1      	MOVWF      R0+1
0x02A1	0x300A      	MOVLW      10
0x02A2	0x00F4      	MOVWF      R4
0x02A3	0x3000      	MOVLW      0
0x02A4	0x00F5      	MOVWF      R4+1
0x02A5	0x2061      	CALL       _Mul_16X16_U
0x02A6	0x3030      	MOVLW      48
0x02A7	0x0227      	SUBWF      _buffer, 0
0x02A8	0x00F2      	MOVWF      R2
0x02A9	0x01F3      	CLRF       R2+1
0x02AA	0x1C03      	BTFSS      STATUS, 0
0x02AB	0x03F3      	DECF       R2+1, 1
0x02AC	0x0872      	MOVF       R2, 0
0x02AD	0x0770      	ADDWF      R0, 0
0x02AE	0x00AB      	MOVWF      _Digitos2
0x02AF	0x0871      	MOVF       R0+1, 0
0x02B0	0x1803      	BTFSC      STATUS, 0
0x02B1	0x3E01      	ADDLW      1
0x02B2	0x0773      	ADDWF      R2+1, 0
0x02B3	0x00AC      	MOVWF      _Digitos2+1
;Proyecto FInal.c,128 :: 		}
L_registro319:
;Proyecto FInal.c,129 :: 		if(buffer == '*'){
0x02B4	0x0827      	MOVF       _buffer, 0
0x02B5	0x3A2A      	XORLW      42
0x02B6	0x1D03      	BTFSS      STATUS, 2
0x02B7	0x2ABB      	GOTO       L_registro320
;Proyecto FInal.c,130 :: 		n=3;
0x02B8	0x3003      	MOVLW      3
0x02B9	0x00A8      	MOVWF      _n
;Proyecto FInal.c,131 :: 		break;
0x02BA	0x2ABC      	GOTO       L_registro316
;Proyecto FInal.c,132 :: 		}
L_registro320:
;Proyecto FInal.c,133 :: 		}
0x02BB	0x2A91      	GOTO       L_registro315
L_registro316:
;Proyecto FInal.c,134 :: 		}
L_end_registro3:
0x02BC	0x0008      	RETURN
; end of _registro3
_ver:
;Proyecto FInal.c,50 :: 		void ver(unsigned char F, const unsigned char txt[])
;Proyecto FInal.c,53 :: 		for(i=0;i<16;i++)
0x02BD	0x1283      	BCF        STATUS, 5
0x02BE	0x1303      	BCF        STATUS, 6
0x02BF	0x01B4      	CLRF       _i
L_ver0:
0x02C0	0x3010      	MOVLW      16
0x02C1	0x0234      	SUBWF      _i, 0
0x02C2	0x1803      	BTFSC      STATUS, 0
0x02C3	0x2ADA      	GOTO       L_ver1
;Proyecto FInal.c,55 :: 		Lcd_chr(f,i+1,txt[i]);
0x02C4	0x0836      	MOVF       FARG_ver_F, 0
0x02C5	0x00BA      	MOVWF      FARG_Lcd_Chr_row
0x02C6	0x0A34      	INCF       _i, 0
0x02C7	0x00BB      	MOVWF      FARG_Lcd_Chr_column
0x02C8	0x0834      	MOVF       _i, 0
0x02C9	0x0737      	ADDWF      FARG_ver_txt, 0
0x02CA	0x00F0      	MOVWF      R0
0x02CB	0x0838      	MOVF       FARG_ver_txt+1, 0
0x02CC	0x1803      	BTFSC      STATUS, 0
0x02CD	0x3E01      	ADDLW      1
0x02CE	0x00F1      	MOVWF      R0+1
0x02CF	0x0870      	MOVF       R0, 0
0x02D0	0x00AD      	MOVWF      ___DoICPAddr
0x02D1	0x0871      	MOVF       R0+1, 0
0x02D2	0x00AE      	MOVWF      ___DoICPAddr+1
0x02D3	0x205A      	CALL       _____DoICP
0x02D4	0x118A      	BCF        PCLATH, 3
0x02D5	0x120A      	BCF        PCLATH, 4
0x02D6	0x00BC      	MOVWF      FARG_Lcd_Chr_out_char
0x02D7	0x2122      	CALL       _Lcd_Chr
;Proyecto FInal.c,53 :: 		for(i=0;i<16;i++)
0x02D8	0x0AB4      	INCF       _i, 1
;Proyecto FInal.c,56 :: 		}
0x02D9	0x2AC0      	GOTO       L_ver0
L_ver1:
;Proyecto FInal.c,57 :: 		}
L_end_ver:
0x02DA	0x0008      	RETURN
; end of _ver
_registro1:
;Proyecto FInal.c,69 :: 		void registro1()
;Proyecto FInal.c,71 :: 		buffer = 0;
0x02DB	0x1283      	BCF        STATUS, 5
0x02DC	0x1303      	BCF        STATUS, 6
0x02DD	0x01A7      	CLRF       _buffer
;Proyecto FInal.c,72 :: 		Digitos = 0;
0x02DE	0x01A9      	CLRF       _Digitos
0x02DF	0x01AA      	CLRF       _Digitos+1
;Proyecto FInal.c,73 :: 		while (1)
L_registro13:
;Proyecto FInal.c,76 :: 		teclado();
0x02E0	0x208C      	CALL       _teclado
;Proyecto FInal.c,78 :: 		if ((buffer >= '0')&&(buffer <= '9'))
0x02E1	0x3030      	MOVLW      48
0x02E2	0x0227      	SUBWF      _buffer, 0
0x02E3	0x1C03      	BTFSS      STATUS, 0
0x02E4	0x2B03      	GOTO       L_registro17
0x02E5	0x0827      	MOVF       _buffer, 0
0x02E6	0x3C39      	SUBLW      57
0x02E7	0x1C03      	BTFSS      STATUS, 0
0x02E8	0x2B03      	GOTO       L_registro17
L__registro178:
;Proyecto FInal.c,80 :: 		Lcd_Chr_Cp(buffer);
0x02E9	0x0827      	MOVF       _buffer, 0
0x02EA	0x00BA      	MOVWF      FARG_Lcd_Chr_CP_out_char
0x02EB	0x2157      	CALL       _Lcd_Chr_CP
;Proyecto FInal.c,82 :: 		Digitos =Digitos*10 + (buffer - 48);
0x02EC	0x0829      	MOVF       _Digitos, 0
0x02ED	0x00F0      	MOVWF      R0
0x02EE	0x082A      	MOVF       _Digitos+1, 0
0x02EF	0x00F1      	MOVWF      R0+1
0x02F0	0x300A      	MOVLW      10
0x02F1	0x00F4      	MOVWF      R4
0x02F2	0x3000      	MOVLW      0
0x02F3	0x00F5      	MOVWF      R4+1
0x02F4	0x2061      	CALL       _Mul_16X16_U
0x02F5	0x3030      	MOVLW      48
0x02F6	0x0227      	SUBWF      _buffer, 0
0x02F7	0x00F2      	MOVWF      R2
0x02F8	0x01F3      	CLRF       R2+1
0x02F9	0x1C03      	BTFSS      STATUS, 0
0x02FA	0x03F3      	DECF       R2+1, 1
0x02FB	0x0872      	MOVF       R2, 0
0x02FC	0x0770      	ADDWF      R0, 0
0x02FD	0x00A9      	MOVWF      _Digitos
0x02FE	0x0871      	MOVF       R0+1, 0
0x02FF	0x1803      	BTFSC      STATUS, 0
0x0300	0x3E01      	ADDLW      1
0x0301	0x0773      	ADDWF      R2+1, 0
0x0302	0x00AA      	MOVWF      _Digitos+1
;Proyecto FInal.c,84 :: 		}
L_registro17:
;Proyecto FInal.c,85 :: 		if(buffer == '*'){
0x0303	0x0827      	MOVF       _buffer, 0
0x0304	0x3A2A      	XORLW      42
0x0305	0x1D03      	BTFSS      STATUS, 2
0x0306	0x2B0A      	GOTO       L_registro18
;Proyecto FInal.c,86 :: 		n=1;
0x0307	0x3001      	MOVLW      1
0x0308	0x00A8      	MOVWF      _n
;Proyecto FInal.c,87 :: 		break;
0x0309	0x2B0B      	GOTO       L_registro14
;Proyecto FInal.c,89 :: 		}
L_registro18:
;Proyecto FInal.c,90 :: 		}
0x030A	0x2AE0      	GOTO       L_registro13
L_registro14:
;Proyecto FInal.c,91 :: 		}
L_end_registro1:
0x030B	0x0008      	RETURN
; end of _registro1
_Secuencia:
;Proyecto FInal.c,178 :: 		void Secuencia()
;Proyecto FInal.c,180 :: 		if(n == 5)
0x030C	0x1283      	BCF        STATUS, 5
0x030D	0x1303      	BCF        STATUS, 6
0x030E	0x0828      	MOVF       _n, 0
0x030F	0x3A05      	XORLW      5
0x0310	0x1D03      	BTFSS      STATUS, 2
0x0311	0x2B30      	GOTO       L_Secuencia33
;Proyecto FInal.c,183 :: 		for(x=0;x<=Digitos;x++){
0x0312	0x01B5      	CLRF       _x
L_Secuencia34:
0x0313	0x3000      	MOVLW      0
0x0314	0x022A      	SUBWF      _Digitos+1, 0
0x0315	0x1D03      	BTFSS      STATUS, 2
0x0316	0x2B19      	GOTO       L__Secuencia91
0x0317	0x0835      	MOVF       _x, 0
0x0318	0x0229      	SUBWF      _Digitos, 0
L__Secuencia91:
0x0319	0x1C03      	BTFSS      STATUS, 0
0x031A	0x2B30      	GOTO       L_Secuencia35
;Proyecto FInal.c,184 :: 		while(PORTE.F1==0);
L_Secuencia37:
0x031B	0x1889      	BTFSC      PORTE, 1
0x031C	0x2B1E      	GOTO       L_Secuencia38
0x031D	0x2B1B      	GOTO       L_Secuencia37
L_Secuencia38:
;Proyecto FInal.c,185 :: 		delay_us(88992);
0x031E	0x30E8      	MOVLW      232
0x031F	0x00FC      	MOVWF      R12
0x0320	0x3024      	MOVLW      36
0x0321	0x00FD      	MOVWF      R13
L_Secuencia39:
0x0322	0x0BFD      	DECFSZ     R13, 1
0x0323	0x2B22      	GOTO       L_Secuencia39
0x0324	0x0BFC      	DECFSZ     R12, 1
0x0325	0x2B22      	GOTO       L_Secuencia39
0x0326	0x0000      	NOP
;Proyecto FInal.c,186 :: 		PORTE.F0=1;
0x0327	0x1409      	BSF        PORTE, 0
;Proyecto FInal.c,187 :: 		delay_us(10);
0x0328	0x3006      	MOVLW      6
0x0329	0x00FD      	MOVWF      R13
L_Secuencia40:
0x032A	0x0BFD      	DECFSZ     R13, 1
0x032B	0x2B2A      	GOTO       L_Secuencia40
0x032C	0x0000      	NOP
;Proyecto FInal.c,188 :: 		PORTE.F0=0;
0x032D	0x1009      	BCF        PORTE, 0
;Proyecto FInal.c,183 :: 		for(x=0;x<=Digitos;x++){
0x032E	0x0AB5      	INCF       _x, 1
;Proyecto FInal.c,189 :: 		}
0x032F	0x2B13      	GOTO       L_Secuencia34
L_Secuencia35:
;Proyecto FInal.c,190 :: 		}
L_Secuencia33:
;Proyecto FInal.c,191 :: 		}
L_end_Secuencia:
0x0330	0x0008      	RETURN
; end of _Secuencia
_main:
0x0331	0x1283      	BCF        STATUS, 5
0x0332	0x1303      	BCF        STATUS, 6
0x0333	0x01A0      	CLRF       ?lstr5_Proyecto_32FInal
0x0334	0x01A1      	CLRF       ?lstr4_Proyecto_32FInal
0x0335	0x01A2      	CLRF       ?lstr3_Proyecto_32FInal
0x0336	0x01A3      	CLRF       ?lstr2_Proyecto_32FInal
0x0337	0x01A4      	CLRF       ?lstr1_Proyecto_32FInal
;Proyecto FInal.c,238 :: 		void main()
;Proyecto FInal.c,240 :: 		ANSEL = 0;
0x0338	0x1683      	BSF        STATUS, 5
0x0339	0x1703      	BSF        STATUS, 6
0x033A	0x0188      	CLRF       ANSEL
;Proyecto FInal.c,241 :: 		ANSELH = 0;
0x033B	0x0189      	CLRF       ANSELH
;Proyecto FInal.c,242 :: 		C1ON_bit = 0;
0x033C	0x1283      	BCF        STATUS, 5
0x033D	0x1387      	BCF        C1ON_bit, BitPos(C1ON_bit+0)
;Proyecto FInal.c,243 :: 		C2ON_bit = 0;
0x033E	0x1388      	BCF        C2ON_bit, BitPos(C2ON_bit+0)
;Proyecto FInal.c,244 :: 		TRISB = 0;
0x033F	0x1683      	BSF        STATUS, 5
0x0340	0x1303      	BCF        STATUS, 6
0x0341	0x0186      	CLRF       TRISB
;Proyecto FInal.c,245 :: 		PORTB = 0;
0x0342	0x1283      	BCF        STATUS, 5
0x0343	0x0186      	CLRF       PORTB
;Proyecto FInal.c,246 :: 		TRISD = 0xF0;
0x0344	0x30F0      	MOVLW      240
0x0345	0x1683      	BSF        STATUS, 5
0x0346	0x0088      	MOVWF      TRISD
;Proyecto FInal.c,247 :: 		PORTD = 0xF0;
0x0347	0x30F0      	MOVLW      240
0x0348	0x1283      	BCF        STATUS, 5
0x0349	0x0088      	MOVWF      PORTD
;Proyecto FInal.c,248 :: 		TRISE = 0x02;
0x034A	0x3002      	MOVLW      2
0x034B	0x1683      	BSF        STATUS, 5
0x034C	0x0089      	MOVWF      TRISE
;Proyecto FInal.c,249 :: 		PORTE = 0;
0x034D	0x1283      	BCF        STATUS, 5
0x034E	0x0189      	CLRF       PORTE
;Proyecto FInal.c,250 :: 		Lcd_Init();
0x034F	0x223E      	CALL       _Lcd_Init
;Proyecto FInal.c,251 :: 		Lcd_Cmd(_LCD_CURSOR_OFF);
0x0350	0x300C      	MOVLW      12
0x0351	0x00BD      	MOVWF      FARG_Lcd_Cmd_out_char
0x0352	0x201A      	CALL       _Lcd_Cmd
;Proyecto FInal.c,252 :: 		Lcd_cmd(_Lcd_clear);
0x0353	0x3001      	MOVLW      1
0x0354	0x00BD      	MOVWF      FARG_Lcd_Cmd_out_char
0x0355	0x201A      	CALL       _Lcd_Cmd
;Proyecto FInal.c,254 :: 		ver(1,txt1);
0x0356	0x3001      	MOVLW      1
0x0357	0x00B6      	MOVWF      FARG_ver_F
0x0358	0x3019      	MOVLW      _txt1
0x0359	0x00B7      	MOVWF      FARG_ver_txt
0x035A	0x3005      	MOVLW      hi_addr(_txt1)
0x035B	0x00B8      	MOVWF      FARG_ver_txt+1
0x035C	0x22BD      	CALL       _ver
;Proyecto FInal.c,255 :: 		ver(2,txt2);
0x035D	0x3002      	MOVLW      2
0x035E	0x00B6      	MOVWF      FARG_ver_F
0x035F	0x302A      	MOVLW      _txt2
0x0360	0x00B7      	MOVWF      FARG_ver_txt
0x0361	0x3005      	MOVLW      hi_addr(_txt2)
0x0362	0x00B8      	MOVWF      FARG_ver_txt+1
0x0363	0x22BD      	CALL       _ver
;Proyecto FInal.c,256 :: 		delay_ms(Delay);
0x0364	0x3027      	MOVLW      39
0x0365	0x00FC      	MOVWF      R12
0x0366	0x30F5      	MOVLW      245
0x0367	0x00FD      	MOVWF      R13
L_main69:
0x0368	0x0BFD      	DECFSZ     R13, 1
0x0369	0x2B68      	GOTO       L_main69
0x036A	0x0BFC      	DECFSZ     R12, 1
0x036B	0x2B68      	GOTO       L_main69
;Proyecto FInal.c,257 :: 		lcd_cmd(_lcd_clear);
0x036C	0x3001      	MOVLW      1
0x036D	0x00BD      	MOVWF      FARG_Lcd_Cmd_out_char
0x036E	0x201A      	CALL       _Lcd_Cmd
;Proyecto FInal.c,258 :: 		ver(1,txt3);
0x036F	0x3001      	MOVLW      1
0x0370	0x00B6      	MOVWF      FARG_ver_F
0x0371	0x30F7      	MOVLW      _txt3
0x0372	0x00B7      	MOVWF      FARG_ver_txt
0x0373	0x3004      	MOVLW      hi_addr(_txt3)
0x0374	0x00B8      	MOVWF      FARG_ver_txt+1
0x0375	0x22BD      	CALL       _ver
;Proyecto FInal.c,259 :: 		ver(2,txt4);
0x0376	0x3002      	MOVLW      2
0x0377	0x00B6      	MOVWF      FARG_ver_F
0x0378	0x3008      	MOVLW      _txt4
0x0379	0x00B7      	MOVWF      FARG_ver_txt
0x037A	0x3005      	MOVLW      hi_addr(_txt4)
0x037B	0x00B8      	MOVWF      FARG_ver_txt+1
0x037C	0x22BD      	CALL       _ver
;Proyecto FInal.c,260 :: 		delay_ms(Delay);
0x037D	0x3027      	MOVLW      39
0x037E	0x00FC      	MOVWF      R12
0x037F	0x30F5      	MOVLW      245
0x0380	0x00FD      	MOVWF      R13
L_main70:
0x0381	0x0BFD      	DECFSZ     R13, 1
0x0382	0x2B81      	GOTO       L_main70
0x0383	0x0BFC      	DECFSZ     R12, 1
0x0384	0x2B81      	GOTO       L_main70
;Proyecto FInal.c,261 :: 		lcd_cmd(_lcd_clear);
0x0385	0x3001      	MOVLW      1
0x0386	0x00BD      	MOVWF      FARG_Lcd_Cmd_out_char
0x0387	0x201A      	CALL       _Lcd_Cmd
;Proyecto FInal.c,262 :: 		ver(1,txt5);
0x0388	0x3001      	MOVLW      1
0x0389	0x00B6      	MOVWF      FARG_ver_F
0x038A	0x303B      	MOVLW      _txt5
0x038B	0x00B7      	MOVWF      FARG_ver_txt
0x038C	0x3005      	MOVLW      hi_addr(_txt5)
0x038D	0x00B8      	MOVWF      FARG_ver_txt+1
0x038E	0x22BD      	CALL       _ver
;Proyecto FInal.c,263 :: 		ver(2,txt6);
0x038F	0x3002      	MOVLW      2
0x0390	0x00B6      	MOVWF      FARG_ver_F
0x0391	0x306E      	MOVLW      _txt6
0x0392	0x00B7      	MOVWF      FARG_ver_txt
0x0393	0x3005      	MOVLW      hi_addr(_txt6)
0x0394	0x00B8      	MOVWF      FARG_ver_txt+1
0x0395	0x22BD      	CALL       _ver
;Proyecto FInal.c,264 :: 		delay_ms(Delay);
0x0396	0x3027      	MOVLW      39
0x0397	0x00FC      	MOVWF      R12
0x0398	0x30F5      	MOVLW      245
0x0399	0x00FD      	MOVWF      R13
L_main71:
0x039A	0x0BFD      	DECFSZ     R13, 1
0x039B	0x2B9A      	GOTO       L_main71
0x039C	0x0BFC      	DECFSZ     R12, 1
0x039D	0x2B9A      	GOTO       L_main71
;Proyecto FInal.c,265 :: 		lcd_cmd(_lcd_clear);
0x039E	0x3001      	MOVLW      1
0x039F	0x00BD      	MOVWF      FARG_Lcd_Cmd_out_char
0x03A0	0x201A      	CALL       _Lcd_Cmd
;Proyecto FInal.c,266 :: 		ver(1,txt7);
0x03A1	0x3001      	MOVLW      1
0x03A2	0x00B6      	MOVWF      FARG_ver_F
0x03A3	0x307F      	MOVLW      _txt7
0x03A4	0x00B7      	MOVWF      FARG_ver_txt
0x03A5	0x3005      	MOVLW      hi_addr(_txt7)
0x03A6	0x00B8      	MOVWF      FARG_ver_txt+1
0x03A7	0x22BD      	CALL       _ver
;Proyecto FInal.c,267 :: 		delay_ms(Delay);
0x03A8	0x3027      	MOVLW      39
0x03A9	0x00FC      	MOVWF      R12
0x03AA	0x30F5      	MOVLW      245
0x03AB	0x00FD      	MOVWF      R13
L_main72:
0x03AC	0x0BFD      	DECFSZ     R13, 1
0x03AD	0x2BAC      	GOTO       L_main72
0x03AE	0x0BFC      	DECFSZ     R12, 1
0x03AF	0x2BAC      	GOTO       L_main72
;Proyecto FInal.c,268 :: 		lcd_cmd(_lcd_clear);
0x03B0	0x3001      	MOVLW      1
0x03B1	0x00BD      	MOVWF      FARG_Lcd_Cmd_out_char
0x03B2	0x201A      	CALL       _Lcd_Cmd
;Proyecto FInal.c,269 :: 		ver(1,txt10);
0x03B3	0x3001      	MOVLW      1
0x03B4	0x00B6      	MOVWF      FARG_ver_F
0x03B5	0x304C      	MOVLW      _txt10
0x03B6	0x00B7      	MOVWF      FARG_ver_txt
0x03B7	0x3005      	MOVLW      hi_addr(_txt10)
0x03B8	0x00B8      	MOVWF      FARG_ver_txt+1
0x03B9	0x22BD      	CALL       _ver
;Proyecto FInal.c,270 :: 		ver(2,txt11);;
0x03BA	0x3002      	MOVLW      2
0x03BB	0x00B6      	MOVWF      FARG_ver_F
0x03BC	0x305D      	MOVLW      _txt11
0x03BD	0x00B7      	MOVWF      FARG_ver_txt
0x03BE	0x3005      	MOVLW      hi_addr(_txt11)
0x03BF	0x00B8      	MOVWF      FARG_ver_txt+1
0x03C0	0x22BD      	CALL       _ver
;Proyecto FInal.c,271 :: 		delay_ms(Delay);
0x03C1	0x3027      	MOVLW      39
0x03C2	0x00FC      	MOVWF      R12
0x03C3	0x30F5      	MOVLW      245
0x03C4	0x00FD      	MOVWF      R13
L_main73:
0x03C5	0x0BFD      	DECFSZ     R13, 1
0x03C6	0x2BC5      	GOTO       L_main73
0x03C7	0x0BFC      	DECFSZ     R12, 1
0x03C8	0x2BC5      	GOTO       L_main73
;Proyecto FInal.c,272 :: 		lcd_cmd(_lcd_clear);
0x03C9	0x3001      	MOVLW      1
0x03CA	0x00BD      	MOVWF      FARG_Lcd_Cmd_out_char
0x03CB	0x201A      	CALL       _Lcd_Cmd
;Proyecto FInal.c,273 :: 		ver(1,txt13);
0x03CC	0x3001      	MOVLW      1
0x03CD	0x00B6      	MOVWF      FARG_ver_F
0x03CE	0x3080      	MOVLW      _txt13
0x03CF	0x00B7      	MOVWF      FARG_ver_txt
0x03D0	0x3004      	MOVLW      hi_addr(_txt13)
0x03D1	0x00B8      	MOVWF      FARG_ver_txt+1
0x03D2	0x22BD      	CALL       _ver
;Proyecto FInal.c,274 :: 		ver(2,txt14);
0x03D3	0x3002      	MOVLW      2
0x03D4	0x00B6      	MOVWF      FARG_ver_F
0x03D5	0x3091      	MOVLW      _txt14
0x03D6	0x00B7      	MOVWF      FARG_ver_txt
0x03D7	0x3004      	MOVLW      hi_addr(_txt14)
0x03D8	0x00B8      	MOVWF      FARG_ver_txt+1
0x03D9	0x22BD      	CALL       _ver
;Proyecto FInal.c,275 :: 		delay_ms(Delay);
0x03DA	0x3027      	MOVLW      39
0x03DB	0x00FC      	MOVWF      R12
0x03DC	0x30F5      	MOVLW      245
0x03DD	0x00FD      	MOVWF      R13
L_main74:
0x03DE	0x0BFD      	DECFSZ     R13, 1
0x03DF	0x2BDE      	GOTO       L_main74
0x03E0	0x0BFC      	DECFSZ     R12, 1
0x03E1	0x2BDE      	GOTO       L_main74
;Proyecto FInal.c,276 :: 		lcd_cmd(_lcd_clear);
0x03E2	0x3001      	MOVLW      1
0x03E3	0x00BD      	MOVWF      FARG_Lcd_Cmd_out_char
0x03E4	0x201A      	CALL       _Lcd_Cmd
;Proyecto FInal.c,277 :: 		ver(1,txt16);
0x03E5	0x3001      	MOVLW      1
0x03E6	0x00B6      	MOVWF      FARG_ver_F
0x03E7	0x305E      	MOVLW      _txt16
0x03E8	0x00B7      	MOVWF      FARG_ver_txt
0x03E9	0x3004      	MOVLW      hi_addr(_txt16)
0x03EA	0x00B8      	MOVWF      FARG_ver_txt+1
0x03EB	0x22BD      	CALL       _ver
;Proyecto FInal.c,278 :: 		ver(2,txt17);
0x03EC	0x3002      	MOVLW      2
0x03ED	0x00B6      	MOVWF      FARG_ver_F
0x03EE	0x306F      	MOVLW      _txt17
0x03EF	0x00B7      	MOVWF      FARG_ver_txt
0x03F0	0x3004      	MOVLW      hi_addr(_txt17)
0x03F1	0x00B8      	MOVWF      FARG_ver_txt+1
0x03F2	0x22BD      	CALL       _ver
;Proyecto FInal.c,279 :: 		delay_ms(Delay);
0x03F3	0x3027      	MOVLW      39
0x03F4	0x00FC      	MOVWF      R12
0x03F5	0x30F5      	MOVLW      245
0x03F6	0x00FD      	MOVWF      R13
L_main75:
0x03F7	0x0BFD      	DECFSZ     R13, 1
0x03F8	0x2BF7      	GOTO       L_main75
0x03F9	0x0BFC      	DECFSZ     R12, 1
0x03FA	0x2BF7      	GOTO       L_main75
;Proyecto FInal.c,280 :: 		lcd_cmd(_lcd_clear);
0x03FB	0x3001      	MOVLW      1
0x03FC	0x00BD      	MOVWF      FARG_Lcd_Cmd_out_char
0x03FD	0x201A      	CALL       _Lcd_Cmd
;Proyecto FInal.c,281 :: 		while(1){
L_main76:
;Proyecto FInal.c,282 :: 		lcd_cmd(_lcd_clear);
0x03FE	0x3001      	MOVLW      1
0x03FF	0x00BD      	MOVWF      FARG_Lcd_Cmd_out_char
0x0400	0x201A      	CALL       _Lcd_Cmd
;Proyecto FInal.c,283 :: 		ver(1,txt23);
0x0401	0x3001      	MOVLW      1
0x0402	0x00B6      	MOVWF      FARG_ver_F
0x0403	0x30A2      	MOVLW      _txt23
0x0404	0x00B7      	MOVWF      FARG_ver_txt
0x0405	0x3004      	MOVLW      hi_addr(_txt23)
0x0406	0x00B8      	MOVWF      FARG_ver_txt+1
0x0407	0x22BD      	CALL       _ver
;Proyecto FInal.c,284 :: 		lcd_out(2,1,"");
0x0408	0x3002      	MOVLW      2
0x0409	0x00B6      	MOVWF      FARG_Lcd_Out_row
0x040A	0x3001      	MOVLW      1
0x040B	0x00B7      	MOVWF      FARG_Lcd_Out_column
0x040C	0x3024      	MOVLW      ?lstr1_Proyecto_32FInal
0x040D	0x00B8      	MOVWF      FARG_Lcd_Out_text
0x040E	0x21CD      	CALL       _Lcd_Out
;Proyecto FInal.c,285 :: 		registro1();
0x040F	0x22DB      	CALL       _registro1
;Proyecto FInal.c,286 :: 		lcd_cmd(_lcd_clear);
0x0410	0x3001      	MOVLW      1
0x0411	0x00BD      	MOVWF      FARG_Lcd_Cmd_out_char
0x0412	0x201A      	CALL       _Lcd_Cmd
;Proyecto FInal.c,287 :: 		ver(1,txt24);
0x0413	0x3001      	MOVLW      1
0x0414	0x00B6      	MOVWF      FARG_ver_F
0x0415	0x30D5      	MOVLW      _txt24
0x0416	0x00B7      	MOVWF      FARG_ver_txt
0x0417	0x3004      	MOVLW      hi_addr(_txt24)
0x0418	0x00B8      	MOVWF      FARG_ver_txt+1
0x0419	0x22BD      	CALL       _ver
;Proyecto FInal.c,288 :: 		lcd_out(2,1,"");
0x041A	0x3002      	MOVLW      2
0x041B	0x00B6      	MOVWF      FARG_Lcd_Out_row
0x041C	0x3001      	MOVLW      1
0x041D	0x00B7      	MOVWF      FARG_Lcd_Out_column
0x041E	0x3023      	MOVLW      ?lstr2_Proyecto_32FInal
0x041F	0x00B8      	MOVWF      FARG_Lcd_Out_text
0x0420	0x21CD      	CALL       _Lcd_Out
;Proyecto FInal.c,289 :: 		registro2();
0x0421	0x219C      	CALL       _registro2
;Proyecto FInal.c,290 :: 		lcd_cmd(_lcd_clear);
0x0422	0x3001      	MOVLW      1
0x0423	0x00BD      	MOVWF      FARG_Lcd_Cmd_out_char
0x0424	0x201A      	CALL       _Lcd_Cmd
;Proyecto FInal.c,291 :: 		ver(1,txt25);
0x0425	0x3001      	MOVLW      1
0x0426	0x00B6      	MOVWF      FARG_ver_F
0x0427	0x30E6      	MOVLW      _txt25
0x0428	0x00B7      	MOVWF      FARG_ver_txt
0x0429	0x3004      	MOVLW      hi_addr(_txt25)
0x042A	0x00B8      	MOVWF      FARG_ver_txt+1
0x042B	0x22BD      	CALL       _ver
;Proyecto FInal.c,292 :: 		lcd_out(2,1,"");
0x042C	0x3002      	MOVLW      2
0x042D	0x00B6      	MOVWF      FARG_Lcd_Out_row
0x042E	0x3001      	MOVLW      1
0x042F	0x00B7      	MOVWF      FARG_Lcd_Out_column
0x0430	0x3022      	MOVLW      ?lstr3_Proyecto_32FInal
0x0431	0x00B8      	MOVWF      FARG_Lcd_Out_text
0x0432	0x21CD      	CALL       _Lcd_Out
;Proyecto FInal.c,293 :: 		registro3();
0x0433	0x228C      	CALL       _registro3
;Proyecto FInal.c,294 :: 		lcd_cmd(_lcd_clear);
0x0434	0x3001      	MOVLW      1
0x0435	0x00BD      	MOVWF      FARG_Lcd_Cmd_out_char
0x0436	0x201A      	CALL       _Lcd_Cmd
;Proyecto FInal.c,295 :: 		ver(1,txt26);
0x0437	0x3001      	MOVLW      1
0x0438	0x00B6      	MOVWF      FARG_ver_F
0x0439	0x30B3      	MOVLW      _txt26
0x043A	0x00B7      	MOVWF      FARG_ver_txt
0x043B	0x3004      	MOVLW      hi_addr(_txt26)
0x043C	0x00B8      	MOVWF      FARG_ver_txt+1
0x043D	0x22BD      	CALL       _ver
;Proyecto FInal.c,296 :: 		lcd_out(2,1,"");
0x043E	0x3002      	MOVLW      2
0x043F	0x00B6      	MOVWF      FARG_Lcd_Out_row
0x0440	0x3001      	MOVLW      1
0x0441	0x00B7      	MOVWF      FARG_Lcd_Out_column
0x0442	0x3021      	MOVLW      ?lstr4_Proyecto_32FInal
0x0443	0x00B8      	MOVWF      FARG_Lcd_Out_text
0x0444	0x21CD      	CALL       _Lcd_Out
;Proyecto FInal.c,297 :: 		registro4();
0x0445	0x220D      	CALL       _registro4
;Proyecto FInal.c,298 :: 		lcd_cmd(_lcd_clear);
0x0446	0x3001      	MOVLW      1
0x0447	0x00BD      	MOVWF      FARG_Lcd_Cmd_out_char
0x0448	0x201A      	CALL       _Lcd_Cmd
;Proyecto FInal.c,299 :: 		ver(1,txt27);
0x0449	0x3001      	MOVLW      1
0x044A	0x00B6      	MOVWF      FARG_ver_F
0x044B	0x30C4      	MOVLW      _txt27
0x044C	0x00B7      	MOVWF      FARG_ver_txt
0x044D	0x3004      	MOVLW      hi_addr(_txt27)
0x044E	0x00B8      	MOVWF      FARG_ver_txt+1
0x044F	0x22BD      	CALL       _ver
;Proyecto FInal.c,300 :: 		lcd_out(2,1,"");
0x0450	0x3002      	MOVLW      2
0x0451	0x00B6      	MOVWF      FARG_Lcd_Out_row
0x0452	0x3001      	MOVLW      1
0x0453	0x00B7      	MOVWF      FARG_Lcd_Out_column
0x0454	0x3020      	MOVLW      ?lstr5_Proyecto_32FInal
0x0455	0x00B8      	MOVWF      FARG_Lcd_Out_text
0x0456	0x21CD      	CALL       _Lcd_Out
;Proyecto FInal.c,301 :: 		registro5();
0x0457	0x215F      	CALL       _registro5
;Proyecto FInal.c,302 :: 		Lcd_cmd(_LCD_CLEAR);
0x0458	0x3001      	MOVLW      1
0x0459	0x00BD      	MOVWF      FARG_Lcd_Cmd_out_char
0x045A	0x201A      	CALL       _Lcd_Cmd
;Proyecto FInal.c,303 :: 		Secuencia();
0x045B	0x230C      	CALL       _Secuencia
;Proyecto FInal.c,304 :: 		}
0x045C	0x2BFE      	GOTO       L_main76
;Proyecto FInal.c,305 :: 		}
L_end_main:
0x045D	0x2C5D      	GOTO       $+0
; end of _main
;Proyecto FInal.c,21 :: _txt16
0x045E	0x3459 ;_txt16+0
0x045F	0x3420 ;_txt16+1
0x0460	0x3450 ;_txt16+2
0x0461	0x3472 ;_txt16+3
0x0462	0x3465 ;_txt16+4
0x0463	0x3473 ;_txt16+5
0x0464	0x3469 ;_txt16+6
0x0465	0x346F ;_txt16+7
0x0466	0x346E ;_txt16+8
0x0467	0x3465 ;_txt16+9
0x0468	0x3420 ;_txt16+10
0x0469	0x3445 ;_txt16+11
0x046A	0x346E ;_txt16+12
0x046B	0x3474 ;_txt16+13
0x046C	0x3465 ;_txt16+14
0x046D	0x3472 ;_txt16+15
0x046E	0x3400 ;_txt16+16
; end of _txt16
;Proyecto FInal.c,22 :: _txt17
0x046F	0x3420 ;_txt17+0
0x0470	0x3420 ;_txt17+1
0x0471	0x3420 ;_txt17+2
0x0472	0x3420 ;_txt17+3
0x0473	0x3420 ;_txt17+4
0x0474	0x3420 ;_txt17+5
0x0475	0x3428 ;_txt17+6
0x0476	0x342A ;_txt17+7
0x0477	0x3429 ;_txt17+8
0x0478	0x3420 ;_txt17+9
0x0479	0x3420 ;_txt17+10
0x047A	0x3420 ;_txt17+11
0x047B	0x3420 ;_txt17+12
0x047C	0x3420 ;_txt17+13
0x047D	0x3420 ;_txt17+14
0x047E	0x3420 ;_txt17+15
0x047F	0x3400 ;_txt17+16
; end of _txt17
;Proyecto FInal.c,19 :: _txt13
0x0480	0x3450 ;_txt13+0
0x0481	0x3461 ;_txt13+1
0x0482	0x3472 ;_txt13+2
0x0483	0x3461 ;_txt13+3
0x0484	0x3420 ;_txt13+4
0x0485	0x346C ;_txt13+5
0x0486	0x3461 ;_txt13+6
0x0487	0x3420 ;_txt13+7
0x0488	0x3470 ;_txt13+8
0x0489	0x346F ;_txt13+9
0x048A	0x3474 ;_txt13+10
0x048B	0x3465 ;_txt13+11
0x048C	0x346E ;_txt13+12
0x048D	0x3463 ;_txt13+13
0x048E	0x3469 ;_txt13+14
0x048F	0x3461 ;_txt13+15
0x0490	0x3400 ;_txt13+16
; end of _txt13
;Proyecto FInal.c,20 :: _txt14
0x0491	0x3420 ;_txt14+0
0x0492	0x3420 ;_txt14+1
0x0493	0x3420 ;_txt14+2
0x0494	0x3444 ;_txt14+3
0x0495	0x3465 ;_txt14+4
0x0496	0x346C ;_txt14+5
0x0497	0x3420 ;_txt14+6
0x0498	0x3454 ;_txt14+7
0x0499	0x3461 ;_txt14+8
0x049A	0x346C ;_txt14+9
0x049B	0x3461 ;_txt14+10
0x049C	0x3464 ;_txt14+11
0x049D	0x3472 ;_txt14+12
0x049E	0x346F ;_txt14+13
0x049F	0x3420 ;_txt14+14
0x04A0	0x3420 ;_txt14+15
0x04A1	0x3400 ;_txt14+16
; end of _txt14
;Proyecto FInal.c,26 :: _txt23
0x04A2	0x3420 ;_txt23+0
0x04A3	0x3420 ;_txt23+1
0x04A4	0x3431 ;_txt23+2
0x04A5	0x3465 ;_txt23+3
0x04A6	0x3472 ;_txt23+4
0x04A7	0x3420 ;_txt23+5
0x04A8	0x3450 ;_txt23+6
0x04A9	0x346F ;_txt23+7
0x04AA	0x3474 ;_txt23+8
0x04AB	0x3465 ;_txt23+9
0x04AC	0x346E ;_txt23+10
0x04AD	0x3463 ;_txt23+11
0x04AE	0x3469 ;_txt23+12
0x04AF	0x3461 ;_txt23+13
0x04B0	0x3420 ;_txt23+14
0x04B1	0x3420 ;_txt23+15
0x04B2	0x3400 ;_txt23+16
; end of _txt23
;Proyecto FInal.c,29 :: _txt26
0x04B3	0x3420 ;_txt26+0
0x04B4	0x3420 ;_txt26+1
0x04B5	0x3434 ;_txt26+2
0x04B6	0x3474 ;_txt26+3
0x04B7	0x3461 ;_txt26+4
0x04B8	0x3420 ;_txt26+5
0x04B9	0x3450 ;_txt26+6
0x04BA	0x346F ;_txt26+7
0x04BB	0x3474 ;_txt26+8
0x04BC	0x3465 ;_txt26+9
0x04BD	0x346E ;_txt26+10
0x04BE	0x3463 ;_txt26+11
0x04BF	0x3469 ;_txt26+12
0x04C0	0x3461 ;_txt26+13
0x04C1	0x3420 ;_txt26+14
0x04C2	0x3420 ;_txt26+15
0x04C3	0x3400 ;_txt26+16
; end of _txt26
;Proyecto FInal.c,30 :: _txt27
0x04C4	0x3420 ;_txt27+0
0x04C5	0x3420 ;_txt27+1
0x04C6	0x3435 ;_txt27+2
0x04C7	0x3474 ;_txt27+3
0x04C8	0x3461 ;_txt27+4
0x04C9	0x3420 ;_txt27+5
0x04CA	0x3450 ;_txt27+6
0x04CB	0x346F ;_txt27+7
0x04CC	0x3474 ;_txt27+8
0x04CD	0x3465 ;_txt27+9
0x04CE	0x346E ;_txt27+10
0x04CF	0x3463 ;_txt27+11
0x04D0	0x3469 ;_txt27+12
0x04D1	0x3461 ;_txt27+13
0x04D2	0x3420 ;_txt27+14
0x04D3	0x3420 ;_txt27+15
0x04D4	0x3400 ;_txt27+16
; end of _txt27
;Proyecto FInal.c,27 :: _txt24
0x04D5	0x3420 ;_txt24+0
0x04D6	0x3420 ;_txt24+1
0x04D7	0x3432 ;_txt24+2
0x04D8	0x3464 ;_txt24+3
0x04D9	0x3461 ;_txt24+4
0x04DA	0x3420 ;_txt24+5
0x04DB	0x3450 ;_txt24+6
0x04DC	0x346F ;_txt24+7
0x04DD	0x3474 ;_txt24+8
0x04DE	0x3465 ;_txt24+9
0x04DF	0x346E ;_txt24+10
0x04E0	0x3463 ;_txt24+11
0x04E1	0x3469 ;_txt24+12
0x04E2	0x3461 ;_txt24+13
0x04E3	0x3420 ;_txt24+14
0x04E4	0x3420 ;_txt24+15
0x04E5	0x3400 ;_txt24+16
; end of _txt24
;Proyecto FInal.c,28 :: _txt25
0x04E6	0x3420 ;_txt25+0
0x04E7	0x3420 ;_txt25+1
0x04E8	0x3433 ;_txt25+2
0x04E9	0x3472 ;_txt25+3
0x04EA	0x3461 ;_txt25+4
0x04EB	0x3420 ;_txt25+5
0x04EC	0x3450 ;_txt25+6
0x04ED	0x346F ;_txt25+7
0x04EE	0x3474 ;_txt25+8
0x04EF	0x3465 ;_txt25+9
0x04F0	0x346E ;_txt25+10
0x04F1	0x3463 ;_txt25+11
0x04F2	0x3469 ;_txt25+12
0x04F3	0x3461 ;_txt25+13
0x04F4	0x3420 ;_txt25+14
0x04F5	0x3420 ;_txt25+15
0x04F6	0x3400 ;_txt25+16
; end of _txt25
;Proyecto FInal.c,12 :: _txt3
0x04F7	0x3420 ;_txt3+0
0x04F8	0x3443 ;_txt3+1
0x04F9	0x3461 ;_txt3+2
0x04FA	0x3472 ;_txt3+3
0x04FB	0x346C ;_txt3+4
0x04FC	0x346F ;_txt3+5
0x04FD	0x3473 ;_txt3+6
0x04FE	0x3420 ;_txt3+7
0x04FF	0x3441 ;_txt3+8
0x0500	0x3467 ;_txt3+9
0x0501	0x3475 ;_txt3+10
0x0502	0x3469 ;_txt3+11
0x0503	0x346C ;_txt3+12
0x0504	0x3461 ;_txt3+13
0x0505	0x3472 ;_txt3+14
0x0506	0x3420 ;_txt3+15
0x0507	0x3400 ;_txt3+16
; end of _txt3
;Proyecto FInal.c,13 :: _txt4
0x0508	0x3420 ;_txt4+0
0x0509	0x3420 ;_txt4+1
0x050A	0x3420 ;_txt4+2
0x050B	0x3432 ;_txt4+3
0x050C	0x3431 ;_txt4+4
0x050D	0x3435 ;_txt4+5
0x050E	0x3438 ;_txt4+6
0x050F	0x3436 ;_txt4+7
0x0510	0x3430 ;_txt4+8
0x0511	0x3430 ;_txt4+9
0x0512	0x3434 ;_txt4+10
0x0513	0x3439 ;_txt4+11
0x0514	0x3420 ;_txt4+12
0x0515	0x3420 ;_txt4+13
0x0516	0x3420 ;_txt4+14
0x0517	0x3420 ;_txt4+15
0x0518	0x3400 ;_txt4+16
; end of _txt4
;Proyecto FInal.c,10 :: _txt1
0x0519	0x3420 ;_txt1+0
0x051A	0x3420 ;_txt1+1
0x051B	0x3420 ;_txt1+2
0x051C	0x3420 ;_txt1+3
0x051D	0x3453 ;_txt1+4
0x051E	0x3453 ;_txt1+5
0x051F	0x3450 ;_txt1+6
0x0520	0x3450 ;_txt1+7
0x0521	0x3453 ;_txt1+8
0x0522	0x3445 ;_txt1+9
0x0523	0x3420 ;_txt1+10
0x0524	0x3420 ;_txt1+11
0x0525	0x3420 ;_txt1+12
0x0526	0x3420 ;_txt1+13
0x0527	0x3420 ;_txt1+14
0x0528	0x3420 ;_txt1+15
0x0529	0x3400 ;_txt1+16
; end of _txt1
;Proyecto FInal.c,11 :: _txt2
0x052A	0x3449 ;_txt2+0
0x052B	0x346E ;_txt2+1
0x052C	0x3467 ;_txt2+2
0x052D	0x342E ;_txt2+3
0x052E	0x3420 ;_txt2+4
0x052F	0x344A ;_txt2+5
0x0530	0x346F ;_txt2+6
0x0531	0x3473 ;_txt2+7
0x0532	0x3465 ;_txt2+8
0x0533	0x3420 ;_txt2+9
0x0534	0x3452 ;_txt2+10
0x0535	0x3461 ;_txt2+11
0x0536	0x346D ;_txt2+12
0x0537	0x346F ;_txt2+13
0x0538	0x3473 ;_txt2+14
0x0539	0x3420 ;_txt2+15
0x053A	0x3400 ;_txt2+16
; end of _txt2
;Proyecto FInal.c,14 :: _txt5
0x053B	0x3420 ;_txt5+0
0x053C	0x3450 ;_txt5+1
0x053D	0x3452 ;_txt5+2
0x053E	0x344F ;_txt5+3
0x053F	0x3459 ;_txt5+4
0x0540	0x3445 ;_txt5+5
0x0541	0x3443 ;_txt5+6
0x0542	0x3454 ;_txt5+7
0x0543	0x344F ;_txt5+8
0x0544	0x3420 ;_txt5+9
0x0545	0x3446 ;_txt5+10
0x0546	0x3449 ;_txt5+11
0x0547	0x344E ;_txt5+12
0x0548	0x3441 ;_txt5+13
0x0549	0x344C ;_txt5+14
0x054A	0x3420 ;_txt5+15
0x054B	0x3400 ;_txt5+16
; end of _txt5
;Proyecto FInal.c,17 :: _txt10
0x054C	0x3420 ;_txt10+0
0x054D	0x3420 ;_txt10+1
0x054E	0x3420 ;_txt10+2
0x054F	0x3453 ;_txt10+3
0x0550	0x3465 ;_txt10+4
0x0551	0x346C ;_txt10+5
0x0552	0x3465 ;_txt10+6
0x0553	0x3463 ;_txt10+7
0x0554	0x3463 ;_txt10+8
0x0555	0x3469 ;_txt10+9
0x0556	0x346F ;_txt10+10
0x0557	0x346E ;_txt10+11
0x0558	0x3465 ;_txt10+12
0x0559	0x3420 ;_txt10+13
0x055A	0x3420 ;_txt10+14
0x055B	0x3420 ;_txt10+15
0x055C	0x3400 ;_txt10+16
; end of _txt10
;Proyecto FInal.c,18 :: _txt11
0x055D	0x3420 ;_txt11+0
0x055E	0x3435 ;_txt11+1
0x055F	0x3420 ;_txt11+2
0x0560	0x3450 ;_txt11+3
0x0561	0x3472 ;_txt11+4
0x0562	0x346F ;_txt11+5
0x0563	0x3463 ;_txt11+6
0x0564	0x3465 ;_txt11+7
0x0565	0x346E ;_txt11+8
0x0566	0x3474 ;_txt11+9
0x0567	0x3461 ;_txt11+10
0x0568	0x346A ;_txt11+11
0x0569	0x3465 ;_txt11+12
0x056A	0x3473 ;_txt11+13
0x056B	0x3420 ;_txt11+14
0x056C	0x3420 ;_txt11+15
0x056D	0x3400 ;_txt11+16
; end of _txt11
;Proyecto FInal.c,15 :: _txt6
0x056E	0x3443 ;_txt6+0
0x056F	0x346F ;_txt6+1
0x0570	0x346E ;_txt6+2
0x0571	0x3474 ;_txt6+3
0x0572	0x3472 ;_txt6+4
0x0573	0x346F ;_txt6+5
0x0574	0x346C ;_txt6+6
0x0575	0x3420 ;_txt6+7
0x0576	0x3420 ;_txt6+8
0x0577	0x3454 ;_txt6+9
0x0578	0x3461 ;_txt6+10
0x0579	0x346C ;_txt6+11
0x057A	0x3461 ;_txt6+12
0x057B	0x3464 ;_txt6+13
0x057C	0x3472 ;_txt6+14
0x057D	0x346F ;_txt6+15
0x057E	0x3400 ;_txt6+16
; end of _txt6
;Proyecto FInal.c,16 :: _txt7
0x057F	0x3420 ;_txt7+0
0x0580	0x3420 ;_txt7+1
0x0581	0x3420 ;_txt7+2
0x0582	0x3431 ;_txt7+3
0x0583	0x3438 ;_txt7+4
0x0584	0x342F ;_txt7+5
0x0585	0x344E ;_txt7+6
0x0586	0x346F ;_txt7+7
0x0587	0x3476 ;_txt7+8
0x0588	0x342F ;_txt7+9
0x0589	0x3432 ;_txt7+10
0x058A	0x3430 ;_txt7+11
0x058B	0x3431 ;_txt7+12
0x058C	0x3436 ;_txt7+13
0x058D	0x3420 ;_txt7+14
0x058E	0x3420 ;_txt7+15
0x058F	0x3400 ;_txt7+16
; end of _txt7
Symbol List:
//** Routines locations **
//ADDRESS    SIZE    PROCEDURE
//----------------------------------------------
0x0003       [3]    _Delay_1us
0x0006      [13]    _Delay_5500us
0x0013       [7]    _Delay_50us
0x001A      [64]    _Lcd_Cmd
0x005A       [7]    _____DoICP
0x0061      [43]    _Mul_16X16_U
0x008C     [150]    _teclado
0x0122      [53]    _Lcd_Chr
0x0157       [8]    _Lcd_Chr_CP
0x015F      [49]    _registro5
0x0190      [12]    ___CC2DW
0x019C      [49]    _registro2
0x01CD      [64]    _Lcd_Out
0x020D      [49]    _registro4
0x023E      [78]    _Lcd_Init
0x028C      [49]    _registro3
0x02BD      [30]    _ver
0x02DB      [49]    _registro1
0x030C      [37]    _Secuencia
0x0331     [301]    _main
//** Variables locations ** 
//ADDRESS    SIZE    VARIABLE
//----------------------------------------------
0x0000       [1]    INDF
0x0002       [1]    PCL
0x0003       [1]    STATUS
0x0004       [1]    FSR
0x0006       [0]    RB3_bit
0x0006       [0]    RB4_bit
0x0006       [0]    RB5_bit
0x0006       [0]    RB2_bit
0x0006       [1]    PORTB
0x0006       [0]    RB0_bit
0x0006       [0]    RB1_bit
0x0006       [0]    LCD_D5
0x0006       [0]    LCD_D6
0x0006       [0]    LCD_D7
0x0006       [0]    LCD_D4
0x0006       [0]    LCD_RS
0x0006       [0]    LCD_EN
0x0008       [1]    PORTD
0x0009       [1]    PORTE
0x000A       [1]    PCLATH
0x0020       [1]    ?lstr5_Proyecto_32FInal
0x0021       [1]    ?lstr4_Proyecto_32FInal
0x0022       [1]    ?lstr3_Proyecto_32FInal
0x0023       [1]    ?lstr2_Proyecto_32FInal
0x0024       [1]    ?lstr1_Proyecto_32FInal
0x0025       [2]    _Digitos1
0x0027       [1]    _buffer
0x0028       [1]    _n
0x0029       [2]    _Digitos
0x002B       [2]    _Digitos2
0x002D       [2]    ___DoICPAddr
0x002F       [2]    _Digitos3
0x0031       [0]    __Lib_Lcd_cmd_status
0x0032       [2]    _Digitos4
0x0034       [1]    _i
0x0035       [1]    _x
0x0036       [1]    FARG_ver_F
0x0036       [1]    FARG_Lcd_Out_row
0x0037       [2]    FARG_ver_txt
0x0037       [1]    FARG_Lcd_Out_column
0x0038       [1]    FARG_Lcd_Out_text
0x0039       [1]    Lcd_Out_i_L0
0x003A       [1]    FARG_Lcd_Chr_row
0x003A       [1]    FARG_Lcd_Chr_CP_out_char
0x003B       [1]    FARG_Lcd_Chr_column
0x003C       [1]    FARG_Lcd_Chr_out_char
0x003D       [1]    FARG_Lcd_Cmd_out_char
0x0070       [1]    R0
0x0071       [1]    R1
0x0072       [1]    R2
0x0073       [1]    R3
0x0074       [1]    R4
0x0075       [1]    R5
0x0076       [1]    R6
0x0077       [1]    R7
0x0078       [1]    R8
0x0079       [1]    R9
0x007A       [1]    R10
0x007B       [1]    R11
0x007C       [1]    R12
0x007D       [1]    R13
0x007E       [1]    R14
0x007F       [1]    R15
0x0086       [0]    TRISB0_bit
0x0086       [1]    TRISB
0x0086       [0]    TRISB2_bit
0x0086       [0]    TRISB5_bit
0x0086       [0]    LCD_D5_Direction
0x0086       [0]    LCD_D6_Direction
0x0086       [0]    TRISB3_bit
0x0086       [0]    TRISB4_bit
0x0086       [0]    LCD_D7_Direction
0x0086       [0]    LCD_EN_Direction
0x0086       [0]    LCD_RS_Direction
0x0086       [0]    TRISB1_bit
0x0086       [0]    LCD_D4_Direction
0x0088       [1]    TRISD
0x0089       [1]    TRISE
0x0107       [0]    C1ON_bit
0x0108       [0]    C2ON_bit
0x0188       [1]    ANSEL
0x0189       [1]    ANSELH
//** Constants locations ** 
//ADDRESS    SIZE    CONSTANT
//----------------------------------------------
0x045E      [17]    _txt16
0x046F      [17]    _txt17
0x0480      [17]    _txt13
0x0491      [17]    _txt14
0x04A2      [17]    _txt23
0x04B3      [17]    _txt26
0x04C4      [17]    _txt27
0x04D5      [17]    _txt24
0x04E6      [17]    _txt25
0x04F7      [17]    _txt3
0x0508      [17]    _txt4
0x0519      [17]    _txt1
0x052A      [17]    _txt2
0x053B      [17]    _txt5
0x054C      [17]    _txt10
0x055D      [17]    _txt11
0x056E      [17]    _txt6
0x057F      [17]    _txt7
//** Label List: ** 
//----------------------------------------------
  L_ver0
  L_ver1
  L_ver2
  L_registro13
  L_registro14
  L_registro15
  L_registro16
  L_registro17
  L_registro18
  L_registro29
  L_registro210
  L_registro211
  L_registro212
  L_registro213
  L_registro214
  L_registro315
  L_registro316
  L_registro317
  L_registro318
  L_registro319
  L_registro320
  L_registro421
  L_registro422
  L_registro423
  L_registro424
  L_registro425
  L_registro426
  L_registro527
  L_registro528
  L_registro529
  L_registro530
  L_registro531
  L_registro532
  L_Secuencia33
  L_Secuencia34
  L_Secuencia35
  L_Secuencia36
  L_Secuencia37
  L_Secuencia38
  L_Secuencia39
  L_Secuencia40
  L_teclado41
  L_teclado42
  L_teclado43
  L_teclado44
  L_teclado45
  L_teclado46
  L_teclado47
  L_teclado48
  L_teclado49
  L_teclado50
  L_teclado51
  L_teclado52
  L_teclado53
  L_teclado54
  L_teclado55
  L_teclado56
  L_teclado57
  L_teclado58
  L_teclado59
  L_teclado60
  L_teclado61
  L_teclado62
  L_teclado63
  L_teclado64
  L_teclado65
  L_teclado66
  L_teclado67
  L_teclado68
  L_main69
  L_main70
  L_main71
  L_main72
  L_main73
  L_main74
  L_main75
  L_main76
  L_main77
  L__registro178
  L__registro279
  L__registro380
  L__registro481
  L__registro582
  L_end_ver
  _ver
  L_end_CapturarDatos
  _CapturarDatos
  L_end_registro1
  _registro1
  L_end_registro2
  _registro2
  L_end_registro3
  _registro3
  L_end_registro4
  _registro4
  L_end_registro5
  _registro5
  L_end_Secuencia
  _Secuencia
  L__Secuencia91
  L_end_teclado
  _teclado
  L_end_main
  _main
  L_Delay_10us0
  L_Delay_22us1
  L_Delay_50us2
  L_Delay_80us3
  L_Delay_500us4
  L_Delay_5500us5
  L_Delay_1ms6
  L_Delay_5ms7
  L_Delay_8ms8
  L_Delay_10ms9
  L_Delay_100ms10
  L_Delay_1sec11
  L_boot16_Delay_5ms12
  L_Delay_Cyc13
  L_Delay_Cyc14
  L_VDelay_ms15
  L_VDelay_ms16
  L_VDelay_ms17
  L_VDelay_Advanced_ms18
  L_VDelay_Advanced_ms19
  L_VDelay_Advanced_ms20
  L_end_Get_Fosc_kHz
  _Get_Fosc_kHz
  L_end_Delay_1us
  _Delay_1us
  L_end_Delay_10us
  _Delay_10us
  L_end_Delay_22us
  _Delay_22us
  L_end_Delay_50us
  _Delay_50us
  L_end_Delay_80us
  _Delay_80us
  L_end_Delay_500us
  _Delay_500us
  L_end_Delay_5500us
  _Delay_5500us
  L_end_Delay_1ms
  _Delay_1ms
  L_end_Delay_5ms
  _Delay_5ms
  L_end_Delay_8ms
  _Delay_8ms
  L_end_Delay_10ms
  _Delay_10ms
  L_end_Delay_100ms
  _Delay_100ms
  L_end_Delay_1sec
  _Delay_1sec
  L_end_boot16_Delay_5ms
  _boot16_Delay_5ms
  L_end_Delay_Cyc
  _Delay_Cyc
  L_end_VDelay_ms
  _VDelay_ms
  L__VDelay_ms38
  L__VDelay_ms39
  L__VDelay_ms40
  L_end_VDelay_Advanced_ms
  _VDelay_Advanced_ms
  L__VDelay_Advanced_ms42
  L__VDelay_Advanced_ms43
  L__VDelay_Advanced_ms44
  L_Lcd_Cmd0
  L_Lcd_Cmd1
  L_Lcd_Out_CP2
  L_Lcd_Out_CP3
  L_Lcd_Chr4
  L_Lcd_Chr5
  L_Lcd_Chr6
  L_Lcd_Chr7
  L_Lcd_Chr8
  L_Lcd_Chr9
  L_Lcd_Chr10
  L_Lcd_Out11
  L_Lcd_Out12
  L_Lcd_Out13
  L_Lcd_Out14
  L_Lcd_Out15
  L_Lcd_Out16
  L_Lcd_Out17
  L_Lcd_Out18
  L_Lcd_Out19
  L_end_Lcd_Cmd
  _Lcd_Cmd
  L__Lcd_Cmd21
  L__Lcd_Cmd22
  L__Lcd_Cmd23
  L__Lcd_Cmd24
  L__Lcd_Cmd25
  L__Lcd_Cmd26
  L__Lcd_Cmd27
  L__Lcd_Cmd28
  L__Lcd_Cmd29
  L__Lcd_Cmd30
  L__Lcd_Cmd31
  L__Lcd_Cmd32
  L__Lcd_Cmd33
  L__Lcd_Cmd34
  L__Lcd_Cmd35
  L__Lcd_Cmd36
  L__Lcd_Cmd37
  L__Lcd_Cmd38
  L__Lcd_Cmd39
  L__Lcd_Cmd40
  L_end_Lcd_Chr_CP
  _Lcd_Chr_CP
  L_end_Lcd_Out_CP
  _Lcd_Out_CP
  L_end_Lcd_Chr
  _Lcd_Chr
  L_end_Lcd_Init
  _Lcd_Init
  L_end_Lcd_Out
  _Lcd_Out
  L_Div_16x16_S0
  L_Div_16x16_S1
  LOOPS3232A
  SADD22LA
  SOK22LA
  SADD22L8
  SOK22L8
  LOOPS3232B
  SADD22LB
  SOK22LB
  SADD22L16
  SOK22L16
  LOOPS3232C
  SADD22LC
  SOK22LC
  SADD22L24
  SOK22L24
  LOOPS3232D
  SADD22LD
  SOK22LD
  SOK22L
  L_Div_32x32_S6
  L_Div_32x32_S7
  L_Div_32x32_S8
  L_Div_32x32_S9
  FXD3232S
  END_ALL
  CA3232S
  C3232SX
  C3232SX1
  C3232S
  C3232S2
  C3232SX4
  C3232SOK
  C3232SX3
  C3232SX2
  avoid_comfrem
  LOOPU3232A
  UADD22LA
  UOK22LA
  UADD22L8
  UOK22L8
  LOOPU3232B
  UADD22LB
  UOK22LB
  UADD22L16
  UOK22L16
  LOOPU3232C
  UADD22LC
  UOK22LC
  UADD22L24
  UOK22L24
  LOOPU3232D
  UADD22LD
  UOK22LD
  UOK22L
  _NEXT
  _EXIT2
  _LOOP
  _EXIT1
  _IF_FIRST
  _IF_SECOND
  _INVERCE_FIRST
  _MULT
  _INBERSE_SECOND
  _EXIT
  L_end_Mul_8X8_U
  _Mul_8X8_U
  L_end_Mul_16X16_U
  _Mul_16X16_U
  L_end_Div_8X8_U
  _Div_8X8_U
  L_end_Div_16X16_U
  _Div_16X16_U
  L_end_Mul_8X8_S
  _Mul_8X8_S
  L_end_Mul_16X16_S
  _Mul_16X16_S
  L_end_Div_16x16_S_L
  _Div_16x16_S_L
  L_end_Div_16x16_S
  _Div_16x16_S
  L_end_Div_8X8_S
  _Div_8X8_S
  L_end_SDIV3232L
  _SDIV3232L
  L_end_COMFREM
  _COMFREM
  L_end_Div_32x32_S
  _Div_32x32_S
  L_end_Div_32x32_U
  _Div_32x32_U
  L_end_Mul_32x32_U
  _Mul_32x32_U
  L_end_Mul_32x32_S
  _Mul_32x32_S
  L_loopCA2AWs
  L_CA2AWend
  _CCA2AW_Loop1
  L_loopCS2Ss
  L_CS2Send
  _CCS2S_Loop1
  L_CCS2Send
  L_loopFZinSWs
  L_FZinSend
  _CC2D_Loop1
  L_end_____DoICP
  _____DoICP
  L_end_____DoIFC
  _____DoIFC
  L_end___CA2AW
  ___CA2AW
  L_end___CCA2AW
  ___CCA2AW
  L_end___CS2S
  ___CS2S
  L_end___CCS2S
  ___CCS2S
  L_end___FZinS
  ___FZinS
  L_end___CC2DW
  ___CC2DW
  L_end_Swap
  _Swap
