;  LST file generated by mikroListExporter - v.2.0 
; Date/Time: 04/12/2016 17:35:54
;----------------------------------------------

;Address Opcode 	ASM
0x0000	0x2B56      	GOTO       854
_Delay_50us:
;__Lib_Delays.c,19 :: 		void Delay_50us() {
;__Lib_Delays.c,20 :: 		Delay_us(50);
0x0003	0x3021      	MOVLW      33
0x0004	0x1283      	BCF        STATUS, 5
0x0005	0x1303      	BCF        STATUS, 6
0x0006	0x00FD      	MOVWF      R13
L_Delay_50us2:
0x0007	0x0BFD      	DECFSZ     R13, 1
0x0008	0x2807      	GOTO       L_Delay_50us2
;__Lib_Delays.c,21 :: 		}
L_end_Delay_50us:
0x0009	0x0008      	RETURN
; end of _Delay_50us
_Delay_1us:
;__Lib_Delays.c,7 :: 		void Delay_1us() {
;__Lib_Delays.c,8 :: 		Delay_us(1);
0x000A	0x0000      	NOP
0x000B	0x0000      	NOP
;__Lib_Delays.c,9 :: 		}
L_end_Delay_1us:
0x000C	0x0008      	RETURN
; end of _Delay_1us
_Delay_5500us:
;__Lib_Delays.c,31 :: 		void Delay_5500us() {
;__Lib_Delays.c,32 :: 		Delay_us(5500);
0x000D	0x300F      	MOVLW      15
0x000E	0x1283      	BCF        STATUS, 5
0x000F	0x1303      	BCF        STATUS, 6
0x0010	0x00FC      	MOVWF      R12
0x0011	0x3047      	MOVLW      71
0x0012	0x00FD      	MOVWF      R13
L_Delay_5500us5:
0x0013	0x0BFD      	DECFSZ     R13, 1
0x0014	0x2813      	GOTO       L_Delay_5500us5
0x0015	0x0BFC      	DECFSZ     R12, 1
0x0016	0x2813      	GOTO       L_Delay_5500us5
0x0017	0x0000      	NOP
0x0018	0x0000      	NOP
;__Lib_Delays.c,33 :: 		}
L_end_Delay_5500us:
0x0019	0x0008      	RETURN
; end of _Delay_5500us
_Div_16X16_U:
;__Lib_Math.c,215 :: 		
;__Lib_Math.c,222 :: 		
0x001A	0x1283      	BCF        STATUS, 5
;__Lib_Math.c,223 :: 		
0x001B	0x1303      	BCF        STATUS, 6
;__Lib_Math.c,224 :: 		
0x001C	0x01F8      	CLRF       R8
;__Lib_Math.c,225 :: 		
0x001D	0x01F9      	CLRF       R9
;__Lib_Math.c,226 :: 		
0x001E	0x3010      	MOVLW      16
;__Lib_Math.c,227 :: 		
0x001F	0x00FC      	MOVWF      R12
;__Lib_Math.c,228 :: 		
0x0020	0x0D71      	RLF        R1, 0
;__Lib_Math.c,229 :: 		
0x0021	0x0DF8      	RLF        R8, 1
;__Lib_Math.c,230 :: 		
0x0022	0x0DF9      	RLF        R9, 1
;__Lib_Math.c,231 :: 		
0x0023	0x0874      	MOVF       R4, 0
;__Lib_Math.c,232 :: 		
0x0024	0x02F8      	SUBWF      R8, 1
;__Lib_Math.c,233 :: 		
0x0025	0x0875      	MOVF       R5, 0
;__Lib_Math.c,234 :: 		
0x0026	0x1C03      	BTFSS      STATUS, 0
;__Lib_Math.c,235 :: 		
0x0027	0x0F75      	INCFSZ     R5, 0
;__Lib_Math.c,236 :: 		
0x0028	0x02F9      	SUBWF      R9, 1
;__Lib_Math.c,237 :: 		
0x0029	0x1803      	BTFSC      STATUS, 0
;__Lib_Math.c,238 :: 		
0x002A	0x2832      	GOTO       $+8
;__Lib_Math.c,239 :: 		
0x002B	0x0874      	MOVF       R4, 0
;__Lib_Math.c,240 :: 		
0x002C	0x07F8      	ADDWF      R8, 1
;__Lib_Math.c,241 :: 		
0x002D	0x0875      	MOVF       R5, 0
;__Lib_Math.c,242 :: 		
0x002E	0x1803      	BTFSC      STATUS, 0
;__Lib_Math.c,243 :: 		
0x002F	0x0F75      	INCFSZ     R5, 0
;__Lib_Math.c,244 :: 		
0x0030	0x07F9      	ADDWF      R9, 1
;__Lib_Math.c,245 :: 		
0x0031	0x1003      	BCF        STATUS, 0
;__Lib_Math.c,246 :: 		
0x0032	0x0DF0      	RLF        R0, 1
;__Lib_Math.c,247 :: 		
0x0033	0x0DF1      	RLF        R1, 1
;__Lib_Math.c,248 :: 		
0x0034	0x0BFC      	DECFSZ     R12, 1
;__Lib_Math.c,249 :: 		
0x0035	0x2820      	GOTO       $-21
;__Lib_Math.c,251 :: 		
L_end_Div_16X16_U:
0x0036	0x0008      	RETURN
; end of _Div_16X16_U
_Lcd_Cmd:
;__Lib_Lcd.c,18 :: 		
;__Lib_Lcd.c,20 :: 		
0x0037	0x1283      	BCF        STATUS, 5
0x0038	0x1303      	BCF        STATUS, 6
0x0039	0x1BBF      	BTFSC      FARG_Lcd_Cmd_out_char, 7
0x003A	0x283D      	GOTO       L__Lcd_Cmd21
0x003B	0x1186      	BCF        LCD_D7, BitPos(LCD_D7+0)
0x003C	0x283E      	GOTO       L__Lcd_Cmd22
L__Lcd_Cmd21:
0x003D	0x1586      	BSF        LCD_D7, BitPos(LCD_D7+0)
L__Lcd_Cmd22:
;__Lib_Lcd.c,21 :: 		
0x003E	0x1B3F      	BTFSC      FARG_Lcd_Cmd_out_char, 6
0x003F	0x2842      	GOTO       L__Lcd_Cmd23
0x0040	0x1106      	BCF        LCD_D6, BitPos(LCD_D6+0)
0x0041	0x2843      	GOTO       L__Lcd_Cmd24
L__Lcd_Cmd23:
0x0042	0x1506      	BSF        LCD_D6, BitPos(LCD_D6+0)
L__Lcd_Cmd24:
;__Lib_Lcd.c,22 :: 		
0x0043	0x1ABF      	BTFSC      FARG_Lcd_Cmd_out_char, 5
0x0044	0x2847      	GOTO       L__Lcd_Cmd25
0x0045	0x1086      	BCF        LCD_D5, BitPos(LCD_D5+0)
0x0046	0x2848      	GOTO       L__Lcd_Cmd26
L__Lcd_Cmd25:
0x0047	0x1486      	BSF        LCD_D5, BitPos(LCD_D5+0)
L__Lcd_Cmd26:
;__Lib_Lcd.c,23 :: 		
0x0048	0x1A3F      	BTFSC      FARG_Lcd_Cmd_out_char, 4
0x0049	0x284C      	GOTO       L__Lcd_Cmd27
0x004A	0x1006      	BCF        LCD_D4, BitPos(LCD_D4+0)
0x004B	0x284D      	GOTO       L__Lcd_Cmd28
L__Lcd_Cmd27:
0x004C	0x1406      	BSF        LCD_D4, BitPos(LCD_D4+0)
L__Lcd_Cmd28:
;__Lib_Lcd.c,25 :: 		
0x004D	0x1830      	BTFSC      __Lib_Lcd_cmd_status, BitPos(__Lib_Lcd_cmd_status+0)
0x004E	0x2851      	GOTO       L__Lcd_Cmd29
0x004F	0x1606      	BSF        LCD_RS, BitPos(LCD_RS+0)
0x0050	0x2852      	GOTO       L__Lcd_Cmd30
L__Lcd_Cmd29:
0x0051	0x1206      	BCF        LCD_RS, BitPos(LCD_RS+0)
L__Lcd_Cmd30:
;__Lib_Lcd.c,28 :: 		
0x0052	0x1686      	BSF        LCD_EN, BitPos(LCD_EN+0)
;__Lib_Lcd.c,29 :: 		
0x0053	0x200A      	CALL       _Delay_1us
;__Lib_Lcd.c,30 :: 		
0x0054	0x1286      	BCF        LCD_EN, BitPos(LCD_EN+0)
;__Lib_Lcd.c,33 :: 		
0x0055	0x19BF      	BTFSC      FARG_Lcd_Cmd_out_char, 3
0x0056	0x2859      	GOTO       L__Lcd_Cmd31
0x0057	0x1186      	BCF        LCD_D7, BitPos(LCD_D7+0)
0x0058	0x285A      	GOTO       L__Lcd_Cmd32
L__Lcd_Cmd31:
0x0059	0x1586      	BSF        LCD_D7, BitPos(LCD_D7+0)
L__Lcd_Cmd32:
;__Lib_Lcd.c,34 :: 		
0x005A	0x193F      	BTFSC      FARG_Lcd_Cmd_out_char, 2
0x005B	0x285E      	GOTO       L__Lcd_Cmd33
0x005C	0x1106      	BCF        LCD_D6, BitPos(LCD_D6+0)
0x005D	0x285F      	GOTO       L__Lcd_Cmd34
L__Lcd_Cmd33:
0x005E	0x1506      	BSF        LCD_D6, BitPos(LCD_D6+0)
L__Lcd_Cmd34:
;__Lib_Lcd.c,35 :: 		
0x005F	0x18BF      	BTFSC      FARG_Lcd_Cmd_out_char, 1
0x0060	0x2863      	GOTO       L__Lcd_Cmd35
0x0061	0x1086      	BCF        LCD_D5, BitPos(LCD_D5+0)
0x0062	0x2864      	GOTO       L__Lcd_Cmd36
L__Lcd_Cmd35:
0x0063	0x1486      	BSF        LCD_D5, BitPos(LCD_D5+0)
L__Lcd_Cmd36:
;__Lib_Lcd.c,36 :: 		
0x0064	0x183F      	BTFSC      FARG_Lcd_Cmd_out_char, 0
0x0065	0x2868      	GOTO       L__Lcd_Cmd37
0x0066	0x1006      	BCF        LCD_D4, BitPos(LCD_D4+0)
0x0067	0x2869      	GOTO       L__Lcd_Cmd38
L__Lcd_Cmd37:
0x0068	0x1406      	BSF        LCD_D4, BitPos(LCD_D4+0)
L__Lcd_Cmd38:
;__Lib_Lcd.c,38 :: 		
0x0069	0x1830      	BTFSC      __Lib_Lcd_cmd_status, BitPos(__Lib_Lcd_cmd_status+0)
0x006A	0x286D      	GOTO       L__Lcd_Cmd39
0x006B	0x1606      	BSF        LCD_RS, BitPos(LCD_RS+0)
0x006C	0x286E      	GOTO       L__Lcd_Cmd40
L__Lcd_Cmd39:
0x006D	0x1206      	BCF        LCD_RS, BitPos(LCD_RS+0)
L__Lcd_Cmd40:
;__Lib_Lcd.c,40 :: 		
0x006E	0x1686      	BSF        LCD_EN, BitPos(LCD_EN+0)
;__Lib_Lcd.c,41 :: 		
0x006F	0x200A      	CALL       _Delay_1us
;__Lib_Lcd.c,42 :: 		
0x0070	0x1286      	BCF        LCD_EN, BitPos(LCD_EN+0)
;__Lib_Lcd.c,44 :: 		
0x0071	0x1C30      	BTFSS      __Lib_Lcd_cmd_status, BitPos(__Lib_Lcd_cmd_status+0)
0x0072	0x2875      	GOTO       L_Lcd_Cmd0
;__Lib_Lcd.c,45 :: 		
0x0073	0x200D      	CALL       _Delay_5500us
0x0074	0x2876      	GOTO       L_Lcd_Cmd1
L_Lcd_Cmd0:
;__Lib_Lcd.c,47 :: 		
0x0075	0x2003      	CALL       _Delay_50us
L_Lcd_Cmd1:
;__Lib_Lcd.c,48 :: 		
L_end_Lcd_Cmd:
0x0076	0x0008      	RETURN
; end of _Lcd_Cmd
_Lcd_Chr_CP:
;__Lib_Lcd.c,50 :: 		
;__Lib_Lcd.c,52 :: 		
0x0077	0x1283      	BCF        STATUS, 5
0x0078	0x1303      	BCF        STATUS, 6
0x0079	0x1030      	BCF        __Lib_Lcd_cmd_status, BitPos(__Lib_Lcd_cmd_status+0)
;__Lib_Lcd.c,53 :: 		
0x007A	0x083A      	MOVF       FARG_Lcd_Chr_CP_out_char, 0
0x007B	0x00BF      	MOVWF      FARG_Lcd_Cmd_out_char
0x007C	0x2037      	CALL       _Lcd_Cmd
;__Lib_Lcd.c,54 :: 		
0x007D	0x1430      	BSF        __Lib_Lcd_cmd_status, BitPos(__Lib_Lcd_cmd_status+0)
;__Lib_Lcd.c,55 :: 		
L_end_Lcd_Chr_CP:
0x007E	0x0008      	RETURN
; end of _Lcd_Chr_CP
_Lcd_Chr:
;__Lib_Lcd.c,65 :: 		
;__Lib_Lcd.c,66 :: 		
0x007F	0x2891      	GOTO       L_Lcd_Chr4
;__Lib_Lcd.c,67 :: 		
L_Lcd_Chr6:
0x0080	0x3080      	MOVLW      128
0x0081	0x1283      	BCF        STATUS, 5
0x0082	0x1303      	BCF        STATUS, 6
0x0083	0x00BA      	MOVWF      FARG_Lcd_Chr_row
0x0084	0x28A4      	GOTO       L_Lcd_Chr5
;__Lib_Lcd.c,68 :: 		
L_Lcd_Chr7:
0x0085	0x30C0      	MOVLW      192
0x0086	0x00BA      	MOVWF      FARG_Lcd_Chr_row
0x0087	0x28A4      	GOTO       L_Lcd_Chr5
;__Lib_Lcd.c,69 :: 		
L_Lcd_Chr8:
0x0088	0x3094      	MOVLW      148
0x0089	0x00BA      	MOVWF      FARG_Lcd_Chr_row
0x008A	0x28A4      	GOTO       L_Lcd_Chr5
;__Lib_Lcd.c,70 :: 		
L_Lcd_Chr9:
0x008B	0x30D4      	MOVLW      212
0x008C	0x00BA      	MOVWF      FARG_Lcd_Chr_row
0x008D	0x28A4      	GOTO       L_Lcd_Chr5
;__Lib_Lcd.c,71 :: 		
L_Lcd_Chr10:
0x008E	0x3080      	MOVLW      128
0x008F	0x00BA      	MOVWF      FARG_Lcd_Chr_row
;__Lib_Lcd.c,72 :: 		
0x0090	0x28A4      	GOTO       L_Lcd_Chr5
L_Lcd_Chr4:
0x0091	0x1283      	BCF        STATUS, 5
0x0092	0x1303      	BCF        STATUS, 6
0x0093	0x083A      	MOVF       FARG_Lcd_Chr_row, 0
0x0094	0x3A01      	XORLW      1
0x0095	0x1903      	BTFSC      STATUS, 2
0x0096	0x2880      	GOTO       L_Lcd_Chr6
0x0097	0x083A      	MOVF       FARG_Lcd_Chr_row, 0
0x0098	0x3A02      	XORLW      2
0x0099	0x1903      	BTFSC      STATUS, 2
0x009A	0x2885      	GOTO       L_Lcd_Chr7
0x009B	0x083A      	MOVF       FARG_Lcd_Chr_row, 0
0x009C	0x3A03      	XORLW      3
0x009D	0x1903      	BTFSC      STATUS, 2
0x009E	0x2888      	GOTO       L_Lcd_Chr8
0x009F	0x083A      	MOVF       FARG_Lcd_Chr_row, 0
0x00A0	0x3A04      	XORLW      4
0x00A1	0x1903      	BTFSC      STATUS, 2
0x00A2	0x288B      	GOTO       L_Lcd_Chr9
0x00A3	0x288E      	GOTO       L_Lcd_Chr10
L_Lcd_Chr5:
;__Lib_Lcd.c,74 :: 		
0x00A4	0x033B      	DECF       FARG_Lcd_Chr_column, 0
0x00A5	0x00F0      	MOVWF      R0
0x00A6	0x083A      	MOVF       FARG_Lcd_Chr_row, 0
0x00A7	0x07F0      	ADDWF      R0, 1
0x00A8	0x0870      	MOVF       R0, 0
0x00A9	0x00BA      	MOVWF      FARG_Lcd_Chr_row
;__Lib_Lcd.c,76 :: 		
0x00AA	0x1430      	BSF        __Lib_Lcd_cmd_status, BitPos(__Lib_Lcd_cmd_status+0)
;__Lib_Lcd.c,77 :: 		
0x00AB	0x0870      	MOVF       R0, 0
0x00AC	0x00BF      	MOVWF      FARG_Lcd_Cmd_out_char
0x00AD	0x2037      	CALL       _Lcd_Cmd
;__Lib_Lcd.c,79 :: 		
0x00AE	0x1030      	BCF        __Lib_Lcd_cmd_status, BitPos(__Lib_Lcd_cmd_status+0)
;__Lib_Lcd.c,80 :: 		
0x00AF	0x083C      	MOVF       FARG_Lcd_Chr_out_char, 0
0x00B0	0x00BF      	MOVWF      FARG_Lcd_Cmd_out_char
0x00B1	0x2037      	CALL       _Lcd_Cmd
;__Lib_Lcd.c,81 :: 		
0x00B2	0x1430      	BSF        __Lib_Lcd_cmd_status, BitPos(__Lib_Lcd_cmd_status+0)
;__Lib_Lcd.c,82 :: 		
L_end_Lcd_Chr:
0x00B3	0x0008      	RETURN
; end of _Lcd_Chr
_____DoICP:
;__Lib_System.c,6 :: 		
;__Lib_System.c,9 :: 		
0x00B4	0x1283      	BCF        STATUS, 5
0x00B5	0x1303      	BCF        STATUS, 6
0x00B6	0x0822      	MOVF       ___DoICPAddr+1, 0
0x00B7	0x008A      	MOVWF      PCLATH
;__Lib_System.c,10 :: 		
0x00B8	0x0821      	MOVF       ___DoICPAddr, 0
0x00B9	0x0082      	MOVWF      PCL
;__Lib_System.c,12 :: 		
L_end_____DoICP:
0x00BA	0x0008      	RETURN
; end of _____DoICP
_WordToStr:
;__Lib_Conversions.c,84 :: 		
;__Lib_Conversions.c,89 :: 		
0x00BB	0x1283      	BCF        STATUS, 5
0x00BC	0x1303      	BCF        STATUS, 6
0x00BD	0x01BD      	CLRF       WordToStr_len_L0
L_WordToStr6:
0x00BE	0x3005      	MOVLW      5
0x00BF	0x023D      	SUBWF      WordToStr_len_L0, 0
0x00C0	0x1803      	BTFSC      STATUS, 0
0x00C1	0x28C9      	GOTO       L_WordToStr7
;__Lib_Conversions.c,90 :: 		
0x00C2	0x083D      	MOVF       WordToStr_len_L0, 0
0x00C3	0x073C      	ADDWF      FARG_WordToStr_output, 0
0x00C4	0x0084      	MOVWF      FSR
0x00C5	0x3020      	MOVLW      32
0x00C6	0x0080      	MOVWF      INDF
;__Lib_Conversions.c,89 :: 		
0x00C7	0x0ABD      	INCF       WordToStr_len_L0, 1
;__Lib_Conversions.c,90 :: 		
0x00C8	0x28BE      	GOTO       L_WordToStr6
L_WordToStr7:
;__Lib_Conversions.c,91 :: 		
0x00C9	0x083D      	MOVF       WordToStr_len_L0, 0
0x00CA	0x073C      	ADDWF      FARG_WordToStr_output, 0
0x00CB	0x0084      	MOVWF      FSR
0x00CC	0x0180      	CLRF       INDF
0x00CD	0x03BD      	DECF       WordToStr_len_L0, 1
;__Lib_Conversions.c,93 :: 		
L_WordToStr9:
;__Lib_Conversions.c,94 :: 		
0x00CE	0x083D      	MOVF       WordToStr_len_L0, 0
0x00CF	0x073C      	ADDWF      FARG_WordToStr_output, 0
0x00D0	0x00BE      	MOVWF      FLOC__WordToStr
0x00D1	0x300A      	MOVLW      10
0x00D2	0x00F4      	MOVWF      R4
0x00D3	0x01F5      	CLRF       R4+1
0x00D4	0x083A      	MOVF       FARG_WordToStr_input, 0
0x00D5	0x00F0      	MOVWF      R0
0x00D6	0x083B      	MOVF       FARG_WordToStr_input+1, 0
0x00D7	0x00F1      	MOVWF      R0+1
0x00D8	0x201A      	CALL       _Div_16X16_U
0x00D9	0x0878      	MOVF       R8, 0
0x00DA	0x00F0      	MOVWF      R0
0x00DB	0x0879      	MOVF       R8+1, 0
0x00DC	0x00F1      	MOVWF      R0+1
0x00DD	0x3030      	MOVLW      48
0x00DE	0x07F0      	ADDWF      R0, 1
0x00DF	0x083E      	MOVF       FLOC__WordToStr, 0
0x00E0	0x0084      	MOVWF      FSR
0x00E1	0x0870      	MOVF       R0, 0
0x00E2	0x0080      	MOVWF      INDF
;__Lib_Conversions.c,95 :: 		
0x00E3	0x300A      	MOVLW      10
0x00E4	0x00F4      	MOVWF      R4
0x00E5	0x01F5      	CLRF       R4+1
0x00E6	0x083A      	MOVF       FARG_WordToStr_input, 0
0x00E7	0x00F0      	MOVWF      R0
0x00E8	0x083B      	MOVF       FARG_WordToStr_input+1, 0
0x00E9	0x00F1      	MOVWF      R0+1
0x00EA	0x201A      	CALL       _Div_16X16_U
0x00EB	0x0870      	MOVF       R0, 0
0x00EC	0x00BA      	MOVWF      FARG_WordToStr_input
0x00ED	0x0871      	MOVF       R0+1, 0
0x00EE	0x00BB      	MOVWF      FARG_WordToStr_input+1
;__Lib_Conversions.c,96 :: 		
0x00EF	0x3000      	MOVLW      0
0x00F0	0x0671      	XORWF      R0+1, 0
0x00F1	0x1D03      	BTFSS      STATUS, 2
0x00F2	0x28F5      	GOTO       L__WordToStr109
0x00F3	0x3000      	MOVLW      0
0x00F4	0x0670      	XORWF      R0, 0
L__WordToStr109:
0x00F5	0x1D03      	BTFSS      STATUS, 2
0x00F6	0x28F8      	GOTO       L_WordToStr11
;__Lib_Conversions.c,97 :: 		
0x00F7	0x28FA      	GOTO       L_WordToStr10
L_WordToStr11:
;__Lib_Conversions.c,98 :: 		
0x00F8	0x03BD      	DECF       WordToStr_len_L0, 1
;__Lib_Conversions.c,99 :: 		
0x00F9	0x28CE      	GOTO       L_WordToStr9
L_WordToStr10:
;__Lib_Conversions.c,100 :: 		
L_end_WordToStr:
0x00FA	0x0008      	RETURN
; end of _WordToStr
_ver:
;Proyecto Taladro.c,50 :: 		void ver(unsigned char F, const unsigned char txt[])
;Proyecto Taladro.c,53 :: 		for(i=0;i<16;i++)
0x00FB	0x1283      	BCF        STATUS, 5
0x00FC	0x1303      	BCF        STATUS, 6
0x00FD	0x01AD      	CLRF       _i
L_ver0:
0x00FE	0x3010      	MOVLW      16
0x00FF	0x022D      	SUBWF      _i, 0
0x0100	0x1803      	BTFSC      STATUS, 0
0x0101	0x2918      	GOTO       L_ver1
;Proyecto Taladro.c,55 :: 		Lcd_chr(f,i+1,txt[i]);
0x0102	0x0831      	MOVF       FARG_ver_F, 0
0x0103	0x00BA      	MOVWF      FARG_Lcd_Chr_row
0x0104	0x0A2D      	INCF       _i, 0
0x0105	0x00BB      	MOVWF      FARG_Lcd_Chr_column
0x0106	0x082D      	MOVF       _i, 0
0x0107	0x0732      	ADDWF      FARG_ver_txt, 0
0x0108	0x00F0      	MOVWF      R0
0x0109	0x0833      	MOVF       FARG_ver_txt+1, 0
0x010A	0x1803      	BTFSC      STATUS, 0
0x010B	0x3E01      	ADDLW      1
0x010C	0x00F1      	MOVWF      R0+1
0x010D	0x0870      	MOVF       R0, 0
0x010E	0x00A1      	MOVWF      ___DoICPAddr
0x010F	0x0871      	MOVF       R0+1, 0
0x0110	0x00A2      	MOVWF      ___DoICPAddr+1
0x0111	0x20B4      	CALL       _____DoICP
0x0112	0x118A      	BCF        PCLATH, 3
0x0113	0x120A      	BCF        PCLATH, 4
0x0114	0x00BC      	MOVWF      FARG_Lcd_Chr_out_char
0x0115	0x207F      	CALL       _Lcd_Chr
;Proyecto Taladro.c,53 :: 		for(i=0;i<16;i++)
0x0116	0x0AAD      	INCF       _i, 1
;Proyecto Taladro.c,56 :: 		}
0x0117	0x28FE      	GOTO       L_ver0
L_ver1:
;Proyecto Taladro.c,57 :: 		}
L_end_ver:
0x0118	0x0008      	RETURN
; end of _ver
_IntToStr:
;__Lib_Conversions.c,146 :: 		
;__Lib_Conversions.c,152 :: 		
0x0119	0x1283      	BCF        STATUS, 5
0x011A	0x1303      	BCF        STATUS, 6
0x011B	0x01B6      	CLRF       IntToStr_negative_L0
0x011C	0x01B7      	CLRF       IntToStr_negative_L0+1
;__Lib_Conversions.c,153 :: 		
0x011D	0x0831      	MOVF       FARG_IntToStr_input, 0
0x011E	0x00B8      	MOVWF      IntToStr_inword_L0
0x011F	0x0832      	MOVF       FARG_IntToStr_input+1, 0
0x0120	0x00B9      	MOVWF      IntToStr_inword_L0+1
;__Lib_Conversions.c,154 :: 		
0x0121	0x3080      	MOVLW      128
0x0122	0x0632      	XORWF      FARG_IntToStr_input+1, 0
0x0123	0x00F0      	MOVWF      R0
0x0124	0x3080      	MOVLW      128
0x0125	0x0270      	SUBWF      R0, 0
0x0126	0x1D03      	BTFSS      STATUS, 2
0x0127	0x292A      	GOTO       L__IntToStr115
0x0128	0x3000      	MOVLW      0
0x0129	0x0231      	SUBWF      FARG_IntToStr_input, 0
L__IntToStr115:
0x012A	0x1803      	BTFSC      STATUS, 0
0x012B	0x2938      	GOTO       L_IntToStr23
;__Lib_Conversions.c,155 :: 		
0x012C	0x3001      	MOVLW      1
0x012D	0x00B6      	MOVWF      IntToStr_negative_L0
0x012E	0x3000      	MOVLW      0
0x012F	0x00B7      	MOVWF      IntToStr_negative_L0+1
;__Lib_Conversions.c,156 :: 		
0x0130	0x0831      	MOVF       FARG_IntToStr_input, 0
0x0131	0x3C00      	SUBLW      0
0x0132	0x00B8      	MOVWF      IntToStr_inword_L0
0x0133	0x0832      	MOVF       FARG_IntToStr_input+1, 0
0x0134	0x1C03      	BTFSS      STATUS, 0
0x0135	0x3E01      	ADDLW      1
0x0136	0x01B9      	CLRF       IntToStr_inword_L0+1
0x0137	0x02B9      	SUBWF      IntToStr_inword_L0+1, 1
;__Lib_Conversions.c,157 :: 		
L_IntToStr23:
;__Lib_Conversions.c,158 :: 		
0x0138	0x0838      	MOVF       IntToStr_inword_L0, 0
0x0139	0x00BA      	MOVWF      FARG_WordToStr_input
0x013A	0x0839      	MOVF       IntToStr_inword_L0+1, 0
0x013B	0x00BB      	MOVWF      FARG_WordToStr_input+1
0x013C	0x0833      	MOVF       FARG_IntToStr_output, 0
0x013D	0x00BC      	MOVWF      FARG_WordToStr_output
0x013E	0x20BB      	CALL       _WordToStr
;__Lib_Conversions.c,160 :: 		
0x013F	0x3006      	MOVLW      6
0x0140	0x00B4      	MOVWF      IntToStr_i_L0
0x0141	0x3000      	MOVLW      0
0x0142	0x00B5      	MOVWF      IntToStr_i_L0+1
;__Lib_Conversions.c,161 :: 		
L_IntToStr24:
0x0143	0x0835      	MOVF       IntToStr_i_L0+1, 0
0x0144	0x3C00      	SUBLW      0
0x0145	0x1D03      	BTFSS      STATUS, 2
0x0146	0x2949      	GOTO       L__IntToStr116
0x0147	0x0834      	MOVF       IntToStr_i_L0, 0
0x0148	0x3C00      	SUBLW      0
L__IntToStr116:
0x0149	0x1803      	BTFSC      STATUS, 0
0x014A	0x2964      	GOTO       L_IntToStr25
;__Lib_Conversions.c,162 :: 		
0x014B	0x0834      	MOVF       IntToStr_i_L0, 0
0x014C	0x0733      	ADDWF      FARG_IntToStr_output, 0
0x014D	0x00F2      	MOVWF      R2
0x014E	0x3001      	MOVLW      1
0x014F	0x0234      	SUBWF      IntToStr_i_L0, 0
0x0150	0x00F0      	MOVWF      R0
0x0151	0x3000      	MOVLW      0
0x0152	0x1C03      	BTFSS      STATUS, 0
0x0153	0x3E01      	ADDLW      1
0x0154	0x0235      	SUBWF      IntToStr_i_L0+1, 0
0x0155	0x00F1      	MOVWF      R0+1
0x0156	0x0870      	MOVF       R0, 0
0x0157	0x0733      	ADDWF      FARG_IntToStr_output, 0
0x0158	0x0084      	MOVWF      FSR
0x0159	0x0800      	MOVF       INDF, 0
0x015A	0x00F0      	MOVWF      R0
0x015B	0x0872      	MOVF       R2, 0
0x015C	0x0084      	MOVWF      FSR
0x015D	0x0870      	MOVF       R0, 0
0x015E	0x0080      	MOVWF      INDF
;__Lib_Conversions.c,163 :: 		
0x015F	0x3001      	MOVLW      1
0x0160	0x02B4      	SUBWF      IntToStr_i_L0, 1
0x0161	0x1C03      	BTFSS      STATUS, 0
0x0162	0x03B5      	DECF       IntToStr_i_L0+1, 1
;__Lib_Conversions.c,164 :: 		
0x0163	0x2943      	GOTO       L_IntToStr24
L_IntToStr25:
;__Lib_Conversions.c,165 :: 		
0x0164	0x0833      	MOVF       FARG_IntToStr_output, 0
0x0165	0x0084      	MOVWF      FSR
0x0166	0x3020      	MOVLW      32
0x0167	0x0080      	MOVWF      INDF
;__Lib_Conversions.c,166 :: 		
0x0168	0x0836      	MOVF       IntToStr_negative_L0, 0
0x0169	0x0437      	IORWF      IntToStr_negative_L0+1, 0
0x016A	0x1903      	BTFSC      STATUS, 2
0x016B	0x2982      	GOTO       L_IntToStr26
;__Lib_Conversions.c,167 :: 		
0x016C	0x01B4      	CLRF       IntToStr_i_L0
0x016D	0x01B5      	CLRF       IntToStr_i_L0+1
;__Lib_Conversions.c,168 :: 		
L_IntToStr27:
0x016E	0x0834      	MOVF       IntToStr_i_L0, 0
0x016F	0x0733      	ADDWF      FARG_IntToStr_output, 0
0x0170	0x0084      	MOVWF      FSR
0x0171	0x0800      	MOVF       INDF, 0
0x0172	0x3A20      	XORLW      32
0x0173	0x1D03      	BTFSS      STATUS, 2
0x0174	0x2979      	GOTO       L_IntToStr28
0x0175	0x0AB4      	INCF       IntToStr_i_L0, 1
0x0176	0x1903      	BTFSC      STATUS, 2
0x0177	0x0AB5      	INCF       IntToStr_i_L0+1, 1
0x0178	0x296E      	GOTO       L_IntToStr27
L_IntToStr28:
;__Lib_Conversions.c,169 :: 		
0x0179	0x3001      	MOVLW      1
0x017A	0x02B4      	SUBWF      IntToStr_i_L0, 1
0x017B	0x1C03      	BTFSS      STATUS, 0
0x017C	0x03B5      	DECF       IntToStr_i_L0+1, 1
;__Lib_Conversions.c,170 :: 		
0x017D	0x0834      	MOVF       IntToStr_i_L0, 0
0x017E	0x0733      	ADDWF      FARG_IntToStr_output, 0
0x017F	0x0084      	MOVWF      FSR
0x0180	0x302D      	MOVLW      45
0x0181	0x0080      	MOVWF      INDF
L_IntToStr26:
;__Lib_Conversions.c,171 :: 		
L_end_IntToStr:
0x0182	0x0008      	RETURN
; end of _IntToStr
_Lcd_Out:
;__Lib_Lcd.c,184 :: 		
;__Lib_Lcd.c,187 :: 		
0x0183	0x2995      	GOTO       L_Lcd_Out11
;__Lib_Lcd.c,188 :: 		
L_Lcd_Out13:
0x0184	0x3080      	MOVLW      128
0x0185	0x1283      	BCF        STATUS, 5
0x0186	0x1303      	BCF        STATUS, 6
0x0187	0x00B1      	MOVWF      FARG_Lcd_Out_row
0x0188	0x29A8      	GOTO       L_Lcd_Out12
;__Lib_Lcd.c,189 :: 		
L_Lcd_Out14:
0x0189	0x30C0      	MOVLW      192
0x018A	0x00B1      	MOVWF      FARG_Lcd_Out_row
0x018B	0x29A8      	GOTO       L_Lcd_Out12
;__Lib_Lcd.c,190 :: 		
L_Lcd_Out15:
0x018C	0x3094      	MOVLW      148
0x018D	0x00B1      	MOVWF      FARG_Lcd_Out_row
0x018E	0x29A8      	GOTO       L_Lcd_Out12
;__Lib_Lcd.c,191 :: 		
L_Lcd_Out16:
0x018F	0x30D4      	MOVLW      212
0x0190	0x00B1      	MOVWF      FARG_Lcd_Out_row
0x0191	0x29A8      	GOTO       L_Lcd_Out12
;__Lib_Lcd.c,192 :: 		
L_Lcd_Out17:
0x0192	0x3080      	MOVLW      128
0x0193	0x00B1      	MOVWF      FARG_Lcd_Out_row
;__Lib_Lcd.c,193 :: 		
0x0194	0x29A8      	GOTO       L_Lcd_Out12
L_Lcd_Out11:
0x0195	0x1283      	BCF        STATUS, 5
0x0196	0x1303      	BCF        STATUS, 6
0x0197	0x0831      	MOVF       FARG_Lcd_Out_row, 0
0x0198	0x3A01      	XORLW      1
0x0199	0x1903      	BTFSC      STATUS, 2
0x019A	0x2984      	GOTO       L_Lcd_Out13
0x019B	0x0831      	MOVF       FARG_Lcd_Out_row, 0
0x019C	0x3A02      	XORLW      2
0x019D	0x1903      	BTFSC      STATUS, 2
0x019E	0x2989      	GOTO       L_Lcd_Out14
0x019F	0x0831      	MOVF       FARG_Lcd_Out_row, 0
0x01A0	0x3A03      	XORLW      3
0x01A1	0x1903      	BTFSC      STATUS, 2
0x01A2	0x298C      	GOTO       L_Lcd_Out15
0x01A3	0x0831      	MOVF       FARG_Lcd_Out_row, 0
0x01A4	0x3A04      	XORLW      4
0x01A5	0x1903      	BTFSC      STATUS, 2
0x01A6	0x298F      	GOTO       L_Lcd_Out16
0x01A7	0x2992      	GOTO       L_Lcd_Out17
L_Lcd_Out12:
;__Lib_Lcd.c,194 :: 		
0x01A8	0x0332      	DECF       FARG_Lcd_Out_column, 0
0x01A9	0x00F0      	MOVWF      R0
0x01AA	0x0831      	MOVF       FARG_Lcd_Out_row, 0
0x01AB	0x07F0      	ADDWF      R0, 1
0x01AC	0x0870      	MOVF       R0, 0
0x01AD	0x00B1      	MOVWF      FARG_Lcd_Out_row
;__Lib_Lcd.c,196 :: 		
0x01AE	0x0870      	MOVF       R0, 0
0x01AF	0x00BF      	MOVWF      FARG_Lcd_Cmd_out_char
0x01B0	0x2037      	CALL       _Lcd_Cmd
;__Lib_Lcd.c,197 :: 		
0x01B1	0x1030      	BCF        __Lib_Lcd_cmd_status, BitPos(__Lib_Lcd_cmd_status+0)
;__Lib_Lcd.c,198 :: 		
0x01B2	0x01B4      	CLRF       Lcd_Out_i_L0
;__Lib_Lcd.c,199 :: 		
L_Lcd_Out18:
0x01B3	0x0834      	MOVF       Lcd_Out_i_L0, 0
0x01B4	0x0733      	ADDWF      FARG_Lcd_Out_text, 0
0x01B5	0x0084      	MOVWF      FSR
0x01B6	0x0800      	MOVF       INDF, 0
0x01B7	0x1903      	BTFSC      STATUS, 2
0x01B8	0x29C1      	GOTO       L_Lcd_Out19
;__Lib_Lcd.c,200 :: 		
0x01B9	0x0834      	MOVF       Lcd_Out_i_L0, 0
0x01BA	0x0733      	ADDWF      FARG_Lcd_Out_text, 0
0x01BB	0x0084      	MOVWF      FSR
0x01BC	0x0800      	MOVF       INDF, 0
0x01BD	0x00BA      	MOVWF      FARG_Lcd_Chr_CP_out_char
0x01BE	0x2077      	CALL       _Lcd_Chr_CP
0x01BF	0x0AB4      	INCF       Lcd_Out_i_L0, 1
0x01C0	0x29B3      	GOTO       L_Lcd_Out18
L_Lcd_Out19:
;__Lib_Lcd.c,201 :: 		
0x01C1	0x1430      	BSF        __Lib_Lcd_cmd_status, BitPos(__Lib_Lcd_cmd_status+0)
;__Lib_Lcd.c,202 :: 		
L_end_Lcd_Out:
0x01C2	0x0008      	RETURN
; end of _Lcd_Out
_mostrar:
;Proyecto Taladro.c,59 :: 		void mostrar(){
;Proyecto Taladro.c,60 :: 		Inttostr(digitos,cantidad);
0x01C3	0x1283      	BCF        STATUS, 5
0x01C4	0x1303      	BCF        STATUS, 6
0x01C5	0x082B      	MOVF       _Digitos, 0
0x01C6	0x00B1      	MOVWF      FARG_IntToStr_input
0x01C7	0x082C      	MOVF       _Digitos+1, 0
0x01C8	0x00B2      	MOVWF      FARG_IntToStr_input+1
0x01C9	0x3024      	MOVLW      _cantidad
0x01CA	0x00B3      	MOVWF      FARG_IntToStr_output
0x01CB	0x2119      	CALL       _IntToStr
;Proyecto Taladro.c,61 :: 		ver(1,txt28);
0x01CC	0x3001      	MOVLW      1
0x01CD	0x00B1      	MOVWF      FARG_ver_F
0x01CE	0x3091      	MOVLW      _txt28
0x01CF	0x00B2      	MOVWF      FARG_ver_txt
0x01D0	0x3005      	MOVLW      hi_addr(_txt28)
0x01D1	0x00B3      	MOVWF      FARG_ver_txt+1
0x01D2	0x20FB      	CALL       _ver
;Proyecto Taladro.c,62 :: 		Lcd_out(2,1,cantidad);
0x01D3	0x3002      	MOVLW      2
0x01D4	0x00B1      	MOVWF      FARG_Lcd_Out_row
0x01D5	0x3001      	MOVLW      1
0x01D6	0x00B2      	MOVWF      FARG_Lcd_Out_column
0x01D7	0x3024      	MOVLW      _cantidad
0x01D8	0x00B3      	MOVWF      FARG_Lcd_Out_text
0x01D9	0x2183      	CALL       _Lcd_Out
;Proyecto Taladro.c,63 :: 		Lcd_Chr_Cp('%');
0x01DA	0x3025      	MOVLW      37
0x01DB	0x00BA      	MOVWF      FARG_Lcd_Chr_CP_out_char
0x01DC	0x2077      	CALL       _Lcd_Chr_CP
;Proyecto Taladro.c,65 :: 		}
L_end_mostrar:
0x01DD	0x0008      	RETURN
; end of _mostrar
_teclado:
;Proyecto Taladro.c,111 :: 		void teclado()
;Proyecto Taladro.c,113 :: 		buffer = 0;
0x01DE	0x1283      	BCF        STATUS, 5
0x01DF	0x1303      	BCF        STATUS, 6
0x01E0	0x01A3      	CLRF       _buffer
;Proyecto Taladro.c,114 :: 		PORTD = 0xF0;
0x01E1	0x30F0      	MOVLW      240
0x01E2	0x0088      	MOVWF      PORTD
;Proyecto Taladro.c,115 :: 		if (PORTD != 0xF0)
0x01E3	0x0808      	MOVF       PORTD, 0
0x01E4	0x3AF0      	XORLW      240
0x01E5	0x1903      	BTFSC      STATUS, 2
0x01E6	0x2A63      	GOTO       L_teclado19
;Proyecto Taladro.c,117 :: 		PORTD = 0xFE;
0x01E7	0x30FE      	MOVLW      254
0x01E8	0x0088      	MOVWF      PORTD
;Proyecto Taladro.c,118 :: 		switch (PORTD)
0x01E9	0x29F6      	GOTO       L_teclado20
;Proyecto Taladro.c,120 :: 		case 0xEE: buffer = '1'; break;
L_teclado22:
0x01EA	0x3031      	MOVLW      49
0x01EB	0x00A3      	MOVWF      _buffer
0x01EC	0x2A06      	GOTO       L_teclado21
;Proyecto Taladro.c,121 :: 		case 0xDE: buffer = '2'; break;
L_teclado23:
0x01ED	0x3032      	MOVLW      50
0x01EE	0x00A3      	MOVWF      _buffer
0x01EF	0x2A06      	GOTO       L_teclado21
;Proyecto Taladro.c,122 :: 		case 0xBE: buffer = '3'; break;
L_teclado24:
0x01F0	0x3033      	MOVLW      51
0x01F1	0x00A3      	MOVWF      _buffer
0x01F2	0x2A06      	GOTO       L_teclado21
;Proyecto Taladro.c,123 :: 		case 0x7E: buffer = 'A'; break;
L_teclado25:
0x01F3	0x3041      	MOVLW      65
0x01F4	0x00A3      	MOVWF      _buffer
0x01F5	0x2A06      	GOTO       L_teclado21
;Proyecto Taladro.c,124 :: 		}
L_teclado20:
0x01F6	0x0808      	MOVF       PORTD, 0
0x01F7	0x3AEE      	XORLW      238
0x01F8	0x1903      	BTFSC      STATUS, 2
0x01F9	0x29EA      	GOTO       L_teclado22
0x01FA	0x0808      	MOVF       PORTD, 0
0x01FB	0x3ADE      	XORLW      222
0x01FC	0x1903      	BTFSC      STATUS, 2
0x01FD	0x29ED      	GOTO       L_teclado23
0x01FE	0x0808      	MOVF       PORTD, 0
0x01FF	0x3ABE      	XORLW      190
0x0200	0x1903      	BTFSC      STATUS, 2
0x0201	0x29F0      	GOTO       L_teclado24
0x0202	0x0808      	MOVF       PORTD, 0
0x0203	0x3A7E      	XORLW      126
0x0204	0x1903      	BTFSC      STATUS, 2
0x0205	0x29F3      	GOTO       L_teclado25
L_teclado21:
;Proyecto Taladro.c,125 :: 		PORTD = 0xFD;
0x0206	0x30FD      	MOVLW      253
0x0207	0x0088      	MOVWF      PORTD
;Proyecto Taladro.c,126 :: 		switch (PORTD)
0x0208	0x2A15      	GOTO       L_teclado26
;Proyecto Taladro.c,128 :: 		case 0xED: buffer = '4'; break;
L_teclado28:
0x0209	0x3034      	MOVLW      52
0x020A	0x00A3      	MOVWF      _buffer
0x020B	0x2A25      	GOTO       L_teclado27
;Proyecto Taladro.c,129 :: 		case 0xDD: buffer = '5'; break;
L_teclado29:
0x020C	0x3035      	MOVLW      53
0x020D	0x00A3      	MOVWF      _buffer
0x020E	0x2A25      	GOTO       L_teclado27
;Proyecto Taladro.c,130 :: 		case 0xBD: buffer = '6'; break;
L_teclado30:
0x020F	0x3036      	MOVLW      54
0x0210	0x00A3      	MOVWF      _buffer
0x0211	0x2A25      	GOTO       L_teclado27
;Proyecto Taladro.c,131 :: 		case 0x7D: buffer = 'B'; break;
L_teclado31:
0x0212	0x3042      	MOVLW      66
0x0213	0x00A3      	MOVWF      _buffer
0x0214	0x2A25      	GOTO       L_teclado27
;Proyecto Taladro.c,132 :: 		}
L_teclado26:
0x0215	0x0808      	MOVF       PORTD, 0
0x0216	0x3AED      	XORLW      237
0x0217	0x1903      	BTFSC      STATUS, 2
0x0218	0x2A09      	GOTO       L_teclado28
0x0219	0x0808      	MOVF       PORTD, 0
0x021A	0x3ADD      	XORLW      221
0x021B	0x1903      	BTFSC      STATUS, 2
0x021C	0x2A0C      	GOTO       L_teclado29
0x021D	0x0808      	MOVF       PORTD, 0
0x021E	0x3ABD      	XORLW      189
0x021F	0x1903      	BTFSC      STATUS, 2
0x0220	0x2A0F      	GOTO       L_teclado30
0x0221	0x0808      	MOVF       PORTD, 0
0x0222	0x3A7D      	XORLW      125
0x0223	0x1903      	BTFSC      STATUS, 2
0x0224	0x2A12      	GOTO       L_teclado31
L_teclado27:
;Proyecto Taladro.c,133 :: 		PORTD = 0xFB;
0x0225	0x30FB      	MOVLW      251
0x0226	0x0088      	MOVWF      PORTD
;Proyecto Taladro.c,134 :: 		switch (PORTD)
0x0227	0x2A34      	GOTO       L_teclado32
;Proyecto Taladro.c,136 :: 		case 0xEB: buffer = '7'; break;
L_teclado34:
0x0228	0x3037      	MOVLW      55
0x0229	0x00A3      	MOVWF      _buffer
0x022A	0x2A44      	GOTO       L_teclado33
;Proyecto Taladro.c,137 :: 		case 0xDB: buffer = '8'; break;
L_teclado35:
0x022B	0x3038      	MOVLW      56
0x022C	0x00A3      	MOVWF      _buffer
0x022D	0x2A44      	GOTO       L_teclado33
;Proyecto Taladro.c,138 :: 		case 0xBB: buffer = '9'; break;
L_teclado36:
0x022E	0x3039      	MOVLW      57
0x022F	0x00A3      	MOVWF      _buffer
0x0230	0x2A44      	GOTO       L_teclado33
;Proyecto Taladro.c,139 :: 		case 0x7B: buffer = 'C'; break;
L_teclado37:
0x0231	0x3043      	MOVLW      67
0x0232	0x00A3      	MOVWF      _buffer
0x0233	0x2A44      	GOTO       L_teclado33
;Proyecto Taladro.c,140 :: 		}
L_teclado32:
0x0234	0x0808      	MOVF       PORTD, 0
0x0235	0x3AEB      	XORLW      235
0x0236	0x1903      	BTFSC      STATUS, 2
0x0237	0x2A28      	GOTO       L_teclado34
0x0238	0x0808      	MOVF       PORTD, 0
0x0239	0x3ADB      	XORLW      219
0x023A	0x1903      	BTFSC      STATUS, 2
0x023B	0x2A2B      	GOTO       L_teclado35
0x023C	0x0808      	MOVF       PORTD, 0
0x023D	0x3ABB      	XORLW      187
0x023E	0x1903      	BTFSC      STATUS, 2
0x023F	0x2A2E      	GOTO       L_teclado36
0x0240	0x0808      	MOVF       PORTD, 0
0x0241	0x3A7B      	XORLW      123
0x0242	0x1903      	BTFSC      STATUS, 2
0x0243	0x2A31      	GOTO       L_teclado37
L_teclado33:
;Proyecto Taladro.c,141 :: 		PORTD = 0xF7;
0x0244	0x30F7      	MOVLW      247
0x0245	0x0088      	MOVWF      PORTD
;Proyecto Taladro.c,142 :: 		switch (PORTD)
0x0246	0x2A53      	GOTO       L_teclado38
;Proyecto Taladro.c,144 :: 		case 0xE7: buffer = '*'; break;
L_teclado40:
0x0247	0x302A      	MOVLW      42
0x0248	0x00A3      	MOVWF      _buffer
0x0249	0x2A63      	GOTO       L_teclado39
;Proyecto Taladro.c,145 :: 		case 0xD7: buffer = '0'; break;
L_teclado41:
0x024A	0x3030      	MOVLW      48
0x024B	0x00A3      	MOVWF      _buffer
0x024C	0x2A63      	GOTO       L_teclado39
;Proyecto Taladro.c,146 :: 		case 0xB7: buffer = '#'; break;
L_teclado42:
0x024D	0x3023      	MOVLW      35
0x024E	0x00A3      	MOVWF      _buffer
0x024F	0x2A63      	GOTO       L_teclado39
;Proyecto Taladro.c,147 :: 		case 0x77: buffer = 'D'; break;
L_teclado43:
0x0250	0x3044      	MOVLW      68
0x0251	0x00A3      	MOVWF      _buffer
0x0252	0x2A63      	GOTO       L_teclado39
;Proyecto Taladro.c,148 :: 		}
L_teclado38:
0x0253	0x0808      	MOVF       PORTD, 0
0x0254	0x3AE7      	XORLW      231
0x0255	0x1903      	BTFSC      STATUS, 2
0x0256	0x2A47      	GOTO       L_teclado40
0x0257	0x0808      	MOVF       PORTD, 0
0x0258	0x3AD7      	XORLW      215
0x0259	0x1903      	BTFSC      STATUS, 2
0x025A	0x2A4A      	GOTO       L_teclado41
0x025B	0x0808      	MOVF       PORTD, 0
0x025C	0x3AB7      	XORLW      183
0x025D	0x1903      	BTFSC      STATUS, 2
0x025E	0x2A4D      	GOTO       L_teclado42
0x025F	0x0808      	MOVF       PORTD, 0
0x0260	0x3A77      	XORLW      119
0x0261	0x1903      	BTFSC      STATUS, 2
0x0262	0x2A50      	GOTO       L_teclado43
L_teclado39:
;Proyecto Taladro.c,149 :: 		}
L_teclado19:
;Proyecto Taladro.c,150 :: 		PORTD = 0xF0;
0x0263	0x30F0      	MOVLW      240
0x0264	0x0088      	MOVWF      PORTD
;Proyecto Taladro.c,151 :: 		while (PORTD != 0xF0);
L_teclado44:
0x0265	0x0808      	MOVF       PORTD, 0
0x0266	0x3AF0      	XORLW      240
0x0267	0x1903      	BTFSC      STATUS, 2
0x0268	0x2A6A      	GOTO       L_teclado45
0x0269	0x2A65      	GOTO       L_teclado44
L_teclado45:
;Proyecto Taladro.c,152 :: 		delay_ms(51);
0x026A	0x3085      	MOVLW      133
0x026B	0x00FC      	MOVWF      R12
0x026C	0x3076      	MOVLW      118
0x026D	0x00FD      	MOVWF      R13
L_teclado46:
0x026E	0x0BFD      	DECFSZ     R13, 1
0x026F	0x2A6E      	GOTO       L_teclado46
0x0270	0x0BFC      	DECFSZ     R12, 1
0x0271	0x2A6E      	GOTO       L_teclado46
0x0272	0x0000      	NOP
;Proyecto Taladro.c,153 :: 		}
L_end_teclado:
0x0273	0x0008      	RETURN
; end of _teclado
_Mul_16X16_U:
;__Lib_Math.c,136 :: 		
;__Lib_Math.c,143 :: 		
0x0274	0x1283      	BCF        STATUS, 5
;__Lib_Math.c,144 :: 		
0x0275	0x1303      	BCF        STATUS, 6
;__Lib_Math.c,145 :: 		
0x0276	0x01FB      	CLRF       R11
;__Lib_Math.c,146 :: 		
0x0277	0x01FA      	CLRF       R10
;__Lib_Math.c,147 :: 		
0x0278	0x01F9      	CLRF       R9
;__Lib_Math.c,148 :: 		
0x0279	0x3080      	MOVLW      128
;__Lib_Math.c,149 :: 		
0x027A	0x00F8      	MOVWF      R8
;__Lib_Math.c,150 :: 		
0x027B	0x0CF1      	RRF        R1, 1
;__Lib_Math.c,151 :: 		
0x027C	0x0CF0      	RRF        R0, 1
;__Lib_Math.c,152 :: 		
0x027D	0x1C03      	BTFSS      STATUS, 0
;__Lib_Math.c,153 :: 		
0x027E	0x2A88      	GOTO       $+10
;__Lib_Math.c,154 :: 		
0x027F	0x0874      	MOVF       R4, 0
;__Lib_Math.c,155 :: 		
0x0280	0x07F9      	ADDWF      R9, 1
;__Lib_Math.c,156 :: 		
0x0281	0x0875      	MOVF       R5, 0
;__Lib_Math.c,157 :: 		
0x0282	0x1803      	BTFSC      STATUS, 0
;__Lib_Math.c,158 :: 		
0x0283	0x0F75      	INCFSZ     R5, 0
;__Lib_Math.c,159 :: 		
0x0284	0x07FA      	ADDWF      R10, 1
;__Lib_Math.c,160 :: 		
0x0285	0x1803      	BTFSC      STATUS, 0
;__Lib_Math.c,161 :: 		
0x0286	0x0AFB      	INCF       R11, 1
;__Lib_Math.c,162 :: 		
0x0287	0x1003      	BCF        STATUS, 0
;__Lib_Math.c,163 :: 		
0x0288	0x1FF0      	BTFSS      R0, 7
;__Lib_Math.c,164 :: 		
0x0289	0x2A90      	GOTO       $+7
;__Lib_Math.c,165 :: 		
0x028A	0x0874      	MOVF       R4, 0
;__Lib_Math.c,166 :: 		
0x028B	0x07FA      	ADDWF      R10, 1
;__Lib_Math.c,167 :: 		
0x028C	0x0875      	MOVF       R5, 0
;__Lib_Math.c,168 :: 		
0x028D	0x1803      	BTFSC      STATUS, 0
;__Lib_Math.c,169 :: 		
0x028E	0x0F75      	INCFSZ     R5, 0
;__Lib_Math.c,170 :: 		
0x028F	0x07FB      	ADDWF      R11, 1
;__Lib_Math.c,171 :: 		
0x0290	0x0CFB      	RRF        R11, 1
;__Lib_Math.c,172 :: 		
0x0291	0x0CFA      	RRF        R10, 1
;__Lib_Math.c,173 :: 		
0x0292	0x0CF9      	RRF        R9, 1
;__Lib_Math.c,174 :: 		
0x0293	0x0CF8      	RRF        R8, 1
;__Lib_Math.c,175 :: 		
0x0294	0x1C03      	BTFSS      STATUS, 0
;__Lib_Math.c,176 :: 		
0x0295	0x2A7B      	GOTO       $-26
;__Lib_Math.c,177 :: 		
0x0296	0x087B      	MOVF       R11, 0
;__Lib_Math.c,178 :: 		
0x0297	0x00F3      	MOVWF      R3
;__Lib_Math.c,179 :: 		
0x0298	0x087A      	MOVF       R10, 0
;__Lib_Math.c,180 :: 		
0x0299	0x00F2      	MOVWF      R2
;__Lib_Math.c,181 :: 		
0x029A	0x0879      	MOVF       R9, 0
;__Lib_Math.c,182 :: 		
0x029B	0x00F1      	MOVWF      R1
;__Lib_Math.c,183 :: 		
0x029C	0x0878      	MOVF       R8, 0
;__Lib_Math.c,184 :: 		
0x029D	0x00F0      	MOVWF      R0
;__Lib_Math.c,187 :: 		
L_end_Mul_16X16_U:
0x029E	0x0008      	RETURN
; end of _Mul_16X16_U
_Potencia:
;Proyecto Taladro.c,90 :: 		void Potencia()
;Proyecto Taladro.c,92 :: 		if(n == 1)
0x029F	0x1283      	BCF        STATUS, 5
0x02A0	0x1303      	BCF        STATUS, 6
0x02A1	0x082F      	MOVF       _n, 0
0x02A2	0x3A01      	XORLW      1
0x02A3	0x1D03      	BTFSS      STATUS, 2
0x02A4	0x2ACA      	GOTO       L_Potencia9
;Proyecto Taladro.c,95 :: 		mostrar();
0x02A5	0x21C3      	CALL       _mostrar
;Proyecto Taladro.c,96 :: 		PORTD = 0xF0;
0x02A6	0x30F0      	MOVLW      240
0x02A7	0x0088      	MOVWF      PORTD
;Proyecto Taladro.c,97 :: 		while(PORTD==0xF0){
L_Potencia10:
0x02A8	0x0808      	MOVF       PORTD, 0
0x02A9	0x3AF0      	XORLW      240
0x02AA	0x1D03      	BTFSS      STATUS, 2
0x02AB	0x2AC7      	GOTO       L_Potencia11
;Proyecto Taladro.c,98 :: 		while(PORTE.F1==0);
L_Potencia12:
0x02AC	0x1889      	BTFSC      PORTE, 1
0x02AD	0x2AAF      	GOTO       L_Potencia13
0x02AE	0x2AAC      	GOTO       L_Potencia12
L_Potencia13:
;Proyecto Taladro.c,99 :: 		for(t=100;t>=Digitos;t--)
0x02AF	0x3064      	MOVLW      100
0x02B0	0x00AE      	MOVWF      _t
L_Potencia14:
0x02B1	0x082C      	MOVF       _Digitos+1, 0
0x02B2	0x3C00      	SUBLW      0
0x02B3	0x1D03      	BTFSS      STATUS, 2
0x02B4	0x2AB7      	GOTO       L__Potencia64
0x02B5	0x082B      	MOVF       _Digitos, 0
0x02B6	0x022E      	SUBWF      _t, 0
L__Potencia64:
0x02B7	0x1C03      	BTFSS      STATUS, 0
0x02B8	0x2AC0      	GOTO       L_Potencia15
;Proyecto Taladro.c,101 :: 		delay_us(34);
0x02B9	0x3016      	MOVLW      22
0x02BA	0x00FD      	MOVWF      R13
L_Potencia17:
0x02BB	0x0BFD      	DECFSZ     R13, 1
0x02BC	0x2ABB      	GOTO       L_Potencia17
0x02BD	0x0000      	NOP
;Proyecto Taladro.c,99 :: 		for(t=100;t>=Digitos;t--)
0x02BE	0x03AE      	DECF       _t, 1
;Proyecto Taladro.c,102 :: 		}
0x02BF	0x2AB1      	GOTO       L_Potencia14
L_Potencia15:
;Proyecto Taladro.c,103 :: 		PORTE.F0=1;
0x02C0	0x1409      	BSF        PORTE, 0
;Proyecto Taladro.c,104 :: 		delay_us(5);
0x02C1	0x3003      	MOVLW      3
0x02C2	0x00FD      	MOVWF      R13
L_Potencia18:
0x02C3	0x0BFD      	DECFSZ     R13, 1
0x02C4	0x2AC3      	GOTO       L_Potencia18
;Proyecto Taladro.c,105 :: 		PORTE.F0=0;
0x02C5	0x1009      	BCF        PORTE, 0
;Proyecto Taladro.c,106 :: 		}
0x02C6	0x2AA8      	GOTO       L_Potencia10
L_Potencia11:
;Proyecto Taladro.c,107 :: 		lcd_cmd(_lcd_clear);
0x02C7	0x3001      	MOVLW      1
0x02C8	0x00BF      	MOVWF      FARG_Lcd_Cmd_out_char
0x02C9	0x2037      	CALL       _Lcd_Cmd
;Proyecto Taladro.c,108 :: 		}
L_Potencia9:
;Proyecto Taladro.c,109 :: 		}
L_end_Potencia:
0x02CA	0x0008      	RETURN
; end of _Potencia
_registro1:
;Proyecto Taladro.c,68 :: 		void registro1()
;Proyecto Taladro.c,70 :: 		buffer = 0;
0x02CB	0x1283      	BCF        STATUS, 5
0x02CC	0x1303      	BCF        STATUS, 6
0x02CD	0x01A3      	CLRF       _buffer
;Proyecto Taladro.c,71 :: 		Digitos = 0;
0x02CE	0x01AB      	CLRF       _Digitos
0x02CF	0x01AC      	CLRF       _Digitos+1
;Proyecto Taladro.c,72 :: 		while (1)
L_registro13:
;Proyecto Taladro.c,75 :: 		teclado();
0x02D0	0x21DE      	CALL       _teclado
;Proyecto Taladro.c,77 :: 		if ((buffer >= '0')&&(buffer <= '9'))
0x02D1	0x3030      	MOVLW      48
0x02D2	0x0223      	SUBWF      _buffer, 0
0x02D3	0x1C03      	BTFSS      STATUS, 0
0x02D4	0x2AF3      	GOTO       L_registro17
0x02D5	0x0823      	MOVF       _buffer, 0
0x02D6	0x3C39      	SUBLW      57
0x02D7	0x1C03      	BTFSS      STATUS, 0
0x02D8	0x2AF3      	GOTO       L_registro17
L__registro159:
;Proyecto Taladro.c,79 :: 		Lcd_Chr_Cp(buffer);
0x02D9	0x0823      	MOVF       _buffer, 0
0x02DA	0x00BA      	MOVWF      FARG_Lcd_Chr_CP_out_char
0x02DB	0x2077      	CALL       _Lcd_Chr_CP
;Proyecto Taladro.c,80 :: 		Digitos =Digitos*10 + (buffer - 48);
0x02DC	0x082B      	MOVF       _Digitos, 0
0x02DD	0x00F0      	MOVWF      R0
0x02DE	0x082C      	MOVF       _Digitos+1, 0
0x02DF	0x00F1      	MOVWF      R0+1
0x02E0	0x300A      	MOVLW      10
0x02E1	0x00F4      	MOVWF      R4
0x02E2	0x3000      	MOVLW      0
0x02E3	0x00F5      	MOVWF      R4+1
0x02E4	0x2274      	CALL       _Mul_16X16_U
0x02E5	0x3030      	MOVLW      48
0x02E6	0x0223      	SUBWF      _buffer, 0
0x02E7	0x00F2      	MOVWF      R2
0x02E8	0x01F3      	CLRF       R2+1
0x02E9	0x1C03      	BTFSS      STATUS, 0
0x02EA	0x03F3      	DECF       R2+1, 1
0x02EB	0x0872      	MOVF       R2, 0
0x02EC	0x0770      	ADDWF      R0, 0
0x02ED	0x00AB      	MOVWF      _Digitos
0x02EE	0x0871      	MOVF       R0+1, 0
0x02EF	0x1803      	BTFSC      STATUS, 0
0x02F0	0x3E01      	ADDLW      1
0x02F1	0x0773      	ADDWF      R2+1, 0
0x02F2	0x00AC      	MOVWF      _Digitos+1
;Proyecto Taladro.c,81 :: 		}
L_registro17:
;Proyecto Taladro.c,82 :: 		if(buffer == '*'){
0x02F3	0x0823      	MOVF       _buffer, 0
0x02F4	0x3A2A      	XORLW      42
0x02F5	0x1D03      	BTFSS      STATUS, 2
0x02F6	0x2AFA      	GOTO       L_registro18
;Proyecto Taladro.c,83 :: 		n=1;
0x02F7	0x3001      	MOVLW      1
0x02F8	0x00AF      	MOVWF      _n
;Proyecto Taladro.c,84 :: 		break;
0x02F9	0x2AFB      	GOTO       L_registro14
;Proyecto Taladro.c,85 :: 		}
L_registro18:
;Proyecto Taladro.c,86 :: 		}
0x02FA	0x2AD0      	GOTO       L_registro13
L_registro14:
;Proyecto Taladro.c,87 :: 		}
L_end_registro1:
0x02FB	0x0008      	RETURN
; end of _registro1
_Lcd_Init:
;__Lib_Lcd.c,84 :: 		
;__Lib_Lcd.c,86 :: 		
0x02FC	0x1683      	BSF        STATUS, 5
0x02FD	0x1303      	BCF        STATUS, 6
0x02FE	0x1286      	BCF        LCD_EN_Direction, BitPos(LCD_EN_Direction+0)
;__Lib_Lcd.c,87 :: 		
0x02FF	0x1206      	BCF        LCD_RS_Direction, BitPos(LCD_RS_Direction+0)
;__Lib_Lcd.c,88 :: 		
0x0300	0x1006      	BCF        LCD_D4_Direction, BitPos(LCD_D4_Direction+0)
;__Lib_Lcd.c,89 :: 		
0x0301	0x1086      	BCF        LCD_D5_Direction, BitPos(LCD_D5_Direction+0)
;__Lib_Lcd.c,90 :: 		
0x0302	0x1106      	BCF        LCD_D6_Direction, BitPos(LCD_D6_Direction+0)
;__Lib_Lcd.c,91 :: 		
0x0303	0x1186      	BCF        LCD_D7_Direction, BitPos(LCD_D7_Direction+0)
;__Lib_Lcd.c,93 :: 		
0x0304	0x1283      	BCF        STATUS, 5
0x0305	0x1286      	BCF        LCD_EN, BitPos(LCD_EN+0)
;__Lib_Lcd.c,94 :: 		
0x0306	0x1206      	BCF        LCD_RS, BitPos(LCD_RS+0)
;__Lib_Lcd.c,95 :: 		
0x0307	0x1186      	BCF        LCD_D7, BitPos(LCD_D7+0)
;__Lib_Lcd.c,96 :: 		
0x0308	0x1106      	BCF        LCD_D6, BitPos(LCD_D6+0)
;__Lib_Lcd.c,97 :: 		
0x0309	0x1086      	BCF        LCD_D5, BitPos(LCD_D5+0)
;__Lib_Lcd.c,98 :: 		
0x030A	0x1006      	BCF        LCD_D4, BitPos(LCD_D4+0)
;__Lib_Lcd.c,100 :: 		
0x030B	0x200D      	CALL       _Delay_5500us
;__Lib_Lcd.c,101 :: 		
0x030C	0x200D      	CALL       _Delay_5500us
;__Lib_Lcd.c,102 :: 		
0x030D	0x200D      	CALL       _Delay_5500us
;__Lib_Lcd.c,105 :: 		
0x030E	0x1486      	BSF        LCD_D5, BitPos(LCD_D5+0)
;__Lib_Lcd.c,106 :: 		
0x030F	0x1406      	BSF        LCD_D4, BitPos(LCD_D4+0)
;__Lib_Lcd.c,107 :: 		
0x0310	0x1686      	BSF        LCD_EN, BitPos(LCD_EN+0)
;__Lib_Lcd.c,108 :: 		
0x0311	0x200A      	CALL       _Delay_1us
;__Lib_Lcd.c,109 :: 		
0x0312	0x1286      	BCF        LCD_EN, BitPos(LCD_EN+0)
;__Lib_Lcd.c,110 :: 		
0x0313	0x200D      	CALL       _Delay_5500us
;__Lib_Lcd.c,112 :: 		
0x0314	0x1686      	BSF        LCD_EN, BitPos(LCD_EN+0)
;__Lib_Lcd.c,113 :: 		
0x0315	0x200A      	CALL       _Delay_1us
;__Lib_Lcd.c,114 :: 		
0x0316	0x1286      	BCF        LCD_EN, BitPos(LCD_EN+0)
;__Lib_Lcd.c,115 :: 		
0x0317	0x200D      	CALL       _Delay_5500us
;__Lib_Lcd.c,117 :: 		
0x0318	0x1686      	BSF        LCD_EN, BitPos(LCD_EN+0)
;__Lib_Lcd.c,118 :: 		
0x0319	0x200A      	CALL       _Delay_1us
;__Lib_Lcd.c,119 :: 		
0x031A	0x1286      	BCF        LCD_EN, BitPos(LCD_EN+0)
;__Lib_Lcd.c,120 :: 		
0x031B	0x200D      	CALL       _Delay_5500us
;__Lib_Lcd.c,123 :: 		
0x031C	0x1006      	BCF        LCD_D4, BitPos(LCD_D4+0)
;__Lib_Lcd.c,124 :: 		
0x031D	0x1686      	BSF        LCD_EN, BitPos(LCD_EN+0)
;__Lib_Lcd.c,125 :: 		
0x031E	0x200A      	CALL       _Delay_1us
;__Lib_Lcd.c,126 :: 		
0x031F	0x1286      	BCF        LCD_EN, BitPos(LCD_EN+0)
;__Lib_Lcd.c,127 :: 		
0x0320	0x200D      	CALL       _Delay_5500us
;__Lib_Lcd.c,130 :: 		
0x0321	0x1686      	BSF        LCD_EN, BitPos(LCD_EN+0)
;__Lib_Lcd.c,131 :: 		
0x0322	0x200A      	CALL       _Delay_1us
;__Lib_Lcd.c,132 :: 		
0x0323	0x1286      	BCF        LCD_EN, BitPos(LCD_EN+0)
;__Lib_Lcd.c,134 :: 		
0x0324	0x1086      	BCF        LCD_D5, BitPos(LCD_D5+0)
;__Lib_Lcd.c,135 :: 		
0x0325	0x1586      	BSF        LCD_D7, BitPos(LCD_D7+0)
;__Lib_Lcd.c,136 :: 		
0x0326	0x1686      	BSF        LCD_EN, BitPos(LCD_EN+0)
;__Lib_Lcd.c,137 :: 		
0x0327	0x200A      	CALL       _Delay_1us
;__Lib_Lcd.c,138 :: 		
0x0328	0x1286      	BCF        LCD_EN, BitPos(LCD_EN+0)
;__Lib_Lcd.c,139 :: 		
0x0329	0x200D      	CALL       _Delay_5500us
;__Lib_Lcd.c,142 :: 		
0x032A	0x1186      	BCF        LCD_D7, BitPos(LCD_D7+0)
;__Lib_Lcd.c,143 :: 		
0x032B	0x1406      	BSF        LCD_D4, BitPos(LCD_D4+0)
;__Lib_Lcd.c,144 :: 		
0x032C	0x1686      	BSF        LCD_EN, BitPos(LCD_EN+0)
;__Lib_Lcd.c,145 :: 		
0x032D	0x200A      	CALL       _Delay_1us
;__Lib_Lcd.c,146 :: 		
0x032E	0x1286      	BCF        LCD_EN, BitPos(LCD_EN+0)
;__Lib_Lcd.c,148 :: 		
0x032F	0x1006      	BCF        LCD_D4, BitPos(LCD_D4+0)
;__Lib_Lcd.c,149 :: 		
0x0330	0x1686      	BSF        LCD_EN, BitPos(LCD_EN+0)
;__Lib_Lcd.c,150 :: 		
0x0331	0x200A      	CALL       _Delay_1us
;__Lib_Lcd.c,151 :: 		
0x0332	0x1286      	BCF        LCD_EN, BitPos(LCD_EN+0)
;__Lib_Lcd.c,152 :: 		
0x0333	0x200D      	CALL       _Delay_5500us
;__Lib_Lcd.c,155 :: 		
0x0334	0x1686      	BSF        LCD_EN, BitPos(LCD_EN+0)
;__Lib_Lcd.c,156 :: 		
0x0335	0x200A      	CALL       _Delay_1us
;__Lib_Lcd.c,157 :: 		
0x0336	0x1286      	BCF        LCD_EN, BitPos(LCD_EN+0)
;__Lib_Lcd.c,159 :: 		
0x0337	0x1406      	BSF        LCD_D4, BitPos(LCD_D4+0)
;__Lib_Lcd.c,160 :: 		
0x0338	0x1686      	BSF        LCD_EN, BitPos(LCD_EN+0)
;__Lib_Lcd.c,161 :: 		
0x0339	0x200A      	CALL       _Delay_1us
;__Lib_Lcd.c,162 :: 		
0x033A	0x1286      	BCF        LCD_EN, BitPos(LCD_EN+0)
;__Lib_Lcd.c,163 :: 		
0x033B	0x200D      	CALL       _Delay_5500us
;__Lib_Lcd.c,166 :: 		
0x033C	0x1006      	BCF        LCD_D4, BitPos(LCD_D4+0)
;__Lib_Lcd.c,167 :: 		
0x033D	0x1686      	BSF        LCD_EN, BitPos(LCD_EN+0)
;__Lib_Lcd.c,168 :: 		
0x033E	0x200A      	CALL       _Delay_1us
;__Lib_Lcd.c,169 :: 		
0x033F	0x1286      	BCF        LCD_EN, BitPos(LCD_EN+0)
;__Lib_Lcd.c,171 :: 		
0x0340	0x1586      	BSF        LCD_D7, BitPos(LCD_D7+0)
;__Lib_Lcd.c,172 :: 		
0x0341	0x1506      	BSF        LCD_D6, BitPos(LCD_D6+0)
;__Lib_Lcd.c,173 :: 		
0x0342	0x1486      	BSF        LCD_D5, BitPos(LCD_D5+0)
;__Lib_Lcd.c,174 :: 		
0x0343	0x1406      	BSF        LCD_D4, BitPos(LCD_D4+0)
;__Lib_Lcd.c,175 :: 		
0x0344	0x1686      	BSF        LCD_EN, BitPos(LCD_EN+0)
;__Lib_Lcd.c,176 :: 		
0x0345	0x200A      	CALL       _Delay_1us
;__Lib_Lcd.c,177 :: 		
0x0346	0x1286      	BCF        LCD_EN, BitPos(LCD_EN+0)
;__Lib_Lcd.c,179 :: 		
0x0347	0x200D      	CALL       _Delay_5500us
;__Lib_Lcd.c,181 :: 		
0x0348	0x1430      	BSF        __Lib_Lcd_cmd_status, BitPos(__Lib_Lcd_cmd_status+0)
;__Lib_Lcd.c,182 :: 		
L_end_Lcd_Init:
0x0349	0x0008      	RETURN
; end of _Lcd_Init
___CC2DW:
;__Lib_System.c,134 :: 		
;__Lib_System.c,137 :: 		
_CC2D_Loop1:
;__Lib_System.c,139 :: 		
0x034A	0x20B4      	CALL       _____DoICP
0x034B	0x118A      	BCF        PCLATH, 3
0x034C	0x120A      	BCF        PCLATH, 4
;__Lib_System.c,141 :: 		
0x034D	0x0080      	MOVWF      INDF
;__Lib_System.c,142 :: 		
0x034E	0x0A84      	INCF       FSR, 1
;__Lib_System.c,143 :: 		
0x034F	0x0AA1      	INCF       ___DoICPAddr, 1
;__Lib_System.c,145 :: 		
0x0350	0x1903      	BTFSC      STATUS, 2
;__Lib_System.c,146 :: 		
0x0351	0x0AA2      	INCF       ___DoICPAddr+1, 1
;__Lib_System.c,147 :: 		
0x0352	0x03F0      	DECF       R0, 1
;__Lib_System.c,149 :: 		
0x0353	0x1D03      	BTFSS      STATUS, 2
;__Lib_System.c,150 :: 		
0x0354	0x2B4A      	GOTO       _CC2D_Loop1
;__Lib_System.c,152 :: 		
L_end___CC2DW:
0x0355	0x0008      	RETURN
; end of ___CC2DW
_main:
0x0356	0x1283      	BCF        STATUS, 5
0x0357	0x1303      	BCF        STATUS, 6
0x0358	0x01A0      	CLRF       ?lstr1_Proyecto_32Taladro
;Proyecto Taladro.c,155 :: 		void main()
;Proyecto Taladro.c,157 :: 		ANSEL = 0;
0x0359	0x1683      	BSF        STATUS, 5
0x035A	0x1703      	BSF        STATUS, 6
0x035B	0x0188      	CLRF       ANSEL
;Proyecto Taladro.c,158 :: 		ANSELH = 0;
0x035C	0x0189      	CLRF       ANSELH
;Proyecto Taladro.c,159 :: 		C1ON_bit = 0;
0x035D	0x1283      	BCF        STATUS, 5
0x035E	0x1387      	BCF        C1ON_bit, BitPos(C1ON_bit+0)
;Proyecto Taladro.c,160 :: 		C2ON_bit = 0;
0x035F	0x1388      	BCF        C2ON_bit, BitPos(C2ON_bit+0)
;Proyecto Taladro.c,161 :: 		TRISB = 0;
0x0360	0x1683      	BSF        STATUS, 5
0x0361	0x1303      	BCF        STATUS, 6
0x0362	0x0186      	CLRF       TRISB
;Proyecto Taladro.c,162 :: 		PORTB = 0;
0x0363	0x1283      	BCF        STATUS, 5
0x0364	0x0186      	CLRF       PORTB
;Proyecto Taladro.c,163 :: 		TRISD = 0xF0;
0x0365	0x30F0      	MOVLW      240
0x0366	0x1683      	BSF        STATUS, 5
0x0367	0x0088      	MOVWF      TRISD
;Proyecto Taladro.c,164 :: 		PORTD = 0xF0;
0x0368	0x30F0      	MOVLW      240
0x0369	0x1283      	BCF        STATUS, 5
0x036A	0x0088      	MOVWF      PORTD
;Proyecto Taladro.c,165 :: 		TRISE = 0x02;
0x036B	0x3002      	MOVLW      2
0x036C	0x1683      	BSF        STATUS, 5
0x036D	0x0089      	MOVWF      TRISE
;Proyecto Taladro.c,166 :: 		PORTE = 0;
0x036E	0x1283      	BCF        STATUS, 5
0x036F	0x0189      	CLRF       PORTE
;Proyecto Taladro.c,167 :: 		Lcd_Init();
0x0370	0x22FC      	CALL       _Lcd_Init
;Proyecto Taladro.c,168 :: 		Lcd_Cmd(_LCD_CURSOR_OFF);
0x0371	0x300C      	MOVLW      12
0x0372	0x00BF      	MOVWF      FARG_Lcd_Cmd_out_char
0x0373	0x2037      	CALL       _Lcd_Cmd
;Proyecto Taladro.c,169 :: 		Lcd_cmd(_Lcd_clear);
0x0374	0x3001      	MOVLW      1
0x0375	0x00BF      	MOVWF      FARG_Lcd_Cmd_out_char
0x0376	0x2037      	CALL       _Lcd_Cmd
;Proyecto Taladro.c,171 :: 		ver(1,txt1);
0x0377	0x3001      	MOVLW      1
0x0378	0x00B1      	MOVWF      FARG_ver_F
0x0379	0x30A2      	MOVLW      _txt1
0x037A	0x00B2      	MOVWF      FARG_ver_txt
0x037B	0x3005      	MOVLW      hi_addr(_txt1)
0x037C	0x00B3      	MOVWF      FARG_ver_txt+1
0x037D	0x20FB      	CALL       _ver
;Proyecto Taladro.c,172 :: 		ver(2,txt2);
0x037E	0x3002      	MOVLW      2
0x037F	0x00B1      	MOVWF      FARG_ver_F
0x0380	0x3080      	MOVLW      _txt2
0x0381	0x00B2      	MOVWF      FARG_ver_txt
0x0382	0x3005      	MOVLW      hi_addr(_txt2)
0x0383	0x00B3      	MOVWF      FARG_ver_txt+1
0x0384	0x20FB      	CALL       _ver
;Proyecto Taladro.c,173 :: 		delay_ms(Delay);
0x0385	0x300B      	MOVLW      11
0x0386	0x00FB      	MOVWF      R11
0x0387	0x3026      	MOVLW      38
0x0388	0x00FC      	MOVWF      R12
0x0389	0x305D      	MOVLW      93
0x038A	0x00FD      	MOVWF      R13
L_main47:
0x038B	0x0BFD      	DECFSZ     R13, 1
0x038C	0x2B8B      	GOTO       L_main47
0x038D	0x0BFC      	DECFSZ     R12, 1
0x038E	0x2B8B      	GOTO       L_main47
0x038F	0x0BFB      	DECFSZ     R11, 1
0x0390	0x2B8B      	GOTO       L_main47
0x0391	0x0000      	NOP
0x0392	0x0000      	NOP
;Proyecto Taladro.c,174 :: 		lcd_cmd(_lcd_clear);
0x0393	0x3001      	MOVLW      1
0x0394	0x00BF      	MOVWF      FARG_Lcd_Cmd_out_char
0x0395	0x2037      	CALL       _Lcd_Cmd
;Proyecto Taladro.c,175 :: 		ver(1,txt3);
0x0396	0x3001      	MOVLW      1
0x0397	0x00B1      	MOVWF      FARG_ver_F
0x0398	0x305E      	MOVLW      _txt3
0x0399	0x00B2      	MOVWF      FARG_ver_txt
0x039A	0x3005      	MOVLW      hi_addr(_txt3)
0x039B	0x00B3      	MOVWF      FARG_ver_txt+1
0x039C	0x20FB      	CALL       _ver
;Proyecto Taladro.c,176 :: 		ver(2,txt4);
0x039D	0x3002      	MOVLW      2
0x039E	0x00B1      	MOVWF      FARG_ver_F
0x039F	0x306F      	MOVLW      _txt4
0x03A0	0x00B2      	MOVWF      FARG_ver_txt
0x03A1	0x3005      	MOVLW      hi_addr(_txt4)
0x03A2	0x00B3      	MOVWF      FARG_ver_txt+1
0x03A3	0x20FB      	CALL       _ver
;Proyecto Taladro.c,177 :: 		delay_ms(Delay);
0x03A4	0x300B      	MOVLW      11
0x03A5	0x00FB      	MOVWF      R11
0x03A6	0x3026      	MOVLW      38
0x03A7	0x00FC      	MOVWF      R12
0x03A8	0x305D      	MOVLW      93
0x03A9	0x00FD      	MOVWF      R13
L_main48:
0x03AA	0x0BFD      	DECFSZ     R13, 1
0x03AB	0x2BAA      	GOTO       L_main48
0x03AC	0x0BFC      	DECFSZ     R12, 1
0x03AD	0x2BAA      	GOTO       L_main48
0x03AE	0x0BFB      	DECFSZ     R11, 1
0x03AF	0x2BAA      	GOTO       L_main48
0x03B0	0x0000      	NOP
0x03B1	0x0000      	NOP
;Proyecto Taladro.c,178 :: 		lcd_cmd(_lcd_clear);
0x03B2	0x3001      	MOVLW      1
0x03B3	0x00BF      	MOVWF      FARG_Lcd_Cmd_out_char
0x03B4	0x2037      	CALL       _Lcd_Cmd
;Proyecto Taladro.c,179 :: 		ver(1,txt5);
0x03B5	0x3001      	MOVLW      1
0x03B6	0x00B1      	MOVWF      FARG_ver_F
0x03B7	0x30E6      	MOVLW      _txt5
0x03B8	0x00B2      	MOVWF      FARG_ver_txt
0x03B9	0x3005      	MOVLW      hi_addr(_txt5)
0x03BA	0x00B3      	MOVWF      FARG_ver_txt+1
0x03BB	0x20FB      	CALL       _ver
;Proyecto Taladro.c,180 :: 		ver(2,txt6);
0x03BC	0x3002      	MOVLW      2
0x03BD	0x00B1      	MOVWF      FARG_ver_F
0x03BE	0x30F7      	MOVLW      _txt6
0x03BF	0x00B2      	MOVWF      FARG_ver_txt
0x03C0	0x3005      	MOVLW      hi_addr(_txt6)
0x03C1	0x00B3      	MOVWF      FARG_ver_txt+1
0x03C2	0x20FB      	CALL       _ver
;Proyecto Taladro.c,181 :: 		delay_ms(Delay);
0x03C3	0x300B      	MOVLW      11
0x03C4	0x00FB      	MOVWF      R11
0x03C5	0x3026      	MOVLW      38
0x03C6	0x00FC      	MOVWF      R12
0x03C7	0x305D      	MOVLW      93
0x03C8	0x00FD      	MOVWF      R13
L_main49:
0x03C9	0x0BFD      	DECFSZ     R13, 1
0x03CA	0x2BC9      	GOTO       L_main49
0x03CB	0x0BFC      	DECFSZ     R12, 1
0x03CC	0x2BC9      	GOTO       L_main49
0x03CD	0x0BFB      	DECFSZ     R11, 1
0x03CE	0x2BC9      	GOTO       L_main49
0x03CF	0x0000      	NOP
0x03D0	0x0000      	NOP
;Proyecto Taladro.c,182 :: 		lcd_cmd(_lcd_clear);
0x03D1	0x3001      	MOVLW      1
0x03D2	0x00BF      	MOVWF      FARG_Lcd_Cmd_out_char
0x03D3	0x2037      	CALL       _Lcd_Cmd
;Proyecto Taladro.c,183 :: 		ver(1,txt7);
0x03D4	0x3001      	MOVLW      1
0x03D5	0x00B1      	MOVWF      FARG_ver_F
0x03D6	0x30D5      	MOVLW      _txt7
0x03D7	0x00B2      	MOVWF      FARG_ver_txt
0x03D8	0x3005      	MOVLW      hi_addr(_txt7)
0x03D9	0x00B3      	MOVWF      FARG_ver_txt+1
0x03DA	0x20FB      	CALL       _ver
;Proyecto Taladro.c,184 :: 		delay_ms(Delay);
0x03DB	0x300B      	MOVLW      11
0x03DC	0x00FB      	MOVWF      R11
0x03DD	0x3026      	MOVLW      38
0x03DE	0x00FC      	MOVWF      R12
0x03DF	0x305D      	MOVLW      93
0x03E0	0x00FD      	MOVWF      R13
L_main50:
0x03E1	0x0BFD      	DECFSZ     R13, 1
0x03E2	0x2BE1      	GOTO       L_main50
0x03E3	0x0BFC      	DECFSZ     R12, 1
0x03E4	0x2BE1      	GOTO       L_main50
0x03E5	0x0BFB      	DECFSZ     R11, 1
0x03E6	0x2BE1      	GOTO       L_main50
0x03E7	0x0000      	NOP
0x03E8	0x0000      	NOP
;Proyecto Taladro.c,185 :: 		lcd_cmd(_lcd_clear);
0x03E9	0x3001      	MOVLW      1
0x03EA	0x00BF      	MOVWF      FARG_Lcd_Cmd_out_char
0x03EB	0x2037      	CALL       _Lcd_Cmd
;Proyecto Taladro.c,186 :: 		ver(1,txt10);
0x03EC	0x3001      	MOVLW      1
0x03ED	0x00B1      	MOVWF      FARG_ver_F
0x03EE	0x30B3      	MOVLW      _txt10
0x03EF	0x00B2      	MOVWF      FARG_ver_txt
0x03F0	0x3005      	MOVLW      hi_addr(_txt10)
0x03F1	0x00B3      	MOVWF      FARG_ver_txt+1
0x03F2	0x20FB      	CALL       _ver
;Proyecto Taladro.c,187 :: 		ver(2,txt11);;
0x03F3	0x3002      	MOVLW      2
0x03F4	0x00B1      	MOVWF      FARG_ver_F
0x03F5	0x30C4      	MOVLW      _txt11
0x03F6	0x00B2      	MOVWF      FARG_ver_txt
0x03F7	0x3005      	MOVLW      hi_addr(_txt11)
0x03F8	0x00B3      	MOVWF      FARG_ver_txt+1
0x03F9	0x20FB      	CALL       _ver
;Proyecto Taladro.c,188 :: 		delay_ms(Delay);
0x03FA	0x300B      	MOVLW      11
0x03FB	0x00FB      	MOVWF      R11
0x03FC	0x3026      	MOVLW      38
0x03FD	0x00FC      	MOVWF      R12
0x03FE	0x305D      	MOVLW      93
0x03FF	0x00FD      	MOVWF      R13
L_main51:
0x0400	0x0BFD      	DECFSZ     R13, 1
0x0401	0x2C00      	GOTO       L_main51
0x0402	0x0BFC      	DECFSZ     R12, 1
0x0403	0x2C00      	GOTO       L_main51
0x0404	0x0BFB      	DECFSZ     R11, 1
0x0405	0x2C00      	GOTO       L_main51
0x0406	0x0000      	NOP
0x0407	0x0000      	NOP
;Proyecto Taladro.c,189 :: 		lcd_cmd(_lcd_clear);
0x0408	0x3001      	MOVLW      1
0x0409	0x00BF      	MOVWF      FARG_Lcd_Cmd_out_char
0x040A	0x2037      	CALL       _Lcd_Cmd
;Proyecto Taladro.c,190 :: 		ver(1,txt13);
0x040B	0x3001      	MOVLW      1
0x040C	0x00B1      	MOVWF      FARG_ver_F
0x040D	0x30E7      	MOVLW      _txt13
0x040E	0x00B2      	MOVWF      FARG_ver_txt
0x040F	0x3004      	MOVLW      hi_addr(_txt13)
0x0410	0x00B3      	MOVWF      FARG_ver_txt+1
0x0411	0x20FB      	CALL       _ver
;Proyecto Taladro.c,191 :: 		ver(2,txt14);
0x0412	0x3002      	MOVLW      2
0x0413	0x00B1      	MOVWF      FARG_ver_F
0x0414	0x30F8      	MOVLW      _txt14
0x0415	0x00B2      	MOVWF      FARG_ver_txt
0x0416	0x3004      	MOVLW      hi_addr(_txt14)
0x0417	0x00B3      	MOVWF      FARG_ver_txt+1
0x0418	0x20FB      	CALL       _ver
;Proyecto Taladro.c,192 :: 		delay_ms(Delay);
0x0419	0x300B      	MOVLW      11
0x041A	0x00FB      	MOVWF      R11
0x041B	0x3026      	MOVLW      38
0x041C	0x00FC      	MOVWF      R12
0x041D	0x305D      	MOVLW      93
0x041E	0x00FD      	MOVWF      R13
L_main52:
0x041F	0x0BFD      	DECFSZ     R13, 1
0x0420	0x2C1F      	GOTO       L_main52
0x0421	0x0BFC      	DECFSZ     R12, 1
0x0422	0x2C1F      	GOTO       L_main52
0x0423	0x0BFB      	DECFSZ     R11, 1
0x0424	0x2C1F      	GOTO       L_main52
0x0425	0x0000      	NOP
0x0426	0x0000      	NOP
;Proyecto Taladro.c,193 :: 		lcd_cmd(_lcd_clear);
0x0427	0x3001      	MOVLW      1
0x0428	0x00BF      	MOVWF      FARG_Lcd_Cmd_out_char
0x0429	0x2037      	CALL       _Lcd_Cmd
;Proyecto Taladro.c,194 :: 		ver(1,txt16);
0x042A	0x3001      	MOVLW      1
0x042B	0x00B1      	MOVWF      FARG_ver_F
0x042C	0x30D6      	MOVLW      _txt16
0x042D	0x00B2      	MOVWF      FARG_ver_txt
0x042E	0x3004      	MOVLW      hi_addr(_txt16)
0x042F	0x00B3      	MOVWF      FARG_ver_txt+1
0x0430	0x20FB      	CALL       _ver
;Proyecto Taladro.c,195 :: 		ver(2,txt17);
0x0431	0x3002      	MOVLW      2
0x0432	0x00B1      	MOVWF      FARG_ver_F
0x0433	0x30B4      	MOVLW      _txt17
0x0434	0x00B2      	MOVWF      FARG_ver_txt
0x0435	0x3004      	MOVLW      hi_addr(_txt17)
0x0436	0x00B3      	MOVWF      FARG_ver_txt+1
0x0437	0x20FB      	CALL       _ver
;Proyecto Taladro.c,196 :: 		delay_ms(Delay);
0x0438	0x300B      	MOVLW      11
0x0439	0x00FB      	MOVWF      R11
0x043A	0x3026      	MOVLW      38
0x043B	0x00FC      	MOVWF      R12
0x043C	0x305D      	MOVLW      93
0x043D	0x00FD      	MOVWF      R13
L_main53:
0x043E	0x0BFD      	DECFSZ     R13, 1
0x043F	0x2C3E      	GOTO       L_main53
0x0440	0x0BFC      	DECFSZ     R12, 1
0x0441	0x2C3E      	GOTO       L_main53
0x0442	0x0BFB      	DECFSZ     R11, 1
0x0443	0x2C3E      	GOTO       L_main53
0x0444	0x0000      	NOP
0x0445	0x0000      	NOP
;Proyecto Taladro.c,197 :: 		lcd_cmd(_lcd_clear);
0x0446	0x3001      	MOVLW      1
0x0447	0x00BF      	MOVWF      FARG_Lcd_Cmd_out_char
0x0448	0x2037      	CALL       _Lcd_Cmd
;Proyecto Taladro.c,198 :: 		ver(1,txt18);
0x0449	0x3001      	MOVLW      1
0x044A	0x00B1      	MOVWF      FARG_ver_F
0x044B	0x30C5      	MOVLW      _txt18
0x044C	0x00B2      	MOVWF      FARG_ver_txt
0x044D	0x3004      	MOVLW      hi_addr(_txt18)
0x044E	0x00B3      	MOVWF      FARG_ver_txt+1
0x044F	0x20FB      	CALL       _ver
;Proyecto Taladro.c,199 :: 		delay_ms(Delay);
0x0450	0x300B      	MOVLW      11
0x0451	0x00FB      	MOVWF      R11
0x0452	0x3026      	MOVLW      38
0x0453	0x00FC      	MOVWF      R12
0x0454	0x305D      	MOVLW      93
0x0455	0x00FD      	MOVWF      R13
L_main54:
0x0456	0x0BFD      	DECFSZ     R13, 1
0x0457	0x2C56      	GOTO       L_main54
0x0458	0x0BFC      	DECFSZ     R12, 1
0x0459	0x2C56      	GOTO       L_main54
0x045A	0x0BFB      	DECFSZ     R11, 1
0x045B	0x2C56      	GOTO       L_main54
0x045C	0x0000      	NOP
0x045D	0x0000      	NOP
;Proyecto Taladro.c,200 :: 		lcd_cmd(_lcd_clear);
0x045E	0x3001      	MOVLW      1
0x045F	0x00BF      	MOVWF      FARG_Lcd_Cmd_out_char
0x0460	0x2037      	CALL       _Lcd_Cmd
;Proyecto Taladro.c,201 :: 		ver(1,txt19);
0x0461	0x3001      	MOVLW      1
0x0462	0x00B1      	MOVWF      FARG_ver_F
0x0463	0x303C      	MOVLW      _txt19
0x0464	0x00B2      	MOVWF      FARG_ver_txt
0x0465	0x3005      	MOVLW      hi_addr(_txt19)
0x0466	0x00B3      	MOVWF      FARG_ver_txt+1
0x0467	0x20FB      	CALL       _ver
;Proyecto Taladro.c,202 :: 		ver(2,txt20);
0x0468	0x3002      	MOVLW      2
0x0469	0x00B1      	MOVWF      FARG_ver_F
0x046A	0x304D      	MOVLW      _txt20
0x046B	0x00B2      	MOVWF      FARG_ver_txt
0x046C	0x3005      	MOVLW      hi_addr(_txt20)
0x046D	0x00B3      	MOVWF      FARG_ver_txt+1
0x046E	0x20FB      	CALL       _ver
;Proyecto Taladro.c,203 :: 		delay_ms(Delay);
0x046F	0x300B      	MOVLW      11
0x0470	0x00FB      	MOVWF      R11
0x0471	0x3026      	MOVLW      38
0x0472	0x00FC      	MOVWF      R12
0x0473	0x305D      	MOVLW      93
0x0474	0x00FD      	MOVWF      R13
L_main55:
0x0475	0x0BFD      	DECFSZ     R13, 1
0x0476	0x2C75      	GOTO       L_main55
0x0477	0x0BFC      	DECFSZ     R12, 1
0x0478	0x2C75      	GOTO       L_main55
0x0479	0x0BFB      	DECFSZ     R11, 1
0x047A	0x2C75      	GOTO       L_main55
0x047B	0x0000      	NOP
0x047C	0x0000      	NOP
;Proyecto Taladro.c,204 :: 		lcd_cmd(_lcd_clear);
0x047D	0x3001      	MOVLW      1
0x047E	0x00BF      	MOVWF      FARG_Lcd_Cmd_out_char
0x047F	0x2037      	CALL       _Lcd_Cmd
;Proyecto Taladro.c,205 :: 		ver(1,txt22);
0x0480	0x3001      	MOVLW      1
0x0481	0x00B1      	MOVWF      FARG_ver_F
0x0482	0x302B      	MOVLW      _txt22
0x0483	0x00B2      	MOVWF      FARG_ver_txt
0x0484	0x3005      	MOVLW      hi_addr(_txt22)
0x0485	0x00B3      	MOVWF      FARG_ver_txt+1
0x0486	0x20FB      	CALL       _ver
;Proyecto Taladro.c,206 :: 		ver(2,txt21);
0x0487	0x3002      	MOVLW      2
0x0488	0x00B1      	MOVWF      FARG_ver_F
0x0489	0x3009      	MOVLW      _txt21
0x048A	0x00B2      	MOVWF      FARG_ver_txt
0x048B	0x3005      	MOVLW      hi_addr(_txt21)
0x048C	0x00B3      	MOVWF      FARG_ver_txt+1
0x048D	0x20FB      	CALL       _ver
;Proyecto Taladro.c,207 :: 		delay_ms(Delay);
0x048E	0x300B      	MOVLW      11
0x048F	0x00FB      	MOVWF      R11
0x0490	0x3026      	MOVLW      38
0x0491	0x00FC      	MOVWF      R12
0x0492	0x305D      	MOVLW      93
0x0493	0x00FD      	MOVWF      R13
L_main56:
0x0494	0x0BFD      	DECFSZ     R13, 1
0x0495	0x2C94      	GOTO       L_main56
0x0496	0x0BFC      	DECFSZ     R12, 1
0x0497	0x2C94      	GOTO       L_main56
0x0498	0x0BFB      	DECFSZ     R11, 1
0x0499	0x2C94      	GOTO       L_main56
0x049A	0x0000      	NOP
0x049B	0x0000      	NOP
;Proyecto Taladro.c,208 :: 		lcd_cmd(_lcd_clear);
0x049C	0x3001      	MOVLW      1
0x049D	0x00BF      	MOVWF      FARG_Lcd_Cmd_out_char
0x049E	0x2037      	CALL       _Lcd_Cmd
;Proyecto Taladro.c,209 :: 		while(1){
L_main57:
;Proyecto Taladro.c,210 :: 		ver(1,txt23);
0x049F	0x3001      	MOVLW      1
0x04A0	0x00B1      	MOVWF      FARG_ver_F
0x04A1	0x301A      	MOVLW      _txt23
0x04A2	0x00B2      	MOVWF      FARG_ver_txt
0x04A3	0x3005      	MOVLW      hi_addr(_txt23)
0x04A4	0x00B3      	MOVWF      FARG_ver_txt+1
0x04A5	0x20FB      	CALL       _ver
;Proyecto Taladro.c,211 :: 		lcd_out(2,5 ,"");
0x04A6	0x3002      	MOVLW      2
0x04A7	0x00B1      	MOVWF      FARG_Lcd_Out_row
0x04A8	0x3005      	MOVLW      5
0x04A9	0x00B2      	MOVWF      FARG_Lcd_Out_column
0x04AA	0x3020      	MOVLW      ?lstr1_Proyecto_32Taladro
0x04AB	0x00B3      	MOVWF      FARG_Lcd_Out_text
0x04AC	0x2183      	CALL       _Lcd_Out
;Proyecto Taladro.c,212 :: 		registro1();
0x04AD	0x22CB      	CALL       _registro1
;Proyecto Taladro.c,213 :: 		Lcd_cmd(_LCD_CLEAR);
0x04AE	0x3001      	MOVLW      1
0x04AF	0x00BF      	MOVWF      FARG_Lcd_Cmd_out_char
0x04B0	0x2037      	CALL       _Lcd_Cmd
;Proyecto Taladro.c,214 :: 		Potencia();
0x04B1	0x229F      	CALL       _Potencia
;Proyecto Taladro.c,215 :: 		}
0x04B2	0x2C9F      	GOTO       L_main57
;Proyecto Taladro.c,216 :: 		}
L_end_main:
0x04B3	0x2CB3      	GOTO       $+0
; end of _main
;Proyecto Taladro.c,21 :: _txt17
0x04B4	0x3420 ;_txt17+0
0x04B5	0x3420 ;_txt17+1
0x04B6	0x3420 ;_txt17+2
0x04B7	0x3420 ;_txt17+3
0x04B8	0x3420 ;_txt17+4
0x04B9	0x3420 ;_txt17+5
0x04BA	0x3428 ;_txt17+6
0x04BB	0x342A ;_txt17+7
0x04BC	0x3429 ;_txt17+8
0x04BD	0x3420 ;_txt17+9
0x04BE	0x3420 ;_txt17+10
0x04BF	0x3420 ;_txt17+11
0x04C0	0x3420 ;_txt17+12
0x04C1	0x3420 ;_txt17+13
0x04C2	0x3420 ;_txt17+14
0x04C3	0x3420 ;_txt17+15
0x04C4	0x3400 ;_txt17+16
; end of _txt17
;Proyecto Taladro.c,22 :: _txt18
0x04C5	0x3420 ;_txt18+0
0x04C6	0x3420 ;_txt18+1
0x04C7	0x3420 ;_txt18+2
0x04C8	0x3444 ;_txt18+3
0x04C9	0x3465 ;_txt18+4
0x04CA	0x3473 ;_txt18+5
0x04CB	0x3470 ;_txt18+6
0x04CC	0x3475 ;_txt18+7
0x04CD	0x3465 ;_txt18+8
0x04CE	0x3473 ;_txt18+9
0x04CF	0x342E ;_txt18+10
0x04D0	0x342E ;_txt18+11
0x04D1	0x342E ;_txt18+12
0x04D2	0x3420 ;_txt18+13
0x04D3	0x3420 ;_txt18+14
0x04D4	0x3420 ;_txt18+15
0x04D5	0x3400 ;_txt18+16
; end of _txt18
;Proyecto Taladro.c,20 :: _txt16
0x04D6	0x3459 ;_txt16+0
0x04D7	0x3420 ;_txt16+1
0x04D8	0x3450 ;_txt16+2
0x04D9	0x3472 ;_txt16+3
0x04DA	0x3465 ;_txt16+4
0x04DB	0x3473 ;_txt16+5
0x04DC	0x3469 ;_txt16+6
0x04DD	0x346F ;_txt16+7
0x04DE	0x346E ;_txt16+8
0x04DF	0x3465 ;_txt16+9
0x04E0	0x3420 ;_txt16+10
0x04E1	0x3445 ;_txt16+11
0x04E2	0x346E ;_txt16+12
0x04E3	0x3474 ;_txt16+13
0x04E4	0x3465 ;_txt16+14
0x04E5	0x3472 ;_txt16+15
0x04E6	0x3400 ;_txt16+16
; end of _txt16
;Proyecto Taladro.c,18 :: _txt13
0x04E7	0x3450 ;_txt13+0
0x04E8	0x3461 ;_txt13+1
0x04E9	0x3472 ;_txt13+2
0x04EA	0x3461 ;_txt13+3
0x04EB	0x3420 ;_txt13+4
0x04EC	0x346C ;_txt13+5
0x04ED	0x3461 ;_txt13+6
0x04EE	0x3420 ;_txt13+7
0x04EF	0x3470 ;_txt13+8
0x04F0	0x346F ;_txt13+9
0x04F1	0x3474 ;_txt13+10
0x04F2	0x3465 ;_txt13+11
0x04F3	0x346E ;_txt13+12
0x04F4	0x3463 ;_txt13+13
0x04F5	0x3469 ;_txt13+14
0x04F6	0x3461 ;_txt13+15
0x04F7	0x3400 ;_txt13+16
; end of _txt13
;Proyecto Taladro.c,19 :: _txt14
0x04F8	0x3420 ;_txt14+0
0x04F9	0x3420 ;_txt14+1
0x04FA	0x3420 ;_txt14+2
0x04FB	0x3444 ;_txt14+3
0x04FC	0x3465 ;_txt14+4
0x04FD	0x346C ;_txt14+5
0x04FE	0x3420 ;_txt14+6
0x04FF	0x3454 ;_txt14+7
0x0500	0x3461 ;_txt14+8
0x0501	0x346C ;_txt14+9
0x0502	0x3461 ;_txt14+10
0x0503	0x3464 ;_txt14+11
0x0504	0x3472 ;_txt14+12
0x0505	0x346F ;_txt14+13
0x0506	0x3420 ;_txt14+14
0x0507	0x3420 ;_txt14+15
0x0508	0x3400 ;_txt14+16
; end of _txt14
;Proyecto Taladro.c,26 :: _txt21
0x0509	0x344F ;_txt21+0
0x050A	0x3474 ;_txt21+1
0x050B	0x3472 ;_txt21+2
0x050C	0x346F ;_txt21+3
0x050D	0x3420 ;_txt21+4
0x050E	0x3420 ;_txt21+5
0x050F	0x3450 ;_txt21+6
0x0510	0x346F ;_txt21+7
0x0511	0x3472 ;_txt21+8
0x0512	0x3463 ;_txt21+9
0x0513	0x3465 ;_txt21+10
0x0514	0x346E ;_txt21+11
0x0515	0x3474 ;_txt21+12
0x0516	0x3461 ;_txt21+13
0x0517	0x346A ;_txt21+14
0x0518	0x3465 ;_txt21+15
0x0519	0x3400 ;_txt21+16
; end of _txt21
;Proyecto Taladro.c,27 :: _txt23
0x051A	0x3444 ;_txt23+0
0x051B	0x3469 ;_txt23+1
0x051C	0x3467 ;_txt23+2
0x051D	0x3469 ;_txt23+3
0x051E	0x3474 ;_txt23+4
0x051F	0x3465 ;_txt23+5
0x0520	0x3420 ;_txt23+6
0x0521	0x3425 ;_txt23+7
0x0522	0x3420 ;_txt23+8
0x0523	0x3444 ;_txt23+9
0x0524	0x3465 ;_txt23+10
0x0525	0x3473 ;_txt23+11
0x0526	0x3465 ;_txt23+12
0x0527	0x3461 ;_txt23+13
0x0528	0x3464 ;_txt23+14
0x0529	0x346F ;_txt23+15
0x052A	0x3400 ;_txt23+16
; end of _txt23
;Proyecto Taladro.c,25 :: _txt22
0x052B	0x3450 ;_txt22+0
0x052C	0x3461 ;_txt22+1
0x052D	0x3472 ;_txt22+2
0x052E	0x3461 ;_txt22+3
0x052F	0x3420 ;_txt22+4
0x0530	0x3453 ;_txt22+5
0x0531	0x3465 ;_txt22+6
0x0532	0x346C ;_txt22+7
0x0533	0x3465 ;_txt22+8
0x0534	0x3463 ;_txt22+9
0x0535	0x3463 ;_txt22+10
0x0536	0x3469 ;_txt22+11
0x0537	0x346F ;_txt22+12
0x0538	0x346E ;_txt22+13
0x0539	0x3461 ;_txt22+14
0x053A	0x3472 ;_txt22+15
0x053B	0x3400 ;_txt22+16
; end of _txt22
;Proyecto Taladro.c,23 :: _txt19
0x053C	0x344F ;_txt19+0
0x053D	0x3470 ;_txt19+1
0x053E	0x3472 ;_txt19+2
0x053F	0x3469 ;_txt19+3
0x0540	0x346D ;_txt19+4
0x0541	0x3461 ;_txt19+5
0x0542	0x3420 ;_txt19+6
0x0543	0x3443 ;_txt19+7
0x0544	0x3475 ;_txt19+8
0x0545	0x3461 ;_txt19+9
0x0546	0x346C ;_txt19+10
0x0547	0x3471 ;_txt19+11
0x0548	0x3475 ;_txt19+12
0x0549	0x3469 ;_txt19+13
0x054A	0x3465 ;_txt19+14
0x054B	0x3472 ;_txt19+15
0x054C	0x3400 ;_txt19+16
; end of _txt19
;Proyecto Taladro.c,24 :: _txt20
0x054D	0x3420 ;_txt20+0
0x054E	0x3420 ;_txt20+1
0x054F	0x3420 ;_txt20+2
0x0550	0x3420 ;_txt20+3
0x0551	0x3420 ;_txt20+4
0x0552	0x3420 ;_txt20+5
0x0553	0x3454 ;_txt20+6
0x0554	0x3465 ;_txt20+7
0x0555	0x3463 ;_txt20+8
0x0556	0x346C ;_txt20+9
0x0557	0x3461 ;_txt20+10
0x0558	0x3420 ;_txt20+11
0x0559	0x3420 ;_txt20+12
0x055A	0x3420 ;_txt20+13
0x055B	0x3420 ;_txt20+14
0x055C	0x3420 ;_txt20+15
0x055D	0x3400 ;_txt20+16
; end of _txt20
;Proyecto Taladro.c,11 :: _txt3
0x055E	0x3420 ;_txt3+0
0x055F	0x3443 ;_txt3+1
0x0560	0x3461 ;_txt3+2
0x0561	0x3472 ;_txt3+3
0x0562	0x346C ;_txt3+4
0x0563	0x346F ;_txt3+5
0x0564	0x3473 ;_txt3+6
0x0565	0x3420 ;_txt3+7
0x0566	0x3441 ;_txt3+8
0x0567	0x3467 ;_txt3+9
0x0568	0x3475 ;_txt3+10
0x0569	0x3469 ;_txt3+11
0x056A	0x346C ;_txt3+12
0x056B	0x3461 ;_txt3+13
0x056C	0x3472 ;_txt3+14
0x056D	0x3420 ;_txt3+15
0x056E	0x3400 ;_txt3+16
; end of _txt3
;Proyecto Taladro.c,12 :: _txt4
0x056F	0x3420 ;_txt4+0
0x0570	0x3420 ;_txt4+1
0x0571	0x3420 ;_txt4+2
0x0572	0x3432 ;_txt4+3
0x0573	0x3431 ;_txt4+4
0x0574	0x3435 ;_txt4+5
0x0575	0x3438 ;_txt4+6
0x0576	0x3436 ;_txt4+7
0x0577	0x3430 ;_txt4+8
0x0578	0x3430 ;_txt4+9
0x0579	0x3434 ;_txt4+10
0x057A	0x3439 ;_txt4+11
0x057B	0x3420 ;_txt4+12
0x057C	0x3420 ;_txt4+13
0x057D	0x3420 ;_txt4+14
0x057E	0x3420 ;_txt4+15
0x057F	0x3400 ;_txt4+16
; end of _txt4
;Proyecto Taladro.c,10 :: _txt2
0x0580	0x3449 ;_txt2+0
0x0581	0x346E ;_txt2+1
0x0582	0x3467 ;_txt2+2
0x0583	0x342E ;_txt2+3
0x0584	0x3420 ;_txt2+4
0x0585	0x344A ;_txt2+5
0x0586	0x346F ;_txt2+6
0x0587	0x3473 ;_txt2+7
0x0588	0x3465 ;_txt2+8
0x0589	0x3420 ;_txt2+9
0x058A	0x3452 ;_txt2+10
0x058B	0x3461 ;_txt2+11
0x058C	0x346D ;_txt2+12
0x058D	0x346F ;_txt2+13
0x058E	0x3473 ;_txt2+14
0x058F	0x3420 ;_txt2+15
0x0590	0x3400 ;_txt2+16
; end of _txt2
;Proyecto Taladro.c,28 :: _txt28
0x0591	0x3420 ;_txt28+0
0x0592	0x3420 ;_txt28+1
0x0593	0x3450 ;_txt28+2
0x0594	0x346F ;_txt28+3
0x0595	0x3474 ;_txt28+4
0x0596	0x3465 ;_txt28+5
0x0597	0x346E ;_txt28+6
0x0598	0x3463 ;_txt28+7
0x0599	0x3469 ;_txt28+8
0x059A	0x3461 ;_txt28+9
0x059B	0x3420 ;_txt28+10
0x059C	0x3444 ;_txt28+11
0x059D	0x3465 ;_txt28+12
0x059E	0x346C ;_txt28+13
0x059F	0x3420 ;_txt28+14
0x05A0	0x3420 ;_txt28+15
0x05A1	0x3400 ;_txt28+16
; end of _txt28
;Proyecto Taladro.c,9 :: _txt1
0x05A2	0x3420 ;_txt1+0
0x05A3	0x3420 ;_txt1+1
0x05A4	0x3420 ;_txt1+2
0x05A5	0x3420 ;_txt1+3
0x05A6	0x3453 ;_txt1+4
0x05A7	0x3453 ;_txt1+5
0x05A8	0x3450 ;_txt1+6
0x05A9	0x3450 ;_txt1+7
0x05AA	0x3453 ;_txt1+8
0x05AB	0x3445 ;_txt1+9
0x05AC	0x3420 ;_txt1+10
0x05AD	0x3420 ;_txt1+11
0x05AE	0x3420 ;_txt1+12
0x05AF	0x3420 ;_txt1+13
0x05B0	0x3420 ;_txt1+14
0x05B1	0x3420 ;_txt1+15
0x05B2	0x3400 ;_txt1+16
; end of _txt1
;Proyecto Taladro.c,16 :: _txt10
0x05B3	0x3420 ;_txt10+0
0x05B4	0x3420 ;_txt10+1
0x05B5	0x3420 ;_txt10+2
0x05B6	0x3453 ;_txt10+3
0x05B7	0x3465 ;_txt10+4
0x05B8	0x346C ;_txt10+5
0x05B9	0x3465 ;_txt10+6
0x05BA	0x3463 ;_txt10+7
0x05BB	0x3463 ;_txt10+8
0x05BC	0x3469 ;_txt10+9
0x05BD	0x346F ;_txt10+10
0x05BE	0x346E ;_txt10+11
0x05BF	0x3465 ;_txt10+12
0x05C0	0x3420 ;_txt10+13
0x05C1	0x3420 ;_txt10+14
0x05C2	0x3420 ;_txt10+15
0x05C3	0x3400 ;_txt10+16
; end of _txt10
;Proyecto Taladro.c,17 :: _txt11
0x05C4	0x3420 ;_txt11+0
0x05C5	0x3445 ;_txt11+1
0x05C6	0x346C ;_txt11+2
0x05C7	0x3420 ;_txt11+3
0x05C8	0x3450 ;_txt11+4
0x05C9	0x3472 ;_txt11+5
0x05CA	0x346F ;_txt11+6
0x05CB	0x3463 ;_txt11+7
0x05CC	0x3465 ;_txt11+8
0x05CD	0x346E ;_txt11+9
0x05CE	0x3474 ;_txt11+10
0x05CF	0x3461 ;_txt11+11
0x05D0	0x346A ;_txt11+12
0x05D1	0x3465 ;_txt11+13
0x05D2	0x3420 ;_txt11+14
0x05D3	0x3420 ;_txt11+15
0x05D4	0x3400 ;_txt11+16
; end of _txt11
;Proyecto Taladro.c,15 :: _txt7
0x05D5	0x3420 ;_txt7+0
0x05D6	0x3420 ;_txt7+1
0x05D7	0x3420 ;_txt7+2
0x05D8	0x3431 ;_txt7+3
0x05D9	0x3438 ;_txt7+4
0x05DA	0x342F ;_txt7+5
0x05DB	0x344E ;_txt7+6
0x05DC	0x346F ;_txt7+7
0x05DD	0x3476 ;_txt7+8
0x05DE	0x342F ;_txt7+9
0x05DF	0x3432 ;_txt7+10
0x05E0	0x3430 ;_txt7+11
0x05E1	0x3431 ;_txt7+12
0x05E2	0x3436 ;_txt7+13
0x05E3	0x3420 ;_txt7+14
0x05E4	0x3420 ;_txt7+15
0x05E5	0x3400 ;_txt7+16
; end of _txt7
;Proyecto Taladro.c,13 :: _txt5
0x05E6	0x3420 ;_txt5+0
0x05E7	0x3450 ;_txt5+1
0x05E8	0x3452 ;_txt5+2
0x05E9	0x344F ;_txt5+3
0x05EA	0x3459 ;_txt5+4
0x05EB	0x3445 ;_txt5+5
0x05EC	0x3443 ;_txt5+6
0x05ED	0x3454 ;_txt5+7
0x05EE	0x344F ;_txt5+8
0x05EF	0x3420 ;_txt5+9
0x05F0	0x3446 ;_txt5+10
0x05F1	0x3449 ;_txt5+11
0x05F2	0x344E ;_txt5+12
0x05F3	0x3441 ;_txt5+13
0x05F4	0x344C ;_txt5+14
0x05F5	0x3420 ;_txt5+15
0x05F6	0x3400 ;_txt5+16
; end of _txt5
;Proyecto Taladro.c,14 :: _txt6
0x05F7	0x3443 ;_txt6+0
0x05F8	0x346F ;_txt6+1
0x05F9	0x346E ;_txt6+2
0x05FA	0x3474 ;_txt6+3
0x05FB	0x3472 ;_txt6+4
0x05FC	0x346F ;_txt6+5
0x05FD	0x346C ;_txt6+6
0x05FE	0x3420 ;_txt6+7
0x05FF	0x3420 ;_txt6+8
0x0600	0x3454 ;_txt6+9
0x0601	0x3461 ;_txt6+10
0x0602	0x346C ;_txt6+11
0x0603	0x3461 ;_txt6+12
0x0604	0x3464 ;_txt6+13
0x0605	0x3472 ;_txt6+14
0x0606	0x346F ;_txt6+15
0x0607	0x3400 ;_txt6+16
; end of _txt6
Symbol List:
//** Routines locations **
//ADDRESS    SIZE    PROCEDURE
//----------------------------------------------
0x0003       [7]    _Delay_50us
0x000A       [3]    _Delay_1us
0x000D      [13]    _Delay_5500us
0x001A      [29]    _Div_16X16_U
0x0037      [64]    _Lcd_Cmd
0x0077       [8]    _Lcd_Chr_CP
0x007F      [53]    _Lcd_Chr
0x00B4       [7]    _____DoICP
0x00BB      [64]    _WordToStr
0x00FB      [30]    _ver
0x0119     [106]    _IntToStr
0x0183      [64]    _Lcd_Out
0x01C3      [27]    _mostrar
0x01DE     [150]    _teclado
0x0274      [43]    _Mul_16X16_U
0x029F      [44]    _Potencia
0x02CB      [49]    _registro1
0x02FC      [78]    _Lcd_Init
0x034A      [12]    ___CC2DW
0x0356     [350]    _main
//** Variables locations ** 
//ADDRESS    SIZE    VARIABLE
//----------------------------------------------
0x0000       [1]    INDF
0x0002       [1]    PCL
0x0003       [1]    STATUS
0x0004       [1]    FSR
0x0006       [0]    RB5_bit
0x0006       [0]    LCD_D5
0x0006       [0]    LCD_RS
0x0006       [0]    LCD_D4
0x0006       [0]    RB1_bit
0x0006       [0]    RB2_bit
0x0006       [0]    RB3_bit
0x0006       [0]    LCD_D7
0x0006       [0]    RB0_bit
0x0006       [0]    LCD_EN
0x0006       [0]    LCD_D6
0x0006       [0]    RB4_bit
0x0006       [1]    PORTB
0x0008       [1]    PORTD
0x0009       [1]    PORTE
0x000A       [1]    PCLATH
0x0020       [1]    ?lstr1_Proyecto_32Taladro
0x0021       [2]    ___DoICPAddr
0x0023       [1]    _buffer
0x0024       [7]    _cantidad
0x002B       [2]    _Digitos
0x002D       [1]    _i
0x002E       [1]    _t
0x002F       [1]    _n
0x0030       [0]    __Lib_Lcd_cmd_status
0x0031       [1]    FARG_ver_F
0x0031       [1]    FARG_Lcd_Out_row
0x0031       [2]    FARG_IntToStr_input
0x0032       [1]    FARG_Lcd_Out_column
0x0032       [2]    FARG_ver_txt
0x0033       [1]    FARG_IntToStr_output
0x0033       [1]    FARG_Lcd_Out_text
0x0034       [1]    Lcd_Out_i_L0
0x0034       [2]    IntToStr_i_L0
0x0036       [2]    IntToStr_negative_L0
0x0038       [2]    IntToStr_inword_L0
0x003A       [1]    FARG_Lcd_Chr_CP_out_char
0x003A       [1]    FARG_Lcd_Chr_row
0x003A       [2]    FARG_WordToStr_input
0x003B       [1]    FARG_Lcd_Chr_column
0x003C       [1]    FARG_Lcd_Chr_out_char
0x003C       [1]    FARG_WordToStr_output
0x003D       [1]    WordToStr_len_L0
0x003E       [1]    FLOC__WordToStr
0x003F       [1]    FARG_Lcd_Cmd_out_char
0x0070       [1]    R0
0x0071       [1]    R1
0x0072       [1]    R2
0x0073       [1]    R3
0x0074       [1]    R4
0x0075       [1]    R5
0x0076       [1]    R6
0x0077       [1]    R7
0x0078       [1]    R8
0x0079       [1]    R9
0x007A       [1]    R10
0x007B       [1]    R11
0x007C       [1]    R12
0x007D       [1]    R13
0x007E       [1]    R14
0x007F       [1]    R15
0x0086       [0]    TRISB1_bit
0x0086       [0]    TRISB0_bit
0x0086       [0]    TRISB2_bit
0x0086       [0]    TRISB3_bit
0x0086       [0]    LCD_D7_Direction
0x0086       [0]    LCD_D4_Direction
0x0086       [0]    LCD_EN_Direction
0x0086       [0]    LCD_RS_Direction
0x0086       [0]    LCD_D6_Direction
0x0086       [0]    LCD_D5_Direction
0x0086       [0]    TRISB4_bit
0x0086       [1]    TRISB
0x0086       [0]    TRISB5_bit
0x0088       [1]    TRISD
0x0089       [1]    TRISE
0x0107       [0]    C1ON_bit
0x0108       [0]    C2ON_bit
0x0188       [1]    ANSEL
0x0189       [1]    ANSELH
//** Constants locations ** 
//ADDRESS    SIZE    CONSTANT
//----------------------------------------------
0x04B4      [17]    _txt17
0x04C5      [17]    _txt18
0x04D6      [17]    _txt16
0x04E7      [17]    _txt13
0x04F8      [17]    _txt14
0x0509      [17]    _txt21
0x051A      [17]    _txt23
0x052B      [17]    _txt22
0x053C      [17]    _txt19
0x054D      [17]    _txt20
0x055E      [17]    _txt3
0x056F      [17]    _txt4
0x0580      [17]    _txt2
0x0591      [17]    _txt28
0x05A2      [17]    _txt1
0x05B3      [17]    _txt10
0x05C4      [17]    _txt11
0x05D5      [17]    _txt7
0x05E6      [17]    _txt5
0x05F7      [17]    _txt6
//** Label List: ** 
//----------------------------------------------
  L_ver0
  L_ver1
  L_ver2
  L_registro13
  L_registro14
  L_registro15
  L_registro16
  L_registro17
  L_registro18
  L_Potencia9
  L_Potencia10
  L_Potencia11
  L_Potencia12
  L_Potencia13
  L_Potencia14
  L_Potencia15
  L_Potencia16
  L_Potencia17
  L_Potencia18
  L_teclado19
  L_teclado20
  L_teclado21
  L_teclado22
  L_teclado23
  L_teclado24
  L_teclado25
  L_teclado26
  L_teclado27
  L_teclado28
  L_teclado29
  L_teclado30
  L_teclado31
  L_teclado32
  L_teclado33
  L_teclado34
  L_teclado35
  L_teclado36
  L_teclado37
  L_teclado38
  L_teclado39
  L_teclado40
  L_teclado41
  L_teclado42
  L_teclado43
  L_teclado44
  L_teclado45
  L_teclado46
  L_main47
  L_main48
  L_main49
  L_main50
  L_main51
  L_main52
  L_main53
  L_main54
  L_main55
  L_main56
  L_main57
  L_main58
  L__registro159
  L_end_ver
  _ver
  L_end_mostrar
  _mostrar
  L_end_registro1
  _registro1
  L_end_Potencia
  _Potencia
  L__Potencia64
  L_end_teclado
  _teclado
  L_end_main
  _main
  L_ByteToStr0
  L_ByteToStr1
  L_ByteToStr2
  L_ByteToStr3
  L_ByteToStr4
  L_ByteToStr5
  L_WordToStr6
  L_WordToStr7
  L_WordToStr8
  L_WordToStr9
  L_WordToStr10
  L_WordToStr11
  L_WordToStrWithZeros12
  L_WordToStrWithZeros13
  L_WordToStrWithZeros14
  L_WordToStrWithZeros15
  L_WordToStrWithZeros16
  L_ShortToStr17
  L_ShortToStr18
  L_ShortToStr19
  L_ShortToStr20
  L_ShortToStr21
  L_ShortToStr22
  L_IntToStr23
  L_IntToStr24
  L_IntToStr25
  L_IntToStr26
  L_IntToStr27
  L_IntToStr28
  L_IntToStrWithZeros29
  L_IntToStrWithZeros30
  L_IntToStrWithZeros31
  L_IntToStrWithZeros32
  L_IntToStrWithZeros33
  L_IntToStrWithZeros34
  L_IntToStrWithZeros35
  L_IntToStrWithZeros36
  L_IntToStrWithZeros37
  L_LongWordToStr38
  L_LongWordToStr39
  L_LongWordToStr40
  L_LongWordToStr41
  L_LongWordToStr42
  L_LongWordToStr43
  L_LongWordToStrWithZeros44
  L_LongWordToStrWithZeros45
  L_LongWordToStrWithZeros46
  L_LongWordToStrWithZeros47
  L_LongWordToStrWithZeros48
  L_LongToStr49
  L_LongToStr50
  L_LongToStr51
  L_LongToStr52
  L_LongToStr53
  L_LongToStr54
  L_LongIntToStrWithZeros55
  L_LongIntToStrWithZeros56
  L_LongIntToStrWithZeros57
  L_LongIntToStrWithZeros58
  L_LongIntToStrWithZeros59
  L_LongIntToStrWithZeros60
  L_LongIntToStrWithZeros61
  L_LongIntToStrWithZeros62
  L_LongIntToStrWithZeros63
  L_Dec2Bcd64
  L_Dec2Bcd65
  L_Rtrim66
  L_Rtrim67
  L_Rtrim68
  L_Rtrim69
  L_Ltrim70
  L_Ltrim71
  L_Ltrim72
  L_Ltrim73
  L_Ltrim74
  L_Ltrim75
  L_FloatToStr76
  L_FloatToStr77
  L_FloatToStr78
  L_FloatToStr79
  L_FloatToStr80
  L_FloatToStr81
  L_FloatToStr82
  L_FloatToStr83
  L_FloatToStr84
  L_FloatToStr85
  L_FloatToStr86
  L_FloatToStr87
  L_FloatToStr88
  L_FloatToStr89
  L_FloatToStr90
  L_FloatToStr91
  L_FloatToStr92
  L_FloatToStr93
  L_FloatToStr94
  L_FloatToStr95
  L_FloatToStr96
  L_FloatToStr97
  L__Rtrim98
  L__Ltrim99
  L__FloatToStr100
  L_end_ByteToHex
  _ByteToHex
  L_end_ShortToHex
  _ShortToHex
  L_end_WordToHex
  _WordToHex
  L_end_IntToHex
  _IntToHex
  L_end_LongWordToHex
  _LongWordToHex
  L_end_LongIntToHex
  _LongIntToHex
  L_end_ByteToStr
  _ByteToStr
  L_end_WordToStr
  _WordToStr
  L__WordToStr109
  L_end_WordToStrWithZeros
  _WordToStrWithZeros
  L__WordToStrWithZeros111
  L_end_ShortToStr
  _ShortToStr
  L__ShortToStr113
  L_end_IntToStr
  _IntToStr
  L__IntToStr115
  L__IntToStr116
  L_end_IntToStrWithZeros
  _IntToStrWithZeros
  L__IntToStrWithZeros118
  L__IntToStrWithZeros119
  L__IntToStrWithZeros120
  L_end_LongWordToStr
  _LongWordToStr
  L__LongWordToStr122
  L__LongWordToStr123
  L_end_LongWordToStrWithZeros
  _LongWordToStrWithZeros
  L__LongWordToStrWithZeros125
  L_end_LongToStr
  _LongToStr
  L__LongToStr127
  L__LongToStr128
  L_end_LongIntToStrWithZeros
  _LongIntToStrWithZeros
  L__LongIntToStrWithZeros130
  L__LongIntToStrWithZeros131
  L__LongIntToStrWithZeros132
  L_end_Dec2Bcd
  _Dec2Bcd
  L_end_Bcd2Dec
  _Bcd2Dec
  L_end_Bcd2Dec16
  _Bcd2Dec16
  L__Bcd2Dec16136
  L__Bcd2Dec16137
  L_end_Dec2Bcd16
  _Dec2Bcd16
  L__Dec2Bcd16139
  L__Dec2Bcd16140
  L_end_Rtrim
  _Rtrim
  L_end_Ltrim
  _Ltrim
  L_end_FloatToStr
  _FloatToStr
  L__FloatToStr144
  L__FloatToStr145
  L__FloatToStr146
  L__FloatToStr147
  L__FloatToStr148
  L_Delay_10us0
  L_Delay_22us1
  L_Delay_50us2
  L_Delay_80us3
  L_Delay_500us4
  L_Delay_5500us5
  L_Delay_1ms6
  L_Delay_5ms7
  L_Delay_8ms8
  L_Delay_10ms9
  L_Delay_100ms10
  L_Delay_1sec11
  L_boot16_Delay_5ms12
  L_Delay_Cyc13
  L_Delay_Cyc14
  L_VDelay_ms15
  L_VDelay_ms16
  L_VDelay_ms17
  L_VDelay_Advanced_ms18
  L_VDelay_Advanced_ms19
  L_VDelay_Advanced_ms20
  L_end_Get_Fosc_kHz
  _Get_Fosc_kHz
  L_end_Delay_1us
  _Delay_1us
  L_end_Delay_10us
  _Delay_10us
  L_end_Delay_22us
  _Delay_22us
  L_end_Delay_50us
  _Delay_50us
  L_end_Delay_80us
  _Delay_80us
  L_end_Delay_500us
  _Delay_500us
  L_end_Delay_5500us
  _Delay_5500us
  L_end_Delay_1ms
  _Delay_1ms
  L_end_Delay_5ms
  _Delay_5ms
  L_end_Delay_8ms
  _Delay_8ms
  L_end_Delay_10ms
  _Delay_10ms
  L_end_Delay_100ms
  _Delay_100ms
  L_end_Delay_1sec
  _Delay_1sec
  L_end_boot16_Delay_5ms
  _boot16_Delay_5ms
  L_end_Delay_Cyc
  _Delay_Cyc
  L_end_VDelay_ms
  _VDelay_ms
  L__VDelay_ms38
  L__VDelay_ms39
  L__VDelay_ms40
  L_end_VDelay_Advanced_ms
  _VDelay_Advanced_ms
  L__VDelay_Advanced_ms42
  L__VDelay_Advanced_ms43
  L__VDelay_Advanced_ms44
  L_Lcd_Cmd0
  L_Lcd_Cmd1
  L_Lcd_Out_CP2
  L_Lcd_Out_CP3
  L_Lcd_Chr4
  L_Lcd_Chr5
  L_Lcd_Chr6
  L_Lcd_Chr7
  L_Lcd_Chr8
  L_Lcd_Chr9
  L_Lcd_Chr10
  L_Lcd_Out11
  L_Lcd_Out12
  L_Lcd_Out13
  L_Lcd_Out14
  L_Lcd_Out15
  L_Lcd_Out16
  L_Lcd_Out17
  L_Lcd_Out18
  L_Lcd_Out19
  L_end_Lcd_Cmd
  _Lcd_Cmd
  L__Lcd_Cmd21
  L__Lcd_Cmd22
  L__Lcd_Cmd23
  L__Lcd_Cmd24
  L__Lcd_Cmd25
  L__Lcd_Cmd26
  L__Lcd_Cmd27
  L__Lcd_Cmd28
  L__Lcd_Cmd29
  L__Lcd_Cmd30
  L__Lcd_Cmd31
  L__Lcd_Cmd32
  L__Lcd_Cmd33
  L__Lcd_Cmd34
  L__Lcd_Cmd35
  L__Lcd_Cmd36
  L__Lcd_Cmd37
  L__Lcd_Cmd38
  L__Lcd_Cmd39
  L__Lcd_Cmd40
  L_end_Lcd_Chr_CP
  _Lcd_Chr_CP
  L_end_Lcd_Out_CP
  _Lcd_Out_CP
  L_end_Lcd_Chr
  _Lcd_Chr
  L_end_Lcd_Init
  _Lcd_Init
  L_end_Lcd_Out
  _Lcd_Out
  L_Div_16x16_S0
  L_Div_16x16_S1
  LOOPS3232A
  SADD22LA
  SOK22LA
  SADD22L8
  SOK22L8
  LOOPS3232B
  SADD22LB
  SOK22LB
  SADD22L16
  SOK22L16
  LOOPS3232C
  SADD22LC
  SOK22LC
  SADD22L24
  SOK22L24
  LOOPS3232D
  SADD22LD
  SOK22LD
  SOK22L
  L_Div_32x32_S6
  L_Div_32x32_S7
  L_Div_32x32_S8
  L_Div_32x32_S9
  FXD3232S
  END_ALL
  CA3232S
  C3232SX
  C3232SX1
  C3232S
  C3232S2
  C3232SX4
  C3232SOK
  C3232SX3
  C3232SX2
  avoid_comfrem
  LOOPU3232A
  UADD22LA
  UOK22LA
  UADD22L8
  UOK22L8
  LOOPU3232B
  UADD22LB
  UOK22LB
  UADD22L16
  UOK22L16
  LOOPU3232C
  UADD22LC
  UOK22LC
  UADD22L24
  UOK22L24
  LOOPU3232D
  UADD22LD
  UOK22LD
  UOK22L
  _NEXT
  _EXIT2
  _LOOP
  _EXIT1
  _IF_FIRST
  _IF_SECOND
  _INVERCE_FIRST
  _MULT
  _INBERSE_SECOND
  _EXIT
  L_end_Mul_8X8_U
  _Mul_8X8_U
  L_end_Mul_16X16_U
  _Mul_16X16_U
  L_end_Div_8X8_U
  _Div_8X8_U
  L_end_Div_16X16_U
  _Div_16X16_U
  L_end_Mul_8X8_S
  _Mul_8X8_S
  L_end_Mul_16X16_S
  _Mul_16X16_S
  L_end_Div_16x16_S_L
  _Div_16x16_S_L
  L_end_Div_16x16_S
  _Div_16x16_S
  L_end_Div_8X8_S
  _Div_8X8_S
  L_end_SDIV3232L
  _SDIV3232L
  L_end_COMFREM
  _COMFREM
  L_end_Div_32x32_S
  _Div_32x32_S
  L_end_Div_32x32_U
  _Div_32x32_U
  L_end_Mul_32x32_U
  _Mul_32x32_U
  L_end_Mul_32x32_S
  _Mul_32x32_S
  L_loopCA2AWs
  L_CA2AWend
  _CCA2AW_Loop1
  L_loopCS2Ss
  L_CS2Send
  _CCS2S_Loop1
  L_CCS2Send
  L_loopFZinSWs
  L_FZinSend
  _CC2D_Loop1
  L_end_____DoICP
  _____DoICP
  L_end_____DoIFC
  _____DoIFC
  L_end___CA2AW
  ___CA2AW
  L_end___CCA2AW
  ___CCA2AW
  L_end___CS2S
  ___CS2S
  L_end___CCS2S
  ___CCS2S
  L_end___FZinS
  ___FZinS
  L_end___CC2DW
  ___CC2DW
  L_end_Swap
  _Swap
